
Gurobi 9.1.0 (win64) logging started Fri Dec 18 18:50:24 2020

Changed value of parameter LogFile to log/S22D4.log
   Prev:   Default: 
Changed value of parameter TimeLimit to 720.0
   Prev: inf  Min: 0.0  Max: inf  Default: inf
Gurobi Optimizer version 9.1.0 build v9.1.0rc0 (win64)
Thread count: 6 physical cores, 12 logical processors, using up to 12 threads
Optimize a model with 10424 rows, 5751 columns and 52580 nonzeros
Model fingerprint: 0xe8425deb
Variable types: 21 continuous, 5730 integer (4850 binary)
Coefficient statistics:
  Matrix range     [1e+00, 1e+03]
  Objective range  [3e+00, 8e+01]
  Bounds range     [1e+00, 1e+00]
  RHS range        [1e+00, 2e+01]
Presolve removed 5082 rows and 290 columns
Presolve time: 0.03s
Presolved: 5342 rows, 5461 columns, 41730 nonzeros
Variable types: 21 continuous, 5440 integer (4660 binary)

Root relaxation: objective 2.105592e+02, 1275 iterations, 0.03 seconds

    Nodes    |    Current Node    |     Objective Bounds      |     Work
 Expl Unexpl |  Obj  Depth IntInf | Incumbent    BestBd   Gap | It/Node Time

     0     0  210.55923    0  201          -  210.55923      -     -    0s
     0     0  210.55923    0  230          -  210.55923      -     -    0s
     0     0  214.95090    0  237          -  214.95090      -     -    0s
     0     0  225.74152    0  187          -  225.74152      -     -    0s
     0     0  226.79727    0  214          -  226.79727      -     -    0s
     0     0  226.79727    0  220          -  226.79727      -     -    0s
     0     0  227.01014    0  251          -  227.01014      -     -    0s
     0     0  227.04563    0  229          -  227.04563      -     -    0s
     0     0  227.04563    0  224          -  227.04563      -     -    0s
     0     0  227.74913    0  269          -  227.74913      -     -    1s
     0     0  247.44366    0  194          -  247.44366      -     -    1s
     0     0  247.44366    0  217          -  247.44366      -     -    1s
     0     0  248.28096    0  230          -  248.28096      -     -    1s
     0     0  249.38477    0  241          -  249.38477      -     -    1s
     0     0  249.45529    0  234          -  249.45529      -     -    1s
     0     0  249.45529    0  205          -  249.45529      -     -    1s
     0     0  251.45366    0  284          -  251.45366      -     -    1s
     0     0  251.56701    0  271          -  251.56701      -     -    1s
     0     0  251.59688    0  277          -  251.59688      -     -    1s
     0     0  251.61470    0  269          -  251.61470      -     -    1s
     0     0  251.61470    0  291          -  251.61470      -     -    1s
     0     0  253.19606    0  259          -  253.19606      -     -    1s
     0     0  253.19606    0  255          -  253.19606      -     -    1s
     0     0  253.46514    0  284          -  253.46514      -     -    1s
     0     0  253.46514    0  263          -  253.46514      -     -    1s
     0     0  256.86512    0  242          -  256.86512      -     -    1s
     0     0  256.86512    0  229          -  256.86512      -     -    1s
     0     0  256.86512    0  252          -  256.86512      -     -    1s
     0     0  256.86512    0  250          -  256.86512      -     -    1s
     0     0  256.86512    0  230          -  256.86512      -     -    1s
     0     0  256.86512    0  224          -  256.86512      -     -    1s
     0     2  256.86512    0  197          -  256.86512      -     -    2s
   393   355  395.18346   57  402          -  258.70183      -   148    5s
  2906  2856  874.50706  379  211          -  258.70183      -  79.6   10s
H 2988  2856                    1208.7177148  258.70183  78.6%  78.5   10s
H 3112  2877                    1126.6447506  258.70183  77.0%  77.4   11s
H 3117  2877                    1060.8025047  258.70183  75.6%  77.4   11s
H 3150  2914                    1055.4683643  258.70183  75.5%  76.7   12s
H 3151  2914                    1023.6808505  258.70183  74.7%  76.7   12s
H 3164  2913                    1004.1531650  258.70183  74.2%  76.5   12s
H 3203  2972                     933.8744056  258.70183  72.3%  75.6   12s
H 3337  2951                     848.0183762  261.03514  69.2%  75.1   14s
H 3388  2980                     832.7189538  261.03514  68.7%  74.6   14s
H 3404  2815                     781.1195278  261.03514  66.6%  75.0   14s
  3522  2889  337.35389   36  538  781.11953  261.03514  66.6%  76.1   15s
H 3638  2953                     765.1369745  261.03514  65.9%  77.9   17s
H 3639  2925                     740.6792904  261.03514  64.8%  78.0   17s
H 3758  2876                     712.0032031  261.03514  63.3%  79.5   18s
H 3768  2739                     707.3198715  261.03514  63.1%  79.3   19s
  3770  2740  459.35912  166  193  707.31987  261.03514  63.1%  79.3   20s
H 3776  2606                     691.4680095  265.01575  61.7%  79.1   21s
H 3787  2483                     685.1052200  267.97746  60.9%  78.9   24s
  3789  2487  267.97746   16  366  685.10522  267.97746  60.9%  84.3   25s
  3825  2513  277.20952   21  401  685.10522  272.94720  60.2%  87.8   30s
H 3855  2404                     680.3674295  277.59397  59.2%  89.1   30s
H 3856  2286                     679.7942487  277.59397  59.2%  89.0   30s
H 3888  2193                     676.9604684  277.59397  59.0%  90.1   31s
H 3889  2086                     675.5516892  277.59397  58.9%  90.2   31s
H 3926  2004                     655.3499534  277.59397  57.6%  91.6   32s
  4025  2081  296.91608   32  371  655.34995  277.59397  57.6%  94.3   35s
  4967  2593  338.81283   65  320  655.34995  277.59397  57.6%  99.2   40s
  5773  3071  353.30419  103  399  655.34995  277.59397  57.6%   100   45s
  6828  3617  426.42199  111  189  655.34995  277.59397  57.6%  97.9   50s
  8317  4329  292.73859   31  382  655.34995  277.59397  57.6%  93.6   56s
H 8337  4224                     654.3877343  277.59397  57.6%  93.6   56s
H 8338  4118                     647.3813455  277.59397  57.1%  93.7   56s
  9025  4593  347.37670   53  434  647.38135  277.59397  57.1%  93.2   60s
 10315  5802  305.23657   32  412  647.38135  284.96344  56.0%  91.0   65s
 11281  6694  410.70100  128  518  647.38135  284.96344  56.0%  92.6   70s
 12284  7611  538.37130  279  350  647.38135  284.96344  56.0%  94.9   76s
H12308  7605                     646.4191263  284.96344  55.9%  95.0   76s
H12434  7600                     645.9484124  284.96344  55.9%  94.7   76s
 13391  8659  487.12919  198  257  645.94841  286.66360  55.6%  96.2   81s
 13964  9534  552.16740  269  207  645.94841  286.67552  55.6%  96.4   86s
H14757  9798                     645.9347702  286.67552  55.6%  94.6   88s
H14850  9645                     633.7101931  286.67552  54.8%  94.4   88s
 15055 10166  506.78155   81  240  633.71019  287.05754  54.7%  93.8   90s
 16196 11355  386.98343  160  252  633.71019  287.31530  54.7%  93.2   95s
 18188 12981  553.36533  226  360  633.71019  287.31530  54.7%  92.5  101s
 19004 13609  309.57142   33  360  633.71019  287.78136  54.6%  93.1  106s
 20122 14630  548.27720  103  339  633.71019  287.89389  54.6%  94.3  110s
 21405 15976  583.30935  183  229  633.71019  288.82597  54.4%  94.9  115s
 23624 17914  624.43652  203  195  633.71019  289.50063  54.3%  94.6  121s
 24859 19046  522.55549  164  302  633.71019  289.51420  54.3%  95.0  125s
 25599 19047  440.73898   73  224  633.71019  289.51420  54.3%  94.6  153s
H25600 18095                     633.6965509  289.51420  54.3%  94.6  153s
 25606 18099  490.08324  230  598  633.69655  289.51420  54.3%  94.6  155s
 25615 18105  315.51937   37  620  633.69655  289.51420  54.3%  94.5  160s
H25620 17202                     613.2683983  289.51420  52.8%  94.5  163s
H25622 16343                     605.3622764  289.51420  52.2%  94.5  165s
H25630 15531                     604.4000573  289.51420  52.1%  94.5  168s
 25633 15533  604.40006  242  540  604.40006  289.51420  52.1%  94.5  171s
H25638 14758                     603.8280697  289.51420  52.1%  94.4  174s
 25640 14759  597.76208  292  622  603.82807  289.51420  52.1%  94.4  175s
H25641 14022                     600.0579065  289.51420  51.8%  94.4  176s
 25648 14027  597.14535  172  881  600.05791  289.51420  51.8%  94.4  180s
H25654 13328                     600.0579054  289.51420  51.8%  94.4  184s
 25656 13329  311.79955   44  966  600.05791  289.51420  51.8%  94.4  185s
 25661 13332  561.23867  160 1053  600.05791  289.51420  51.8%  94.4  190s
H25661 12664                     600.0579050  289.51420  51.8%  94.4  191s
 25667 12668  484.38126  103 1004  600.05791  289.51420  51.8%  94.3  195s
 25673 12672  339.91987   44 1091  600.05791  289.51420  51.8%  94.3  200s
H25673 12038                     599.0956873  289.51420  51.7%  94.3  201s
 25679 12042  561.98868  215 1093  599.09569  289.51420  51.7%  94.3  205s
 25685 12046  522.69619   77  984  599.09569  289.51420  51.7%  94.3  210s
 25689 12049  318.79980   74 1049  599.09569  289.51420  51.7%  94.3  215s
 25695 12053  371.31575   40 1033  599.09569  289.51420  51.7%  94.2  221s
 25699 12056  440.73898   73 1025  599.09569  289.51420  51.7%  94.2  226s
 25701 12057  476.90083  122 1025  599.09569  289.51420  51.7%  94.2  232s
 25702 12061  289.51420   31 1049  599.09569  289.51420  51.7%  96.6  238s
 25704 12063  289.51420   32  964  599.09569  289.51420  51.7%  96.8  245s
 25708 12067  289.51420   33 1006  599.09569  289.51420  51.7%  97.2  252s
 25714 12070  289.51420   34 1010  599.09569  289.51420  51.7%  97.6  256s
 25726 12077  289.51420   35  993  599.09569  289.51420  51.7%  99.3  261s
 25739 12086  289.51420   36 1075  599.09569  289.51420  51.7%   101  266s
 25764 12101  289.51420   38 1009  599.09569  289.51420  51.7%   104  270s
 25792 12124  298.51778   40  844  599.09569  289.51420  51.7%   107  277s
H25813 11522                     598.7546260  289.51420  51.6%   108  279s
 25815 11534  291.28260   42  896  598.75463  289.51420  51.6%   108  281s
 25843 11551  295.88150   44  865  598.75463  289.51420  51.6%   110  285s
H25845 10976                     598.7546255  289.51420  51.6%   110  285s
 25891 11006  312.95418   47  869  598.75463  289.51420  51.6%   113  291s
 25936 11041  302.12374   50  875  598.75463  289.51420  51.6%   117  296s
 25980 11074  303.90559   52  911  598.75463  289.51420  51.6%   118  300s
 26059 11120  311.27855   55  732  598.75463  289.51420  51.6%   122  306s
 26092 11149  319.48270   58  739  598.75463  289.51420  51.6%   124  311s
 26148 11185  358.96370   63  747  598.75463  289.51420  51.6%   126  315s
 26216 11222  338.93374   68  722  598.75463  289.51420  51.6%   129  320s
 26290 11263  350.46472   74  943  598.75463  289.51420  51.6%   132  325s
 26394 11347  361.14114   77  794  598.75463  289.51420  51.6%   135  330s
 26524 11436  364.99078   81  886  598.75463  289.51420  51.6%   138  335s
 26724 11532  368.78146   88  791  598.75463  289.51420  51.6%   141  342s
 26823 11557  389.05985   92  670  598.75463  289.51420  51.6%   142  345s
 27006 11590  417.41608   99  699  598.75463  289.51420  51.6%   146  352s
 27075 11626  383.10859  103  738  598.75463  289.51420  51.6%   147  355s
 27202 11692  390.24205  109  755  598.75463  289.51420  51.6%   151  362s
 27283 11699  396.47424  112  678  598.75463  289.51420  51.6%   153  367s
 27329 11738  399.28938  116  712  598.75463  289.51420  51.6%   155  371s
 27384 11778  403.80092  121  631  598.75463  289.51420  51.6%   158  375s
 27511 11875  417.18678  134  543  598.75463  289.51420  51.6%   163  383s
 27599 11964  427.89513  141  543  598.75463  289.51420  51.6%   165  386s
 27724 12020  433.83052  148  476  598.75463  289.51420  51.6%   168  391s
 27833 12104  474.83049  153  624  598.75463  289.51420  51.6%   170  395s
 27959 12158  469.08413  161  578  598.75463  289.51420  51.6%   173  401s
 28108 12207  478.70573  173  540  598.75463  289.51420  51.6%   176  406s
 28223 12275  505.61329  194  458  598.75463  289.51420  51.6%   178  411s
 28343 12271  529.39052  215  544  598.75463  289.51420  51.6%   181  417s
 28418 12365  312.93976   40  621  598.75463  289.51420  51.6%   183  422s
 28541 12459  361.31428   67  519  598.75463  289.51420  51.6%   186  428s
 28680 12591  451.07097   99  707  598.75463  289.51420  51.6%   188  433s
 28876 12710  569.71657  147  818  598.75463  289.51420  51.6%   191  440s
 29097 12770  294.97526   37  730  598.75463  289.51420  51.6%   194  447s
 29251 12806  313.92877   50  602  598.75463  289.51420  51.6%   197  453s
 29381 12845  327.09649   60  862  598.75463  289.51420  51.6%   200  460s
 29467 12915  407.81864   80  821  598.75463  289.51420  51.6%   204  467s
 29567 12968  437.65652  102  829  598.75463  289.51420  51.6%   208  474s
 29661 13053  452.01840  118  869  598.75463  289.51420  51.6%   212  481s
 29784 13119  566.45195  148  622  598.75463  289.51420  51.6%   216  488s
 29909 13220  328.55934   38  692  598.75463  289.51420  51.6%   220  496s
 30056 13325  417.40894   63  536  598.75463  289.60891  51.6%   225  505s
 30232 13473  311.58552   39  880  598.75463  289.60891  51.6%   229  513s
 30481 13551  401.50912   52  463  598.75463  289.60891  51.6%   233  522s
 30696 13669  584.37614   84  473  598.75463  289.62727  51.6%   238  531s
 30954 13752  303.34073   42  959  598.75463  289.62727  51.6%   242  540s
 31172 13891  340.59065   59  781  598.75463  289.62727  51.6%   246  550s
 31397 14062  377.40655   96  766  598.75463  289.62727  51.6%   251  560s
 31701 14178  584.66074  153  619  598.75463  289.80990  51.6%   256  570s
 31957 14397  339.09065   64  717  598.75463  289.80990  51.6%   261  581s
 32310 14551  366.19659  111  614  598.75463  289.80990  51.6%   265  592s
 32646 14761  382.80303  139  620  598.75463  289.80990  51.6%   271  604s
 33074 14872  456.98194  222  472  598.75463  291.41464  51.3%   275  615s
 33532 15066  331.00699   52  669  598.75463  291.71776  51.3%   279  628s
 33929 15190  389.67387  121  639  598.75463  292.39256  51.2%   284  641s
 34230 15344  339.39938   56  826  598.75463  292.39256  51.2%   290  654s
 34552 15718  363.89670   84  829  598.75463  292.39256  51.2%   295  667s
 35095 15930  384.91183  115  720  598.75463  292.39256  51.2%   299  682s
 35532 16178  541.85297  220  539  598.75463  292.71935  51.1%   304  697s
 35969 16503  481.27465   84  571  598.75463  293.12652  51.0%   310  714s
 36553 16376  325.87558   46  901  598.75463  293.12652  51.0%   315  720s

Cutting planes:
  Gomory: 138
  Cover: 1
  MIR: 38
  Flow cover: 213
  Zero half: 146
  Mod-K: 2
  RLT: 185

Explored 36622 nodes (11563125 simplex iterations) in 720.03 seconds
Thread count was 12 (of 12 available processors)

Solution count 10: 598.755 598.755 599.096 ... 633.697

Time limit reached
Best objective 5.987546260181e+02, best bound 2.931265156757e+02, gap 51.0440%

Gurobi 9.1.0 (win64) logging started Fri Dec 18 23:55:09 2020

Changed value of parameter LogFile to log/S22D4.log
   Prev:   Default: 
Changed value of parameter TimeLimit to 720.0
   Prev: inf  Min: 0.0  Max: inf  Default: inf
Gurobi Optimizer version 9.1.0 build v9.1.0rc0 (win64)
Thread count: 6 physical cores, 12 logical processors, using up to 12 threads
Optimize a model with 6288 rows, 3459 columns and 30624 nonzeros
Model fingerprint: 0x6c746ab0
Variable types: 21 continuous, 3438 integer (2910 binary)
Coefficient statistics:
  Matrix range     [1e+00, 1e+03]
  Objective range  [3e+00, 8e+01]
  Bounds range     [1e+00, 1e+00]
  RHS range        [1e+00, 2e+01]
Presolve removed 3099 rows and 216 columns
Presolve time: 0.02s
Presolved: 3189 rows, 3243 columns, 24030 nonzeros
Variable types: 21 continuous, 3222 integer (2820 binary)

Root relaxation: objective 2.105592e+02, 668 iterations, 0.01 seconds

    Nodes    |    Current Node    |     Objective Bounds      |     Work
 Expl Unexpl |  Obj  Depth IntInf | Incumbent    BestBd   Gap | It/Node Time

     0     0  210.55923    0  126          -  210.55923      -     -    0s
     0     0  210.55923    0  143          -  210.55923      -     -    0s
     0     0  210.55923    0  118          -  210.55923      -     -    0s
     0     0  223.73425    0  128          -  223.73425      -     -    0s
     0     0  237.97055    0  173          -  237.97055      -     -    0s
     0     0  237.97055    0  178          -  237.97055      -     -    0s
     0     0  259.95779    0  195          -  259.95779      -     -    0s
     0     0  260.35914    0  254          -  260.35914      -     -    0s
     0     0  260.35914    0  257          -  260.35914      -     -    0s
     0     0  261.71552    0  232          -  261.71552      -     -    0s
     0     0  261.71552    0  232          -  261.71552      -     -    0s
     0     0  262.81700    0  236          -  262.81700      -     -    0s
     0     0  263.08854    0  236          -  263.08854      -     -    0s
     0     0  263.08854    0  254          -  263.08854      -     -    0s
     0     0  264.77141    0  219          -  264.77141      -     -    0s
     0     0  264.77141    0  219          -  264.77141      -     -    0s
     0     0  264.77197    0  241          -  264.77197      -     -    0s
     0     0  265.00654    0  267          -  265.00654      -     -    0s
     0     0  265.16650    0  153          -  265.16650      -     -    0s
     0     0  265.16650    0  253          -  265.16650      -     -    0s
     0     0  265.18566    0  246          -  265.18566      -     -    0s
     0     0  265.18566    0  221          -  265.18566      -     -    0s
     0     0  266.08036    0  282          -  266.08036      -     -    0s
     0     0  266.32889    0  151          -  266.32889      -     -    0s
     0     0  266.40097    0  200          -  266.40097      -     -    0s
     0     0  266.40097    0  261          -  266.40097      -     -    0s
     0     0  266.40097    0  276          -  266.40097      -     -    0s
     0     0  266.40097    0  276          -  266.40097      -     -    0s
     0     0  266.40097    0  218          -  266.40097      -     -    1s
     0     0  266.40097    0  255          -  266.40097      -     -    1s
     0     0  266.40097    0  203          -  266.40097      -     -    1s
H    0     0                    1662.7152854  266.40097  84.0%     -    1s
     0     0  266.40097    0  193 1662.71529  266.40097  84.0%     -    1s
H    0     0                    1271.3823207  266.96242  79.0%     -    1s
     0     2  266.96242    0  156 1271.38232  266.96242  79.0%     -    1s
H   31    38                     861.8314003  267.81315  68.9%   108    1s
H   62    71                     857.1552585  267.81315  68.8%   104    1s
H   69    71                     831.1162665  267.81315  67.8%   101    1s
H  101   108                     814.4701341  267.81315  67.1%   101    2s
H  103   108                     774.6721514  267.81315  65.4%   101    2s
H  249   252                     758.0841808  267.81315  64.7%  75.7    2s
H  250   252                     729.4930218  267.81315  63.3%  75.4    2s
H  356   346                     725.1496252  267.81315  63.1%  69.8    2s
H  357   346                     708.2298684  267.81315  62.2%  69.7    2s
H  358   346                     671.4988410  267.81315  60.1%  69.9    2s
H  359   346                     666.2142841  267.81315  59.8%  70.0    2s
H  923   868                     623.5742266  267.81315  57.1%  46.2    3s
H  938   823                     562.6470507  267.81315  52.4%  46.0    3s
H 1050   931                     518.7960799  267.81315  48.4%  45.2    3s
H 1103   902                     514.4586831  267.81315  47.9%  44.8    3s
H 1105   774                     446.4583580  267.81315  40.0%  44.8    3s
H 1262   849                     439.0420342  268.24988  38.9%  45.1    3s
  1282   862  347.73445   37  242  439.04203  270.65908  38.4%  44.4    5s
H 1282   818                     438.6533469  270.65908  38.3%  44.4    5s
H 1282   777                     436.7112001  271.96088  37.7%  44.4    5s
H 1330   774                     433.5914112  275.44490  36.5%  51.7    8s
H 1369   754                     423.3038398  275.44490  34.9%  53.3    8s
H 1444   767                     415.6680843  275.44490  33.7%  56.6    9s
  1818   998  361.16697   49  120  415.66808  275.44490  33.7%  63.5   10s
H 2152   973                     402.7660695  275.55158  31.6%  64.8   11s
  3773  1797  335.65625   27  146  402.76607  277.45326  31.1%  73.7   15s
  5999  3403  341.80768   41  165  402.76607  279.26673  30.7%  77.5   20s
  8594  5301  282.55758   30  158  402.76607  280.47338  30.4%  80.9   25s
 11446  7292  349.44867   43  117  402.76607  281.32921  30.2%  82.8   30s
H13018  8003                     393.8678872  282.19683  28.4%  83.1   33s
 14423  8844  353.77987   41  180  393.86789  282.66872  28.2%  83.5   35s
 16878 10532  359.63329   62  242  393.86789  284.05199  27.9%  87.0   41s
H16960  9591                     383.7709887  284.05199  26.0%  87.1   41s
 19514 11276  369.97587   41  257  383.77099  284.95712  25.7%  86.9   45s
 21229 12332  319.49847   32  146  383.77099  285.55737  25.6%  87.5   50s
H22693 12817                     381.0344237  286.05316  24.9%  88.2   54s
 23058 13179  317.12749   37  174  381.03442  286.05316  24.9%  88.2   56s
 25651 14462  327.56209   40  193  381.03442  287.42772  24.6%  88.5   68s
H25664 13747                     378.4647998  287.42772  24.1%  88.5   68s
 25669 13750  310.27426   36  213  378.46480  287.42772  24.1%  88.5   70s
 25684 13767  287.42772   33  201  378.46480  287.42772  24.1%  88.7   75s
 25753 13812  287.42772   39  288  378.46480  287.42772  24.1%  88.9   80s
 26317 14034  287.42772   60  243  378.46480  287.42772  24.1%  89.3   85s
 27979 14712  362.63084   60  180  378.46480  287.42772  24.1%  89.7   90s
 29639 15460  292.61839   49  167  378.46480  287.42772  24.1%  90.8   95s
 31313 16105  346.26705  169  173  378.46480  287.42772  24.1%  91.8  100s
 33241 16839  349.01677   79  140  378.46480  287.42772  24.1%  92.4  105s
 35215 17537  342.37487   60  151  378.46480  287.42772  24.1%  92.7  110s
 37116 18064  342.57498   51  191  378.46480  287.42772  24.1%  93.1  115s
 38889 18446  357.06585   69  228  378.46480  287.42772  24.1%  93.4  120s
 40258 19052  324.14257   59  209  378.46480  287.42772  24.1%  94.3  125s
 42390 19819  337.97977   58  200  378.46480  287.42772  24.1%  94.2  130s
 45271 20571  350.39155   50  251  378.46480  288.00655  23.9%  93.9  136s
 46904 21098  315.71624   49  215  378.46480  288.61195  23.7%  94.5  140s
 48560 21539  343.21268   64  152  378.46480  289.21854  23.6%  95.0  145s
 50245 22066  373.46789   61  223  378.46480  289.70877  23.5%  95.3  150s
 52771 22743  365.33015  117  219  378.46480  290.57549  23.2%  95.5  155s
 54460 23264  301.63567   45  161  378.46480  290.98073  23.1%  95.6  160s
 56692 23611  350.76716   77  188  378.46480  291.78350  22.9%  96.1  165s
 58204 24117  345.84477   46  216  378.46480  292.19065  22.8%  96.6  170s
 59933 24469  357.15421   63  216  378.46480  292.81405  22.6%  97.1  175s
 62270 25243  358.75557   53  210  378.46480  293.44225  22.5%  97.4  181s
 64113 25677  338.59191   59  109  378.46480  293.85700  22.4%  97.8  185s
 66658 26324  304.02086   65  193  378.46480  294.50956  22.2%  98.0  191s
 68201 27051  317.08411   71  235  378.46480  294.74568  22.1%  98.1  196s
 70064 28110  355.02426   75  302  378.46480  295.13114  22.0%  98.2  200s
 71836 29215  327.97193   55   91  378.46480  295.39595  21.9%  98.2  205s
 73655 30101  333.48696   55  170  378.46480  295.73167  21.9%  98.5  213s
 74157 30449  314.45193   55  347  378.46480  295.83582  21.8%  98.5  215s
 76637 31953  330.09414   62  282  378.46480  296.17449  21.7%  99.0  221s
 78350 32842  360.88953   62  136  378.46480  296.50845  21.7%  99.1  225s
H79101 33290                     378.4647992  296.60954  21.6%  99.4  227s
 80091 33873  351.48152   71  223  378.46480  296.73429  21.6%  99.4  231s
 81839 35180     cutoff   71       378.46480  296.93666  21.5%   100  235s
 83852 36244  308.65249   47  155  378.46480  297.25636  21.5%   100  240s
 85620 37372  327.93682   55  174  378.46480  297.48563  21.4%   100  245s
 87438 38518  339.42781   76  117  378.46480  297.76938  21.3%   100  250s
 90148 40023  354.60498   66  204  378.46480  298.12826  21.2%   100  256s
 92014 41069  363.07508   79  240  378.46480  298.30593  21.2%   100  260s
 93825 42091  325.35530   44  216  378.46480  298.54390  21.1%   100  265s
 96200 43412  370.01174   70  106  378.46480  298.82343  21.0%   100  271s
 97958 44497  345.01212   53  214  378.46480  299.07459  21.0%   100  275s
 100373 45865  344.26884   59  209  378.46480  299.37151  20.9%   100  281s
 102300 47031  320.46543   56  152  378.46480  299.60585  20.8%   100  286s
 104120 48042  329.10533   66  192  378.46480  299.85883  20.8%   100  291s
 105845 49031  313.45705   60  213  378.46480  300.07839  20.7%   100  295s
 107726 50102  360.59216   70  194  378.46480  300.26611  20.7%   100  300s
 109516 51148  365.60079  110  257  378.46480  300.43735  20.6%   100  305s
 111825 52448  333.08960   58  284  378.46480  300.70474  20.5%   100  310s
 113401 53285 infeasible   66       378.46480  300.86273  20.5%   101  316s
 114597 54106  326.91725   58   99  378.46480  300.97199  20.5%   101  320s
 116925 55311  337.94557   50  247  378.46480  301.12903  20.4%   101  326s
 118569 56520  311.85805   54  142  378.46480  301.24688  20.4%   101  330s
 120438 57313  320.86267   49  285  378.46480  301.36110  20.4%   101  335s
 121877 58240 infeasible   41       378.46480  301.51184  20.3%   101  341s
 123689 59298  363.39533   67  131  378.46480  301.63135  20.3%   101  345s
 125450 60402     cutoff   71       378.46480  301.79422  20.3%   101  350s
 127475 61592  346.05448   67  222  378.46480  301.94235  20.2%   101  355s
 129367 62740  318.51927   50  148  378.46480  302.09584  20.2%   101  360s
 131858 64141  332.41243   54  150  378.46480  302.28683  20.1%   101  366s
 133748 65302  366.56441   65  193  378.46480  302.44396  20.1%   101  370s
 135490 66261  365.60344   65  127  378.46480  302.64368  20.0%   102  375s
 137298 67431  329.22856   59  154  378.46480  302.79246  20.0%   102  380s
 139097 68505  347.87004   51  153  378.46480  302.91737  20.0%   102  385s
 140520 69177  366.22255  135  211  378.46480  302.99382  19.9%   102  393s
 140971 70360  330.23671   75  283  378.46480  303.02642  19.9%   102  398s
 143002 70695  342.40826   72  135  378.46480  303.16111  19.9%   102  401s
 144367 71555  315.35819   52  141  378.46480  303.25988  19.9%   102  405s
 146487 72668  356.66943   62  276  378.46480  303.40780  19.8%   102  410s
 148577 73780  323.71296   51  233  378.46480  303.56283  19.8%   102  415s
 150557 74945  320.77282   51  200  378.46480  303.68856  19.8%   102  420s
 152493 76074  339.04266   58  277  378.46480  303.77494  19.7%   102  425s
H153170 76383                     378.4647952  303.82350  19.7%   102  427s
 154389 77109  317.15053   55  175  378.46480  303.90361  19.7%   102  431s
 155671 77747  343.76541   55  222  378.46480  303.95843  19.7%   102  435s
 158292 79081  354.27289   51  131  378.46480  304.16009  19.6%   102  441s
 160108 80130  347.41761   63  239  378.46480  304.28033  19.6%   102  445s
 161908 81104  310.29576   57  253  378.46480  304.40150  19.6%   102  450s
 164385 82537  318.74553   50  210  378.46480  304.53865  19.5%   102  456s
 166252 83286  320.10717   52  179  378.46480  304.60960  19.5%   103  461s
 167846 84395  376.98028   91  274  378.46480  304.70507  19.5%   103  466s
 169729 85449  341.70398   61  201  378.46480  304.81683  19.5%   103  470s
 171716 86571  318.48093   54  238  378.46480  304.94444  19.4%   103  475s
 173706 87602  341.44737   56  139  378.46480  305.06768  19.4%   103  480s
 176142 89085  339.15124   53  195  378.46480  305.20634  19.4%   103  486s
 177987 90152  321.83387   53  258  378.46480  305.30855  19.3%   103  491s
 179914 91077  376.22380   62  126  378.46480  305.40756  19.3%   103  496s
 181762 92120  322.35782   65  179  378.46480  305.51509  19.3%   103  502s
 183033 92816     cutoff   90       378.46480  305.55482  19.3%   103  505s
 184962 93898  327.07091   61  265  378.46480  305.63945  19.2%   103  510s
 186917 94739  332.30746   63  190  378.46480  305.72553  19.2%   103  515s
 188118 95593  361.56774   89   85  378.46480  305.79169  19.2%   103  521s
 189902 96627  325.10677   61  249  378.46480  305.87220  19.2%   103  526s
 191828 97625  373.83158   72  194  378.46480  306.00765  19.1%   103  531s
 193596 98617  315.01565   51  257  378.46480  306.14358  19.1%   103  536s
 195779 99743  375.00459   56  181  378.46480  306.25362  19.1%   103  541s
 197650 100699  350.83169   54  170  378.46480  306.35039  19.1%   103  545s
 199408 101661  346.70440   74  202  378.46480  306.43332  19.0%   103  550s
 201144 102497  367.39493   71  140  378.46480  306.54875  19.0%   103  555s
 203516 103866  365.94782   68  188  378.46480  306.68423  19.0%   103  561s
 205658 105083     cutoff   71       378.46480  306.78918  18.9%   103  565s
 207328 106011  317.58176   57  182  378.46480  306.86459  18.9%   103  571s
 209068 106883  371.78993   74  108  378.46480  306.94284  18.9%   103  575s
 210685 107902  334.20299   50  206  378.46480  306.99628  18.9%   103  581s
 212633 108908  368.88804   61  143  378.46480  307.06866  18.9%   103  585s
 214515 110037  345.11615   50  227  378.46480  307.14952  18.8%   103  590s
 216318 110982  334.72359   71  371  378.46480  307.22498  18.8%   104  595s
 218318 112051  354.06185   72  217  378.46480  307.31599  18.8%   104  600s
 220143 112887  354.78857   62  196  378.46480  307.38005  18.8%   104  605s
 221715 113828     cutoff   64       378.46480  307.43151  18.8%   104  610s
 223730 114837  332.72987   44  247  378.46480  307.51984  18.7%   104  615s
 225914 116048  329.73418   51  151  378.46480  307.63115  18.7%   104  620s
 227840 117158  348.50349   48  181  378.46480  307.72766  18.7%   104  625s
 229780 118171  313.58281   44  240  378.46480  307.81879  18.7%   104  630s
 231509 119121     cutoff   75       378.46480  307.89510  18.6%   104  636s
 232644 119952  348.77092   60  202  378.46480  307.93338  18.6%   104  640s
 234793 121055  334.65509   47  167  378.46480  308.03284  18.6%   104  645s
 236652 121936  336.44242   50  216  378.46480  308.10386  18.6%   104  650s
 238542 122882  321.82164   64  174  378.46480  308.19502  18.6%   104  655s
 239731 123471  345.57130   60  170  378.46480  308.22780  18.6%   104  660s
 241849 124411  361.78386   89  248  378.46480  308.33547  18.5%   104  665s
 243706 125433  347.59110   69  285  378.46480  308.43588  18.5%   104  670s
 245622 126546  375.97048   71  182  378.46480  308.52116  18.5%   104  675s
 247534 127616     cutoff   56       378.46480  308.61978  18.5%   104  680s
 250146 129195     cutoff   59       378.46480  308.70305  18.4%   104  686s
 251596 129897  367.96003   69  234  378.46480  308.75904  18.4%   104  690s
 253684 131029  354.30037   46  127  378.46480  308.85433  18.4%   104  696s
 255612 132104  345.47345   65  239  378.46480  308.91722  18.4%   104  701s
 257445 133146  349.34097  238  141  378.46480  308.96837  18.4%   104  706s
 259335 134136 infeasible   70       378.46480  309.05960  18.3%   104  710s
 261334 135268  330.06116   46  174  378.46480  309.12957  18.3%   104  715s
 263127 136109  353.72478   47  152  378.46480  309.20726  18.3%   104  720s

Cutting planes:
  Learned: 68
  Gomory: 54
  Cover: 71
  MIR: 63
  StrongCG: 5
  Flow cover: 237
  Inf proof: 64
  Zero half: 37
  Mod-K: 1
  RLT: 309

Explored 263347 nodes (27475830 simplex iterations) in 720.03 seconds
Thread count was 12 (of 12 available processors)

Solution count 10: 378.465 381.034 383.771 ... 438.653

Time limit reached
Best objective 3.784647997949e+02, best bound 3.092105407882e+02, gap 18.2987%
