
Gurobi 9.1.0 (win64) logging started Fri Dec 18 16:59:51 2020

Changed value of parameter LogFile to log/S22D6.log
   Prev:   Default: 
Changed value of parameter TimeLimit to 720.0
   Prev: inf  Min: 0.0  Max: inf  Default: inf
Gurobi Optimizer version 9.1.0 build v9.1.0rc0 (win64)
Thread count: 6 physical cores, 12 logical processors, using up to 12 threads
Optimize a model with 17342 rows, 9893 columns and 99904 nonzeros
Model fingerprint: 0x14b44eb4
Variable types: 21 continuous, 9872 integer (7760 binary)
Coefficient statistics:
  Matrix range     [1e+00, 1e+03]
  Objective range  [3e+00, 8e+01]
  Bounds range     [1e+00, 1e+00]
  RHS range        [1e+00, 2e+01]
Presolve removed 8181 rows and 544 columns
Presolve time: 0.06s
Presolved: 9161 rows, 9349 columns, 81744 nonzeros
Variable types: 21 continuous, 9328 integer (7472 binary)

Root relaxation: objective 2.105592e+02, 2648 iterations, 0.07 seconds

    Nodes    |    Current Node    |     Objective Bounds      |     Work
 Expl Unexpl |  Obj  Depth IntInf | Incumbent    BestBd   Gap | It/Node Time

     0     0  210.55923    0  276          -  210.55923      -     -    0s
     0     0  210.55923    0  329          -  210.55923      -     -    0s
     0     0  210.55923    0  315          -  210.55923      -     -    0s
     0     0  214.95090    0  307          -  214.95090      -     -    1s
     0     0  232.16822    0  348          -  232.16822      -     -    1s
     0     0  234.61733    0  344          -  234.61733      -     -    1s
     0     0  234.61733    0  343          -  234.61733      -     -    1s
     0     0  239.50736    0  345          -  239.50736      -     -    1s
     0     0  240.04094    0  381          -  240.04094      -     -    1s
     0     0  240.04094    0  381          -  240.04094      -     -    1s
     0     0  240.04094    0  385          -  240.04094      -     -    1s
     0     0  240.04094    0  336          -  240.04094      -     -    2s
     0     0  240.04094    0  380          -  240.04094      -     -    2s
     0     0  240.04094    0  360          -  240.04094      -     -    2s
     0     0  269.40836    0  413          -  269.40836      -     -    2s
     0     0  269.40836    0  500          -  269.40836      -     -    2s
     0     0  269.53090    0  525          -  269.53090      -     -    2s
     0     0  269.53090    0  482          -  269.53090      -     -    2s
     0     0  269.53090    0  478          -  269.53090      -     -    3s
     0     0  269.55160    0  460          -  269.55160      -     -    3s
     0     0  269.55160    0  447          -  269.55160      -     -    3s
     0     0  269.57922    0  362          -  269.57922      -     -    3s
     0     0  269.57922    0  367          -  269.57922      -     -    3s
     0     0  269.68153    0  479          -  269.68153      -     -    4s
     0     0  269.68153    0  433          -  269.68153      -     -    4s
     0     2  269.68153    0  416          -  269.68153      -     -    5s
    79    81  284.92534   10  425          -  271.93237      -   656   10s
   280   285  325.75323   32  542          -  271.93237      -   563   15s
   496   494  371.31632   53  619          -  271.93237      -   572   20s
   749   737  487.16936   72  539          -  271.93237      -   545   25s
  1412  1336  741.77487  148  293          -  271.93237      -   388   30s
  2304  1984  976.79266  265  227          -  271.93237      -   284   35s
  2924  2387 1294.55709  364  236          -  275.44901      -   251   43s
H 2981  2027                    1108.3074051  275.44901  75.1%   248   43s
H 3111  1845                    1054.4427810  275.44901  73.9%   245   44s
  3153  1916  352.14628   17  435 1054.44278  275.44901  73.9%   246   45s
H 3164  1916                    1053.7878158  275.44901  73.9%   246   45s
H 3208  1897                    1045.2485700  275.44901  73.6%   246   45s
H 3232  1804                    1038.1841154  275.44901  73.5%   247   48s
  3237  1808  588.29911   99  372 1038.18412  275.44901  73.5%   247   50s
  3248  1815  866.69237  232  533 1038.18412  278.64116  73.2%   246   56s
H 3250  1724                    1030.7744380  278.69232  73.0%   246   58s
  3256  1728  629.59115  114  891 1030.77444  280.88251  72.8%   245   63s
  3257  1729  769.93682  165 1005 1030.77444  280.92981  72.7%   245   65s
H 3258  1643                    1018.1817935  281.38990  72.4%   245   68s
  3260  1644  570.52107   78 1412 1018.18179  283.93642  72.1%   245   70s
  3265  1647  361.40829   44 1472 1018.18179  284.46956  72.1%   245   76s
  3268  1649  505.41473   99 1505 1018.18179  284.86551  72.0%   244   81s
  3274  1653  506.41335   99 1472 1018.18179  285.39669  72.0%   244   85s
  3281  1658  801.88646  153 1472 1018.18179  286.87531  71.8%   243   91s
  3285  1661  445.92843   80 1457 1018.18179  289.07932  71.6%   243   95s
H 3288  1579                    1008.0897869  295.71346  70.7%   243  100s
H 3291  1501                     998.0291774  295.99431  70.3%   243  104s
  3294  1503  828.95469  176 1624  998.02918  296.22041  70.3%   242  105s
  3298  1505  332.20217   41 1675  998.02918  296.38628  70.3%   242  110s
  3303  1509  515.20701   70 1933  998.02918  296.53198  70.3%   242  120s
H 3303  1434                     997.0669583  296.53198  70.3%   282  120s
  3310  1440  297.24339   13 1656  997.06696  296.91204  70.2%   287  128s
  3316  1443  298.74271   14 2071  997.06696  297.73038  70.1%   294  132s
  3322  1446  320.00090   14 1631  997.06696  298.74315  70.0%   306  136s
  3334  1454  316.59019   15 1379  997.06696  299.75346  69.9%   314  140s
H 3337  1381                     987.9545585  299.75346  69.7%   316  140s
  3354  1396  301.59200   17 1620  987.95456  301.21537  69.5%   330  147s
  3369  1404  302.72646   18 1619  987.95456  301.67120  69.5%   346  150s
H 3371  1333                     979.5136364  301.67120  69.2%   346  150s
  3385  1343  303.28363   19 1159  979.51364  303.06829  69.1%   358  156s
H 3404  1290                     977.7518280  303.28363  69.0%   368  161s
H 3406  1226                     977.2181887  303.52232  68.9%   370  161s
  3426  1240  325.41878   21 1729  977.21819  305.06940  68.8%   381  165s
  3434  1245  305.65394   22 1761  977.21819  305.65394  68.7%   387  173s
  3444  1247  305.86483   23 1525  977.21819  305.66034  68.7%   401  176s
H 3447  1187                     976.6637239  305.66034  68.7%   402  176s
H 3448  1129                     969.0878158  305.66034  68.5%   403  176s
  3466  1152  328.34379   24 1240  969.08782  306.55553  68.4%   413  182s
  3483  1159  340.85935   25 1843  969.08782  306.55553  68.4%   421  187s
H 3488  1104                     967.4605733  306.55553  68.3%   427  187s
  3495  1113  318.34036   26 1468  967.46057  306.55553  68.3%   428  190s
  3529  1144  347.26948   28 1217  967.46057  306.55553  68.3%   441  197s
  3576  1163  325.00932   32 1292  967.46057  306.55553  68.3%   454  204s
  3593  1180  347.12047   33 1020  967.46057  306.55553  68.3%   463  207s
  3619  1192  331.03212   35 1716  967.46057  306.55553  68.3%   468  210s
  3644  1203  359.84714   36  934  967.46057  306.55553  68.3%   475  215s
H 3696  1194                     966.3364806  306.55553  68.3%   491  221s
H 3721  1137                     965.9606054  306.55553  68.3%   499  221s
  3728  1157  344.51928   42 1271  965.96061  306.55553  68.3%   500  225s
H 3751  1132                     959.5596869  306.55553  68.1%   509  229s
H 3757  1086                     959.2316759  306.55553  68.0%   510  229s
H 3760  1044                     952.3632936  306.55553  67.8%   512  229s
  3780  1060  349.71365   47 1404  952.36329  306.55553  67.8%   519  234s
H 3789  1017                     952.3632934  306.55553  67.8%   523  234s
  3805  1022  376.83144   48 1370  952.36329  306.55553  67.8%   529  240s
H 3806   985                     951.5294770  306.55553  67.8%   529  240s
  3866  1056  369.21812   51 1170  951.52948  306.55553  67.8%   538  249s
  3925  1074  371.62446   54 1040  951.52948  306.55553  67.8%   548  253s
  3968  1114  377.99419   56 1383  951.52948  306.55553  67.8%   556  257s
  4026  1142  385.77499   60 1229  951.52948  306.55553  67.8%   565  261s
  4088  1178  386.76029   63 1210  951.52948  306.55553  67.8%   572  265s
  4237  1251  398.16669   69 1011  951.52948  306.55553  67.8%   587  273s
  4299  1279  429.73417   73 1029  951.52948  306.55553  67.8%   597  278s
H 4310  1239                     951.5294715  306.55553  67.8%   600  278s
  4353  1289  416.64093   76  745  951.52947  306.55553  67.8%   607  283s
  4425  1349  422.54730   79 1081  951.52947  306.55553  67.8%   615  288s
  4512  1391  452.15064   82 1141  951.52947  306.55553  67.8%   624  293s
  4593  1447  455.46343   85 1156  951.52947  306.55553  67.8%   633  298s
  4679  1524  443.45963   89 1267  951.52947  306.55553  67.8%   643  304s
  4791  1612  497.44891   96  704  951.52947  306.55553  67.8%   652  309s
  4916  1684  464.76290  103 1415  951.52947  306.55553  67.8%   658  316s
  5036  1769  504.29263  107  878  951.52947  306.55553  67.8%   665  322s
  5178  1810  503.59030  110 1618  951.52947  306.55553  67.8%   671  327s
  5306  1854  542.17005  114 1116  951.52947  306.55553  67.8%   676  334s
  5380  1876  513.55939  120 1101  951.52947  306.55553  67.8%   685  340s
  5403  1983  526.85075  123  635  951.52947  306.55553  67.8%   691  346s
  5521  2080  588.83662  130  667  951.52947  306.55553  67.8%   697  354s
  5653  2211  559.34231  135  567  951.52947  306.55553  67.8%   703  361s
  5847  2336  588.24368  146  745  951.52947  306.55553  67.8%   701  368s
  6014  2448  622.21871  169  776  951.52947  306.55553  67.8%   702  375s
  6135  2629  718.31610  189  613  951.52947  306.55553  67.8%   709  383s
  6325  2769  770.86165  217  667  951.52947  306.55553  67.8%   711  391s
  6501  2889  796.22953  239  638  951.52947  306.55553  67.8%   713  400s
  6636  3027  892.10747  260  449  951.52947  306.55553  67.8%   721  409s
  6796  3222  857.06614  284  593  951.52947  306.55553  67.8%   727  419s
  7004  3426  902.36158  319  509  951.52947  306.56647  67.8%   729  428s
  7271  3607  310.08338   21 2170  951.52947  306.56647  67.8%   727  437s
  7508  3754  336.10336   34 1408  951.52947  306.56647  67.8%   727  446s
  7678  3855  384.39645   55  688  951.52947  306.56647  67.8%   731  456s
  7810  3979  428.47878   77 1027  951.52947  306.56647  67.8%   737  466s
H 7883  3970                     948.5559992  306.56647  67.7%   737  466s
H 7909  3963                     946.8547273  306.56647  67.6%   740  466s
  7949  4177  558.35851  128 1195  946.85473  306.56647  67.6%   743  477s
  8232  4491  611.00712  152  856  946.85473  306.56647  67.6%   737  489s
  8675  4595  795.76705  194 1141  946.85473  306.56647  67.6%   722  506s
  8787  4793  924.66803  228  759  946.85473  308.52168  67.4%   726  518s
  9037  5020  358.97865   26 1623  946.85473  311.27970  67.1%   726  530s
  9302  5285  378.17860   36 1405  946.85473  311.27970  67.1%   724  543s
  9586  5578  483.97086   74  918  946.85473  311.27970  67.1%   724  556s
  9914  6036  603.67909  142 1082  946.85473  311.27970  67.1%   723  570s
 10411  6459  778.44075  204  841  946.85473  311.69797  67.1%   712  585s
 10924  6713  336.88372   21 1519  946.85473  311.69797  67.1%   703  602s
 11321  6954  435.91038   34  865  946.85473  314.97838  66.7%   699  621s
 11731  7179  339.45404   26 1605  946.85473  314.97838  66.7%   694  642s
H11882  7179                     946.8547076  314.97838  66.7%   696  642s
 12101  7450  371.03212   38 1416  946.85471  314.97838  66.7%   690  658s
H12368  7449                     946.5207950  314.97838  66.7%   692  658s
 12400  7801  431.14628   57  895  946.52079  314.97838  66.7%   693  676s
H12580  7801                     946.5207886  314.97838  66.7%   696  676s
 12771  8063  528.47206   96  860  946.52079  314.97838  66.7%   693  699s
 13050  8417  593.66305  128 1109  946.52079  314.97838  66.7%   697  720s

Cutting planes:
  Learned: 6
  Gomory: 117
  Cover: 1
  MIR: 54
  Flow cover: 243
  Zero half: 25
  RLT: 132

Explored 13438 nodes (9453262 simplex iterations) in 720.05 seconds
Thread count was 12 (of 12 available processors)

Solution count 10: 946.521 946.521 946.855 ... 959.232

Time limit reached
Best objective 9.465207886263e+02, best bound 3.149783753639e+02, gap 66.7225%
