
Gurobi 9.1.0 (win64) logging started Fri Dec 18 21:37:19 2020

Changed value of parameter LogFile to log/S22D10.log
   Prev:   Default: 
Changed value of parameter TimeLimit to 720.0
   Prev: inf  Min: 0.0  Max: inf  Default: inf
Gurobi Optimizer version 9.1.0 build v9.1.0rc0 (win64)
Thread count: 6 physical cores, 12 logical processors, using up to 12 threads
Optimize a model with 35010 rows, 21171 columns and 250440 nonzeros
Model fingerprint: 0xb081b84a
Variable types: 21 continuous, 21150 integer (14550 binary)
Coefficient statistics:
  Matrix range     [1e+00, 1e+03]
  Objective range  [3e+00, 8e+01]
  Bounds range     [1e+00, 1e+00]
  RHS range        [1e+00, 2e+01]
Presolve removed 15335 rows and 1140 columns
Presolve time: 0.15s
Presolved: 19675 rows, 20031 columns, 213750 nonzeros
Variable types: 21 continuous, 20010 integer (14190 binary)

Deterministic concurrent LP optimizer: primal and dual simplex
Showing first log only...

Concurrent spin time: 0.00s

Solved with dual simplex

Root relaxation: objective 2.105592e+02, 7115 iterations, 0.31 seconds

    Nodes    |    Current Node    |     Objective Bounds      |     Work
 Expl Unexpl |  Obj  Depth IntInf | Incumbent    BestBd   Gap | It/Node Time

     0     0  210.55923    0  683          -  210.55923      -     -    1s
H    0     0                    3274.3866045  210.55923  93.6%     -    1s
H    0     0                    2919.5912869  210.55923  92.8%     -    2s
H    0     0                    2689.4838343  210.55923  92.2%     -    3s
     0     0  210.55923    0  780 2689.48383  210.55923  92.2%     -    3s
     0     0  210.55923    0  799 2689.48383  210.55923  92.2%     -    3s
H    0     0                    2061.1042225  210.55923  89.8%     -    6s
     0     0  236.45053    0  697 2061.10422  236.45053  88.5%     -    6s
     0     0  239.96041    0  737 2061.10422  239.96041  88.4%     -    7s
     0     0  239.96041    0  754 2061.10422  239.96041  88.4%     -    7s
     0     0  245.64767    0  740 2061.10422  245.64767  88.1%     -    7s
     0     0  245.64767    0  795 2061.10422  245.64767  88.1%     -    9s
     0     0  246.36135    0  857 2061.10422  246.36135  88.0%     -    9s
     0     0  246.36135    0  868 2061.10422  246.36135  88.0%     -    9s
     0     0  247.31032    0  858 2061.10422  247.31032  88.0%     -   10s
     0     0  247.31032    0  858 2061.10422  247.31032  88.0%     -   10s
     0     0  249.44174    0  875 2061.10422  249.44174  87.9%     -   10s
     0     0  249.44174    0  841 2061.10422  249.44174  87.9%     -   11s
     0     0  254.96354    0  914 2061.10422  254.96354  87.6%     -   11s
     0     0  254.96354    0  914 2061.10422  254.96354  87.6%     -   11s
     0     0  254.96354    0  939 2061.10422  254.96354  87.6%     -   12s
     0     0  254.96354    0  894 2061.10422  254.96354  87.6%     -   12s
H    0     0                    2057.0161951  254.96354  87.6%     -   13s
     0     0  254.96354    0  755 2057.01620  254.96354  87.6%     -   13s
     0     0  254.96354    0  755 2057.01620  254.96354  87.6%     -   14s
     0     0  254.96354    0  797 2057.01620  254.96354  87.6%     -   17s
     0     0  254.96354    0  785 2057.01620  254.96354  87.6%     -   17s
     0     0  254.96354    0  790 2057.01620  254.96354  87.6%     -   19s
     0     0  254.96354    0  768 2057.01620  254.96354  87.6%     -   20s
     0     2  255.09038    0  755 2057.01620  255.09038  87.6%     -   27s
     7    12  258.54815    3  718 2057.01620  255.40311  87.6%  1268   33s
    13    17  264.63592    4  812 2057.01620  256.29885  87.5%  1509   36s
    25    28  261.94903    5 1006 2057.01620  256.65286  87.5%  1403   40s
    37    41  263.12691    6  999 2057.01620  257.51948  87.5%  1471   45s
    58    58  273.25440    9  955 2057.01620  257.51948  87.5%  1389   50s
    65    62  273.62024   10  868 2057.01620  257.51948  87.5%  1432   55s
    78    77  279.66320   12  942 2057.01620  257.51948  87.5%  1521   60s
    95    94  289.69390   14 1326 2057.01620  257.51948  87.5%  1584   66s
H   99    94                    1962.7532383  257.51948  86.9%  1579   66s
H  104    99                    1830.7418506  257.51948  85.9%  1508   92s
   110   115  289.87980   16 1193 1830.74185  257.51948  85.9%  1486   97s
   128   128  297.32701   18 1192 1830.74185  257.51948  85.9%  1427  103s
H  129   128                    1804.3959535  257.51948  85.7%  1416  103s
   146   148  308.27133   22 1192 1804.39595  257.51948  85.7%  1383  106s
   169   165  322.79220   26 1192 1804.39595  257.51948  85.7%  1300  115s
H  171   165                    1777.9608940  257.51948  85.5%  1285  115s
H  177   165                    1726.7786978  257.51948  85.1%  1253  115s
   261   254  367.96733   38 1182 1726.77870  257.51948  85.1%   919  122s
   349   320  392.21633   53 1183 1726.77870  257.51948  85.1%   743  127s
   422   383 infeasible   62      1726.77870  257.51948  85.1%   670  130s
   496   449  414.08710   72 1064 1726.77870  257.51948  85.1%   630  135s
   617   560  502.09500   91 1123 1726.77870  257.51948  85.1%   579  141s
   667   602  523.38422   94 1163 1726.77870  257.51948  85.1%   556  145s
   781   684  543.37959  102 1284 1726.77870  257.51948  85.1%   519  151s
   891   778  546.24265  106 1231 1726.77870  257.51948  85.1%   491  155s
   988   882  554.08245  111 1195 1726.77870  257.51948  85.1%   482  161s
  1164  1013  557.39465  116 1586 1726.77870  257.51948  85.1%   449  167s
  1237  1064  560.41690  118 1301 1726.77870  257.51948  85.1%   445  171s
  1402  1226  580.64489  121 1373 1726.77870  257.51948  85.1%   432  178s
  1542  1281  581.71910  123 1918 1726.77870  257.51948  85.1%   408  181s
H 1622  1286                    1716.9717357  257.51948  85.0%   404  196s
H 1624  1286                    1690.6105531  257.51948  84.8%   405  196s
H 1627  1286                    1688.2601017  257.51948  84.7%   405  196s
  1689  1361  586.73105  127 1719 1688.26010  257.51948  84.7%   411  203s
H 1738  1404                    1688.2601012  257.51948  84.7%   417  213s
  1812  1452  591.96191  130 1686 1688.26010  257.51948  84.7%   418  217s
  1891  1510  591.96191  131 1685 1688.26010  257.51948  84.7%   417  223s
  1958  1549 infeasible  134      1688.26010  257.51948  84.7%   424  229s
H 2007  1549                    1652.6325702  257.51948  84.4%   429  229s
  2008  1646  684.13565  134 1137 1652.63257  257.51948  84.4%   429  234s
  2119  1748  702.43626  141 1226 1652.63257  257.51948  84.4%   425  240s
H 2246  1753                    1651.4660750  257.51948  84.4%   417  307s
H 2247  1753                    1637.4426906  257.51948  84.3%   418  307s
H 2250  1753                    1625.6808084  257.51948  84.2%   420  307s
H 2254  1667                    1622.7591672  257.51948  84.1%   419  312s
  2256  1668  487.78348   69  715 1622.75917  257.51948  84.1%   419  316s
H 2256  1584                    1619.7856895  257.51948  84.1%   419  316s
H 2258  1506                    1619.7856824  257.51948  84.1%   419  323s
  2260  1508  810.14463  157 1017 1619.78568  257.51948  84.1%   418  325s
  2263  1510  437.91399   60 1206 1619.78568  257.51948  84.1%   418  331s
  2267  1512  326.44022   21 1432 1619.78568  259.08505  84.0%   417  335s
  2271  1515  308.64788   11 1652 1619.78568  259.80482  84.0%   416  341s
  2272  1516  415.36665   78 1507 1619.78568  270.50164  83.3%   416  346s
  2273  1516  747.91141  255 1615 1619.78568  274.55677  83.0%   416  350s
  2275  1518  823.04811  229 1723 1619.78568  276.00675  83.0%   416  355s
  2279  1520  880.46858  312 1794 1619.78568  282.30957  82.6%   415  363s
  2280  1521  319.43773   17 1957 1619.78568  286.29454  82.3%   415  367s
  2282  1522  931.66818  250 2343 1619.78568  286.32888  82.3%   414  373s
  2283  1523  286.33991    7 2418 1619.78568  286.33991  82.3%   414  376s
  2284  1524  306.65533    9 2073 1619.78568  292.10111  82.0%   414  383s
H 2284  1447                    1616.8122117  292.10111  81.9%   414  390s
  2287  1449  583.51804  122 1974 1616.81221  300.01643  81.4%   413  395s
  2288  1449  696.06920  142 1462 1616.81221  300.55350  81.4%   413  401s
  2290  1451  516.48380  114 1365 1616.81221  300.56347  81.4%   413  410s
  2293  1453  866.97982  280 2102 1616.81221  300.72206  81.4%   412  415s
  2295  1454  416.23647   54 1995 1616.81221  301.96285  81.3%   412  424s
  2296  1455  848.23382  262 2504 1616.81221  307.60181  81.0%   412  429s
  2297  1455  562.53483  153 2277 1616.81221  309.93055  80.8%   412  434s
H 2297  1382                    1608.2892222  309.93055  80.7%   412  436s
  2300  1384  639.14932  119 2462 1608.28922  310.46256  80.7%   411  441s
  2303  1386  475.66823   60 1812 1608.28922  312.41380  80.6%   411  458s
  2304  1387  540.79291  104 2083 1608.28922  312.47080  80.6%   410  461s
  2306  1388  335.56150   36 2353 1608.28922  312.53954  80.6%   410  466s
  2307  1389  695.06492  164 2567 1608.28922  313.46246  80.5%   410  473s
H 2307  1318                    1602.7363019  313.46246  80.4%   410  477s
  2309  1319  586.73899  122 3045 1602.73630  318.07467  80.2%   409  484s
  2310  1320  513.34388  106 3198 1602.73630  318.97344  80.1%   409  489s
  2311  1321  793.88429  217 3163 1602.73630  320.20847  80.0%   409  492s
  2314  1323  530.21856   72 3130 1602.73630  320.31667  80.0%   409  495s
  2316  1324  546.22995  180 3294 1602.73630  345.25487  78.5%   408  508s
H 2316  1257                    1600.2139096  345.25487  78.4%   408  521s
  2318  1258  433.30786   55 3223 1600.21391  357.33762  77.7%   408  529s
  2319  1259  623.98076  143 2830 1600.21391  358.88361  77.6%   408  534s
  2320  1260  513.52509   89 2767 1600.21391  358.96001  77.6%   408  538s
  2321  1260  405.43416   33 2597 1600.21391  358.96572  77.6%   407  540s
  2322  1261  858.03515  260 2306 1600.21391  360.91353  77.4%   407  551s
  2323  1262  480.02706   60 2905 1600.21391  360.91353  77.4%   407  555s
  2324  1262  747.91141  255 1969 1600.21391  361.23685  77.4%   407  565s
  2326  1264  372.00157   62 2909 1600.21391  361.48706  77.4%   406  570s
  2328  1265  508.08421   82 2987 1600.21391  361.51120  77.4%   406  576s
  2329  1266  617.12147  128 2234 1600.21391  361.61986  77.4%   406  586s
  2331  1267  571.73611  233 2745 1600.21391  361.69703  77.4%   406  591s
  2332  1268  622.47342  135 2394 1600.21391  362.18965  77.4%   405  599s
  2333  1268  444.31556   66 3257 1600.21391  362.19624  77.4%   405  602s
  2334  1269  702.28124  237 3154 1600.21391  362.23799  77.4%   405  608s
  2335  1270  695.68970  236 3117 1600.21391  362.27762  77.4%   405  610s
  2338  1272  362.35664   15 3574 1600.21391  362.35664  77.4%   404  616s
H 2338  1207                    1594.6310878  362.35664  77.3%   404  622s
  2339  1207  692.91798  139 3774 1594.63109  362.72547  77.3%   404  628s
  2340  1208  363.15877   13 2941 1594.63109  363.15877  77.2%   404  631s
  2342  1209  644.53190  126 2971 1594.63109  363.49693  77.2%   404  636s
  2344  1211  591.74325  230 3264 1594.63109  363.81418  77.2%   403  644s
  2345  1211  363.88418   32 3558 1594.63109  363.88418  77.2%   403  646s
  2347  1213  687.50811  144 3933 1594.63109  363.98209  77.2%   403  651s
  2349  1214  491.13961   56 4142 1594.63109  364.14800  77.2%   402  656s
  2352  1216  662.53455  120 4147 1594.63109  364.21332  77.2%   402  661s
  2353  1217  368.78442   60 3540 1594.63109  368.78442  76.9%   402  671s
  2356  1219  487.78348   69 3849 1594.63109  369.26362  76.8%   401  675s
  2358  1220  409.50208   40 3519 1594.63109  369.50870  76.8%   401  684s
  2359  1221  623.24725  140 3851 1594.63109  369.60745  76.8%   401  687s
  2361  1222  844.98224  242 3814 1594.63109  369.76746  76.8%   400  692s
  2363  1223  437.91399   60 4182 1594.63109  369.82999  76.8%   400  695s
  2365  1225  570.80074   94 4134 1594.63109  370.18945  76.8%   400  701s
  2367  1226  370.28794   21 4579 1594.63109  370.28794  76.8%   399  705s
  2371  1229  370.35103   11 5164 1594.63109  370.35103  76.8%   399  711s
  2372  1229  415.36665   78 5260 1594.63109  370.46547  76.8%   399  717s

Cutting planes:
  Gomory: 132
  Cover: 1
  MIR: 281
  Flow cover: 312
  Zero half: 30
  RLT: 122

Explored 2372 nodes (1514094 simplex iterations) in 720.05 seconds
Thread count was 12 (of 12 available processors)

Solution count 10: 1594.63 1600.21 1602.74 ... 1637.44

Time limit reached
Best objective 1.594631087793e+03, best bound 3.704654652338e+02, gap 76.7680%
