
Gurobi 9.1.0 (win64) logging started Sat Dec 19 00:07:11 2020

Changed value of parameter LogFile to log/S51D4.log
   Prev:   Default: 
Changed value of parameter TimeLimit to 720.0
   Prev: inf  Min: 0.0  Max: inf  Default: inf
Gurobi Optimizer version 9.1.0 build v9.1.0rc0 (win64)
Thread count: 6 physical cores, 12 logical processors, using up to 12 threads
Optimize a model with 64460 rows, 33722 columns and 331704 nonzeros
Model fingerprint: 0xb5abaec2
Variable types: 50 continuous, 33672 integer (31224 binary)
Coefficient statistics:
  Matrix range     [1e+00, 1e+03]
  Objective range  [2e+00, 9e+01]
  Bounds range     [1e+00, 1e+00]
  RHS range        [1e+00, 5e+01]
Presolve removed 31482 rows and 312 columns
Presolve time: 0.17s
Presolved: 32978 rows, 33410 columns, 161064 nonzeros
Variable types: 50 continuous, 33360 integer (30720 binary)
Found heuristic solution: objective 2998.7692982

Deterministic concurrent LP optimizer: primal and dual simplex
Showing first log only...

Concurrent spin time: 0.00s

Solved with dual simplex

Root relaxation: objective 3.793623e+02, 5177 iterations, 0.49 seconds

    Nodes    |    Current Node    |     Objective Bounds      |     Work
 Expl Unexpl |  Obj  Depth IntInf | Incumbent    BestBd   Gap | It/Node Time

     0     0  379.36228    0  508 2998.76930  379.36228  87.3%     -    1s
H    0     0                    2472.3315317  379.36228  84.7%     -    2s
H    0     0                    2447.4337830  379.36228  84.5%     -    3s
     0     0  379.36228    0  553 2447.43378  379.36228  84.5%     -    3s
     0     0  379.39057    0  598 2447.43378  379.39057  84.5%     -    5s
     0     0  380.08354    0  470 2447.43378  380.08354  84.5%     -    6s
H    0     0                    2239.6572670  380.08354  83.0%     -    8s
H    0     0                    1923.8351462  380.08354  80.2%     -    8s
     0     0  380.08354    0  510 1923.83515  380.08354  80.2%     -    8s
     0     0  380.08354    0  515 1923.83515  380.08354  80.2%     -    9s
     0     0  380.08354    0  546 1923.83515  380.08354  80.2%     -   11s
     0     0  380.18670    0  460 1923.83515  380.18670  80.2%     -   12s
H    0     0                    1593.7647379  380.18670  76.1%     -   13s
     0     0  382.71409    0  405 1593.76474  382.71409  76.0%     -   13s
     0     0  382.71409    0  404 1593.76474  382.71409  76.0%     -   13s
     0     0  385.69826    0  571 1593.76474  385.69826  75.8%     -   14s
     0     0  388.54541    0  616 1593.76474  388.54541  75.6%     -   14s
     0     0  391.51537    0  565 1593.76474  391.51537  75.4%     -   15s
     0     0  391.51537    0  565 1593.76474  391.51537  75.4%     -   16s
     0     0  391.52273    0  549 1593.76474  391.52273  75.4%     -   16s
     0     0  391.52273    0  517 1593.76474  391.52273  75.4%     -   16s
     0     0  394.97621    0  711 1593.76474  394.97621  75.2%     -   17s
     0     0  394.97621    0  670 1593.76474  394.97621  75.2%     -   17s
H    0     0                    1492.3673053  394.97621  73.5%     -   18s
     0     0  400.49735    0  692 1492.36731  400.49735  73.2%     -   18s
     0     0  400.79692    0  713 1492.36731  400.79692  73.1%     -   19s
     0     0  400.79692    0  651 1492.36731  400.79692  73.1%     -   19s
     0     0  401.11303    0  729 1492.36731  401.11303  73.1%     -   19s
     0     0  401.11303    0  707 1492.36731  401.11303  73.1%     -   20s
     0     0  402.15920    0  872 1492.36731  402.15920  73.1%     -   21s
     0     0  402.15920    0  864 1492.36731  402.15920  73.1%     -   21s
     0     0  402.15920    0  807 1492.36731  402.15920  73.1%     -   21s
     0     0  402.15920    0  750 1492.36731  402.15920  73.1%     -   21s
     0     0  402.15920    0  439 1492.36731  402.15920  73.1%     -   22s
     0     0  402.15920    0  505 1492.36731  402.15920  73.1%     -   24s
H    0     0                    1478.9397195  402.15920  72.8%     -   24s
     0     0  402.15956    0  643 1478.93972  402.15956  72.8%     -   25s
     0     0  402.15956    0  641 1478.93972  402.15956  72.8%     -   27s
     0     2  402.18104    0  571 1478.93972  402.18104  72.8%     -   32s
     1     4  402.18104    1  659 1478.93972  402.18104  72.8%  5684   35s
    13    20  402.24955    4  670 1478.93972  402.19325  72.8%   988   42s
    25    32  402.28711    6  742 1478.93972  402.20858  72.8%   943   45s
    31    38  403.28651    7  731 1478.93972  402.28186  72.8%   985   52s
    44    52  403.28651    8  604 1478.93972  402.28295  72.8%   935   55s
    64    71  409.11679    9  514 1478.93972  402.28711  72.8%   931   61s
    97   104  404.26838   12  599 1478.93972  402.28711  72.8%   884   67s
   103   117  404.57302   12  490 1478.93972  402.28711  72.8%   893   71s
   140   153  406.44299   18  708 1478.93972  402.28711  72.8%   885   75s
H  158   171                    1464.2832181  402.28711  72.5%   857   77s
H  164   171                    1440.6682323  402.28711  72.1%   838   77s
   193   200  410.28825   22  569 1440.66823  402.28711  72.1%   793   82s
H  197   200                    1432.0955955  402.28711  71.9%   785   82s
H  199   219                    1373.1469426  402.28711  70.7%   781   86s
H  243   256                    1276.0348577  402.28711  68.5%   741   90s
H  251   256                    1273.5812219  402.28711  68.4%   733   90s
H  281   291                    1181.0805841  402.28711  65.9%   715   96s
H  285   291                    1163.4327394  402.28711  65.4%   710   96s
   324   344  421.76004   38  784 1163.43274  402.28711  65.4%   685  100s
   401   430  423.37007   48  556 1163.43274  402.28711  65.4%   636  106s
   464   508  425.63613   61  613 1163.43274  402.28711  65.4%   605  110s
   546   612  450.14807   80  533 1163.43274  402.28711  65.4%   550  116s
H  676   674                    1154.5685812  402.28711  65.2%   481  125s
H  687   674                    1139.2956419  402.28711  64.7%   475  125s
H  688   674                    1123.5262164  402.28711  64.2%   476  125s
H  689   674                    1106.1192286  402.28711  63.6%   476  125s
   786   839  488.26902  142  663 1106.11923  402.28711  63.6%   440  130s
   913  1010  535.49672  161  891 1106.11923  402.28711  63.6%   396  137s
  1206  1311  546.03491  188  637 1106.11923  402.28711  63.6%   315  142s
  1388  1422  588.40610  212  685 1106.11923  402.28711  63.6%   281  145s
  1680  1784  700.17100  243  568 1106.11923  402.28711  63.6%   245  150s
H 1853  1784                    1099.7661903  402.28711  63.4%   225  150s
H 1911  1905                    1086.7637506  402.28711  63.0%   220  153s
  2045  2081  708.10641  279  571 1086.76375  402.28711  63.0%   209  157s
  2241  2213  708.29714  289  756 1086.76375  402.28711  63.0%   194  160s
H 2286  2213                    1079.8559606  402.28711  62.7%   191  160s
  2606  2629  712.40826  308  831 1079.85596  402.28711  62.7%   174  166s
  3091  3062  715.76705  379  813 1079.85596  402.28711  62.7%   153  172s
H 3341  3081                    1066.0212785  402.28711  62.3%   145  189s
H 3342  3081                    1009.9284053  402.28711  60.2%   145  189s
  3361  3275  840.11083  401  701 1009.92841  402.28711  60.2%   145  193s
H 3414  3275                     997.1616910  402.28711  59.7%   143  193s
  3600  3506  842.75872  426  670  997.16169  402.28711  59.7%   139  196s
  3872  3675  845.80733  476  720  997.16169  402.28711  59.7%   132  203s
H 4029  3666                     989.9438111  402.28711  59.4%   127  203s
  4060  3771  849.59868  497  685  989.94381  402.28711  59.4%   129  206s
H 4074  3760                     988.6589748  402.28711  59.3%   128  206s
  4183  4065  857.27115  539  464  988.65897  402.28711  59.3%   130  210s
  4781  4577  910.75222  735  469  988.65897  402.42685  59.3%   121  218s
  5036  4848  412.73976   11  902  988.65897  402.42685  59.3%   119  222s
  5326  4849  758.77498  405  641  988.65897  402.42685  59.3%   116  225s
H 5327  4607                     981.4945673  402.42685  59.0%   116  228s
H 5327  4377                     980.0261844  402.42685  58.9%   116  228s
H 5327  4158                     975.5470614  402.42685  58.7%   116  228s
  5329  4159  694.76334  344  437  975.54706  402.42685  58.7%   116  231s
H 5331  3952                     972.6316716  402.42685  58.6%   116  233s
  5333  3954  722.11860  210  538  972.63167  402.42685  58.6%   116  240s
  5336  3956  700.47357  399  496  972.63167  402.42685  58.6%   116  249s
  5338  3957  972.63167  666  550  972.63167  402.42685  58.6%   116  250s
  5341  3959  426.21075   66  739  972.63167  405.80576  58.3%   116  255s
  5344  3961  439.86917   95  537  972.63167  405.92001  58.3%   116  263s
  5347  3963  571.12202  234  954  972.63167  407.07291  58.1%   116  265s
  5351  3966  704.67476  517  450  972.63167  411.74797  57.7%   116  271s
  5353  3967  844.01050  313  668  972.63167  411.97282  57.6%   116  277s
H 5353  3768                     969.7260370  411.97282  57.5%   116  277s
  5358  3771  687.16801  223 1395  969.72604  414.01441  57.3%   115  281s
  5359  3772  730.71749  279  584  969.72604  414.44844  57.3%   115  304s
H 5359  3583                     962.7425605  414.44844  57.0%   115  305s
  5364  3586  420.52502   20  675  962.74256  416.34289  56.8%   115  312s
H 5366  3408                     956.4623012  416.34764  56.5%   115  317s
  5369  3410  623.54741  262  507  956.46230  416.38023  56.5%   115  324s
  5370  3410  818.52042  447 1149  956.46230  416.38023  56.5%   115  327s
  5371  3411  537.60433  169  437  956.46230  416.56709  56.4%   115  332s
  5373  3412  882.89213  442  523  956.46230  416.56709  56.4%   115  339s
  5374  3413  704.67476  517 1164  956.46230  418.12759  56.3%   115  340s
  5376  3414  701.29757  425  768  956.46230  418.46563  56.2%   115  347s
H 5377  3243                     954.4521300  418.46563  56.2%   115  357s
  5380  3245  720.20418  195  592  954.45213  418.47160  56.2%   115  363s
  5382  3246  679.56555  213 1359  954.45213  418.49912  56.2%   115  366s
H 5382  3083                     954.4125498  418.49912  56.2%   115  374s
  5384  3085  567.26444  168 1178  954.41255  418.49912  56.2%   115  376s
  5385  3085  694.31985  335  570  954.41255  418.49912  56.2%   115  381s
  5387  3087  599.43469  161  604  954.41255  418.49912  56.2%   115  390s
  5389  3088  844.81423  455  804  954.41255  418.53698  56.1%   115  396s
  5392  3090  871.07552  506 1618  954.41255  418.65190  56.1%   115  400s
  5395  3092  573.68735  278  893  954.41255  418.82939  56.1%   115  410s
H 5395  2936                     954.0042471  418.82939  56.1%   115  410s
H 5396  2789                     953.8687202  418.82993  56.1%   115  416s
H 5398  2649                     953.5614711  418.84177  56.1%   115  423s
H 5398  2516                     953.5218909  418.84177  56.1%   115  423s
  5400  2517  910.45553  684 1298  953.52189  418.97823  56.1%   115  426s
  5401  2518  756.67948  402  874  953.52189  418.98392  56.1%   115  432s
H 5402  2391                     951.8256276  418.99007  56.0%   115  434s
  5403  2391  633.01272  204 1212  951.82563  418.99007  56.0%   114  435s
  5404  2392  730.71749  279  838  951.82563  418.99007  56.0%   114  442s
H 5404  2271                     951.0816321  418.99007  55.9%   114  443s
  5406  2272  747.55459  399  750  951.08163  418.99007  55.9%   114  448s
  5407  2273  536.81169  145  669  951.08163  418.99007  55.9%   114  450s
H 5410  2163                     946.5964384  418.99007  55.7%   155  454s
  5412  2164  906.89243  638  505  946.59644  418.99007  55.7%   155  457s
H 5413  2056                     944.7420373  418.99007  55.7%   155  458s
  5416  2058  865.87818  363  934  944.74204  418.99007  55.7%   155  461s
  5419  2060  747.59342  400 1017  944.74204  418.99007  55.7%   155  466s
  5423  2062  715.74353  172 1037  944.74204  418.99007  55.7%   155  471s
H 5425  1961                     941.4372648  418.99007  55.5%   155  481s
  5428  1963  913.40498  720  627  941.43726  418.99007  55.5%   155  499s
  5429  1963  694.76334  344  971  941.43726  418.99007  55.5%   155  500s
  5431  1965  453.28464   87  783  941.43726  418.99007  55.5%   155  506s
H 5432  1866                     940.4238475  418.99007  55.4%   155  511s
  5434  1868  540.07703  147 1203  940.42385  418.99007  55.4%   155  515s
  5435  1868  940.42385  437  775  940.42385  418.99007  55.4%   155  523s
  5436  1869  700.47357  399 1143  940.42385  418.99007  55.4%   155  525s
  5437  1870  437.18918   55  791  940.42385  418.99007  55.4%   155  530s
  5439  1871  691.01478  312  755  940.42385  418.99007  55.4%   154  537s
  5441  1872  426.21075   66  722  940.42385  418.99007  55.4%   154  543s
  5442  1873  576.95455  168 1348  940.42385  418.99007  55.4%   154  546s
  5443  1874  706.95537  511  697  940.42385  419.00704  55.4%   154  552s
  5445  1875  789.85551  652  929  940.42385  419.00704  55.4%   154  560s
  5447  1876  571.12202  234  790  940.42385  419.00704  55.4%   154  572s
H 5448  1783                     937.0122860  419.00704  55.3%   154  578s
  5449  1784  538.10854  173  613  937.01229  419.00704  55.3%   154  580s
  5451  1785  704.67476  517  757  937.01229  419.00704  55.3%   154  588s
  5452  1786  529.31169  134 1428  937.01229  419.00704  55.3%   154  590s
  5453  1786  844.01050  313  960  937.01229  419.00704  55.3%   154  601s
  5455  1788  704.89626  491  795  937.01229  419.00704  55.3%   154  623s
H 5455  1699                     936.6197736  419.00704  55.3%   181  627s
  5456  1700  419.08442   23  926  936.61977  419.08442  55.3%   181  644s
  5458  1704  419.50591   24  829  936.61977  419.34305  55.2%   181  661s
  5462  1707  419.69263   25  819  936.61977  419.40860  55.2%   182  681s
  5468  1711  419.69493   26 1101  936.61977  419.69493  55.2%   183  694s
  5474  1715  420.39825   26  953  936.61977  419.69494  55.2%   184  702s
  5480  1718  419.75647   27 1082  936.61977  419.74938  55.2%   184  706s
  5486  1722  422.17047   27 1238  936.61977  419.75647  55.2%   185  715s
H 5489  1636                     936.2272611  419.75647  55.2%   185  715s
  5492  1643  419.75647   28 1754  936.22726  419.75647  55.2%   186  720s

Cutting planes:
  Gomory: 132
  Projected implied bound: 7
  MIR: 159
  Flow cover: 327
  Zero half: 57
  Relax-and-lift: 53

Explored 5500 nodes (1069618 simplex iterations) in 720.19 seconds
Thread count was 12 (of 12 available processors)

Solution count 10: 936.227 936.62 937.012 ... 953.522

Time limit reached
Best objective 9.362272611398e+02, best bound 4.197564720541e+02, gap 55.1651%
