
Gurobi 9.1.0 (win64) logging started Sat Dec 19 00:42:06 2020

Changed value of parameter LogFile to log/S51D4_heu_global.log
   Prev:   Default: 
Gurobi Optimizer version 9.1.0 build v9.1.0rc0 (win64)
Thread count: 6 physical cores, 12 logical processors, using up to 12 threads
Optimize a model with 25825 rows, 13055 columns and 101265 nonzeros
Model fingerprint: 0xbbb041d9
Variable types: 50 continuous, 13005 integer (13005 binary)
Coefficient statistics:
  Matrix range     [1e+00, 1e+02]
  Objective range  [2e+00, 9e+01]
  Bounds range     [1e+00, 1e+00]
  RHS range        [1e+00, 1e+03]
Presolve removed 13260 rows and 255 columns
Presolve time: 0.07s
Presolved: 12565 rows, 12800 columns, 87500 nonzeros
Variable types: 50 continuous, 12750 integer (12750 binary)

Root relaxation: objective 3.793623e+02, 366 iterations, 0.01 seconds

    Nodes    |    Current Node    |     Objective Bounds      |     Work
 Expl Unexpl |  Obj  Depth IntInf | Incumbent    BestBd   Gap | It/Node Time

     0     0  379.36228    0   98          -  379.36228      -     -    0s
     0     0  379.36228    0   98          -  379.36228      -     -    0s
     0     0  379.36228    0   98          -  379.36228      -     -    1s
     0     0  379.66360    0  112          -  379.66360      -     -    1s
     0     0  387.16275    0  124          -  387.16275      -     -    1s
     0     0  390.16160    0  112          -  390.16160      -     -    1s
     0     0  390.16160    0  123          -  390.16160      -     -    1s
     0     0  403.63357    0  177          -  403.63357      -     -    2s
     0     0  403.66157    0  155          -  403.66157      -     -    2s
     0     0  403.66157    0  144          -  403.66157      -     -    2s
     0     0  404.43228    0  189          -  404.43228      -     -    2s
     0     0  404.43228    0  174          -  404.43228      -     -    2s
     0     0  406.32870    0  170          -  406.32870      -     -    2s
     0     0  406.32870    0  164          -  406.32870      -     -    2s
     0     0  407.53182    0  225          -  407.53182      -     -    3s
     0     0  407.53182    0  137          -  407.53182      -     -    3s
     0     0  407.53182    0  260          -  407.53182      -     -    3s
     0     0  407.53182    0  204          -  407.53182      -     -    3s
     0     0  407.53182    0  129          -  407.53182      -     -    3s
     0     0  407.53182    0  174          -  407.53182      -     -    3s
     0     0  408.97814    0  137          -  408.97814      -     -    4s
H    0     0                    1075.9749276  408.97814  62.0%     -    4s
     0     0  408.97814    0  147 1075.97493  408.97814  62.0%     -    4s
H    0     0                    1049.8148553  408.97814  61.0%     -    4s
H    0     0                    1005.6538250  408.97814  59.3%     -    4s
     0     0  409.54158    0  132 1005.65382  409.54158  59.3%     -    4s
H    0     0                     973.0391623  409.54158  57.9%     -    4s
     0     0  409.54158    0  143  973.03916  409.54158  57.9%     -    4s
     0     0  409.54158    0  135  973.03916  409.54158  57.9%     -    4s
     0     0  409.54158    0  131  973.03916  409.54158  57.9%     -    5s
H    0     0                     866.7697927  409.54158  52.8%     -    7s
     0     2  409.54158    0  122  866.76979  409.54158  52.8%     -    7s
H   31    38                     830.3427954  409.64234  50.7%   124   10s
H   65    73                     803.8681174  409.69217  49.0%   108   10s
H   98   106                     795.4241800  409.69217  48.5%   105   10s
H  103   106                     792.6735637  409.69217  48.3%   109   10s
H  139   144                     777.8905387  409.69217  47.3%   100   11s
H  168   181                     769.4466013  409.69217  46.8%   100   11s
H  171   181                     730.5275644  409.69217  43.9%  98.6   11s
H  177   181                     729.9110124  409.69217  43.9%  97.9   11s
H  206   220                     718.6288227  409.69217  43.0%  99.4   12s
H  250   262                     701.9170750  409.69217  41.6%  99.1   12s
   340   347  416.95718   48   99  701.91707  409.69217  41.6%  93.0   21s
H  341   347                     701.8064449  409.69217  41.6%  92.7   21s
H  344   347                     630.3814003  409.69217  35.0%  92.5   21s
H  347   353                     629.0473174  409.69217  34.9%  92.0   23s
H  349   353                     626.9191174  409.69217  34.6%  91.7   23s
H  350   353                     618.6591783  409.69217  33.8%  91.7   23s
   388   428  417.27829   54  111  618.65918  409.69217  33.8%  87.1   27s
  1063  1117  419.79971  143  113  618.65918  409.69217  33.8%  47.8   30s
H 2213  2190                     608.4258448  409.69217  32.7%  39.2   38s
  2513  2633  599.51342  411  103  608.42584  409.69217  32.7%  37.0   40s
H 3466  3180                     604.9635618  409.75960  32.3%  33.6   44s
  3468  3181  568.11167  218   99  604.96356  409.75960  32.3%  33.5   45s
  3480  3189  413.87973   35  143  604.96356  412.68815  31.8%  33.4   50s
H 3484  3032                     595.8842200  413.31480  30.6%  33.4   54s
  3487  3034  420.15218   51  203  595.88422  413.33140  30.6%  33.4   55s
H 3487  2882                     594.5649629  413.33140  30.5%  33.4   55s
H 3489  2739                     594.4286076  413.33140  30.5%  33.3   57s
H 3491  2602                     588.0585305  413.56323  29.7%  33.3   57s
H 3493  2473                     567.5276800  413.72270  27.1%  33.3   58s
  3494  2473  531.17442  153  100  567.52768  414.98437  26.9%  33.3   65s
H 3494  2349                     559.1654213  414.98437  25.8%  33.3   65s
H 3494  2231                     559.0258154  414.98437  25.8%  33.3   65s
  3501  2236  559.02582  285  215  559.02582  414.98437  25.8%  33.2   70s
  3510  2243  433.05728  233  109  559.02582  414.98437  25.8%  41.0   76s
  3522  2251  559.02582  471  255  559.02582  415.01338  25.8%  40.8   80s
  3527  2254  430.00824   69  141  559.02582  415.01338  25.8%  40.8   85s
H 3527  2140                     556.4411881  415.01338  25.4%  40.8   85s
H 3529  2035                     555.5758153  415.01338  25.3%  40.8   89s
H 3529  1933                     555.3103524  415.01338  25.3%  40.8   89s
H 3529  1836                     554.4654293  415.01338  25.2%  40.8   89s
H 3530  1744                     554.4530271  415.01338  25.1%  40.8   90s
H 3531  1657                     553.1124604  415.07295  25.0%  40.7   91s
H 3534  1576                     551.4766218  415.13195  24.7%  40.7   93s
  3538  1579  551.47662  325  202  551.47662  415.20013  24.7%  40.7   95s
  3547  1585  499.85789  342  234  551.47662  415.32745  24.7%  40.6  100s
  3553  1589  511.46157  175  267  551.47662  415.32896  24.7%  40.5  105s
  3556  1594  416.04050   25  149  551.47662  415.67418  24.6%  50.4  110s
  3586  1618  420.56644   29  259  551.47662  417.34694  24.3%  53.5  116s
H 3587  1536                     550.6112490  417.34694  24.2%  53.5  116s
  3663  1589  421.42032   35  230  550.61125  418.23925  24.0%  57.6  120s
H 3736  1555                     545.5863591  418.23925  23.3%  61.6  124s
  3755  1579  424.08859   42  233  545.58636  418.23925  23.3%  62.7  125s
  3940  1685  427.04991   61  221  545.58636  418.23925  23.3%  70.0  130s
  4191  1910  429.01394   82  202  545.58636  418.23925  23.3%  75.1  135s
  4665  2202  441.68352  104  232  545.58636  418.23925  23.3%  77.4  140s
  5091  2376  432.60175  124  252  545.58636  418.23925  23.3%  79.8  147s
H 5113  2296                     545.3038988  418.23925  23.3%  80.3  147s
  5305  2459  485.64383  139  210  545.30390  418.23925  23.3%  83.8  151s
  5433  2473  434.05383  148  201  545.30390  418.23925  23.3%  86.1  157s
  5508  2588  434.42676  154  195  545.30390  418.23925  23.3%  87.3  160s
  5915  2852  421.51606   32  299  545.30390  418.70384  23.2%  91.1  166s
  6297  3048  485.71879   55  122  545.30390  419.11704  23.1%  92.1  170s
  6703  3345  449.41183  105  217  545.30390  419.11704  23.1%  93.8  175s
  6873  3307  468.45158  154  182  545.30390  419.11704  23.1%  93.5  180s
H 6875  3238                     545.3038965  419.11704  23.1%  93.4  180s
H 6878  3162                     543.1454679  419.11704  22.8%  93.4  180s
  7226  3532     cutoff  202       543.14547  419.12228  22.8%  94.6  186s
  7603  3906  434.60877   45  278  543.14547  419.12228  22.8%  95.0  191s
  8003  4300  430.89777   64  171  543.14547  419.12228  22.8%  95.5  196s
  8417  4735  432.78922   86  234  543.14547  419.12228  22.8%  97.2  201s
  9026  5346  481.81622  109  150  543.14547  419.12228  22.8%  97.4  206s
  9590  5872  480.96377  137  234  543.14547  419.12228  22.8%  98.2  212s
  9954  6108  525.03576  150  126  543.14547  419.12228  22.8%  98.1  215s
 10560  6715  433.91948   54  192  543.14547  420.25424  22.6%   100  222s
 10904  7043  443.22156   95  295  543.14547  420.25424  22.6%   100  226s
 11263  7601  447.99568  190  134  543.14547  420.72350  22.5%   101  230s
 11883  8051  443.30206   50  181  543.14547  420.73538  22.5%  98.6  235s
 12867  9020  447.13438   45  181  543.14547  420.85742  22.5%  97.8  244s
 13425  9403  424.13083   35  246  543.14547  420.88163  22.5%  96.8  248s
H13867  9552                     538.1673238  420.88163  21.8%  96.5  252s
H13909  9410                     535.0763496  420.88163  21.3%  96.5  252s
 14212 10051  506.92479  123  128  535.07635  420.88163  21.3%  96.2  256s
 14895 10541  513.51022  318   69  535.07635  420.88484  21.3%  94.3  260s
 15443 10647  434.93300   48  176  535.07635  420.88484  21.3%  93.5  266s
 16087 11549  422.00411   36  297  535.07635  421.22050  21.3%  93.2  273s
 16579 11902  432.51092  102  139  535.07635  421.22050  21.3%  93.1  278s
H16879 11692                     530.6937520  421.22050  20.6%  92.9  278s
 16937 12248  441.66212  195  120  530.69375  421.22050  20.6%  92.8  283s
 17556 12820  446.67683  343  101  530.69375  421.22050  20.6%  92.1  289s
 18164 13381  453.08441  487   92  530.69375  421.34811  20.6%  91.7  293s
 18781 13750  451.92370   51  143  530.69375  421.48960  20.6%  91.5  298s

Gurobi 9.1.0 (win64) logging started Sat Dec 19 00:47:19 2020

Changed value of parameter LogFile to log/S51D4_heu_global.log
   Prev:   Default: 
Gurobi Optimizer version 9.1.0 build v9.1.0rc0 (win64)
Thread count: 6 physical cores, 12 logical processors, using up to 12 threads
Optimize a model with 25825 rows, 13055 columns and 101265 nonzeros
Model fingerprint: 0xbbb041d9
Variable types: 50 continuous, 13005 integer (13005 binary)
Coefficient statistics:
  Matrix range     [1e+00, 1e+02]
  Objective range  [2e+00, 9e+01]
  Bounds range     [1e+00, 1e+00]
  RHS range        [1e+00, 1e+03]
Presolve removed 13260 rows and 255 columns
Presolve time: 0.07s
Presolved: 12565 rows, 12800 columns, 87500 nonzeros
Variable types: 50 continuous, 12750 integer (12750 binary)

Root relaxation: objective 3.793623e+02, 366 iterations, 0.01 seconds

    Nodes    |    Current Node    |     Objective Bounds      |     Work
 Expl Unexpl |  Obj  Depth IntInf | Incumbent    BestBd   Gap | It/Node Time

     0     0  379.36228    0   98          -  379.36228      -     -    0s
     0     0  379.36228    0   98          -  379.36228      -     -    1s
     0     0  379.36228    0   98          -  379.36228      -     -    1s
     0     0  379.66360    0  112          -  379.66360      -     -    1s
     0     0  387.16275    0  124          -  387.16275      -     -    2s
     0     0  390.16160    0  112          -  390.16160      -     -    2s
     0     0  390.16160    0  123          -  390.16160      -     -    2s
     0     0  403.63357    0  177          -  403.63357      -     -    2s
     0     0  403.66157    0  155          -  403.66157      -     -    2s
     0     0  403.66157    0  144          -  403.66157      -     -    2s
     0     0  404.43228    0  189          -  404.43228      -     -    2s
     0     0  404.43228    0  174          -  404.43228      -     -    2s
     0     0  406.32870    0  170          -  406.32870      -     -    3s
     0     0  406.32870    0  164          -  406.32870      -     -    3s
     0     0  407.53182    0  225          -  407.53182      -     -    3s
     0     0  407.53182    0  137          -  407.53182      -     -    3s
     0     0  407.53182    0  260          -  407.53182      -     -    3s
     0     0  407.53182    0  204          -  407.53182      -     -    3s
     0     0  407.53182    0  129          -  407.53182      -     -    3s
     0     0  407.53182    0  174          -  407.53182      -     -    3s
     0     0  408.97814    0  137          -  408.97814      -     -    4s
H    0     0                    1075.9749276  408.97814  62.0%     -    4s
     0     0  408.97814    0  147 1075.97493  408.97814  62.0%     -    4s
H    0     0                    1049.8148553  408.97814  61.0%     -    4s
H    0     0                    1005.6538250  408.97814  59.3%     -    4s
     0     0  409.54158    0  132 1005.65382  409.54158  59.3%     -    4s
H    0     0                     973.0391623  409.54158  57.9%     -    4s
     0     0  409.54158    0  143  973.03916  409.54158  57.9%     -    4s
     0     0  409.54158    0  135  973.03916  409.54158  57.9%     -    5s
     0     0  409.54158    0  131  973.03916  409.54158  57.9%     -    5s
H    0     0                     866.7697927  409.54158  52.8%     -    7s
     0     2  409.54158    0  122  866.76979  409.54158  52.8%     -    7s
H   31    38                     830.3427954  409.64234  50.7%   124   10s
H   65    73                     803.8681174  409.69217  49.0%   108   10s
H   98   106                     795.4241800  409.69217  48.5%   105   11s
H  103   106                     792.6735637  409.69217  48.3%   109   11s
H  139   144                     777.8905387  409.69217  47.3%   100   11s
H  168   181                     769.4466013  409.69217  46.8%   100   12s
H  171   181                     730.5275644  409.69217  43.9%  98.6   12s
H  177   181                     729.9110124  409.69217  43.9%  97.9   12s
H  206   220                     718.6288227  409.69217  43.0%  99.4   12s
H  250   262                     701.9170750  409.69217  41.6%  99.1   13s

Gurobi 9.1.0 (win64) logging started Sat Dec 19 00:47:48 2020

Changed value of parameter LogFile to log/S51D4_heu_global.log
   Prev:   Default: 
Gurobi Optimizer version 9.1.0 build v9.1.0rc0 (win64)
Thread count: 6 physical cores, 12 logical processors, using up to 12 threads
Optimize a model with 25825 rows, 13055 columns and 101265 nonzeros
Model fingerprint: 0xbbb041d9
Variable types: 50 continuous, 13005 integer (13005 binary)
Coefficient statistics:
  Matrix range     [1e+00, 1e+02]
  Objective range  [2e+00, 9e+01]
  Bounds range     [1e+00, 1e+00]
  RHS range        [1e+00, 1e+03]
Presolve removed 13260 rows and 255 columns
Presolve time: 0.07s
Presolved: 12565 rows, 12800 columns, 87500 nonzeros
Variable types: 50 continuous, 12750 integer (12750 binary)

Root relaxation: objective 3.793623e+02, 366 iterations, 0.02 seconds

    Nodes    |    Current Node    |     Objective Bounds      |     Work
 Expl Unexpl |  Obj  Depth IntInf | Incumbent    BestBd   Gap | It/Node Time

     0     0  379.36228    0   98          -  379.36228      -     -    0s
     0     0  379.36228    0   98          -  379.36228      -     -    1s
     0     0  379.36228    0   98          -  379.36228      -     -    1s
     0     0  379.66360    0  112          -  379.66360      -     -    1s
     0     0  387.16275    0  124          -  387.16275      -     -    2s
     0     0  390.16160    0  112          -  390.16160      -     -    2s
     0     0  390.16160    0  123          -  390.16160      -     -    2s
     0     0  403.63357    0  177          -  403.63357      -     -    2s
     0     0  403.66157    0  155          -  403.66157      -     -    2s
     0     0  403.66157    0  144          -  403.66157      -     -    2s
     0     0  404.43228    0  189          -  404.43228      -     -    2s
     0     0  404.43228    0  174          -  404.43228      -     -    2s
     0     0  406.32870    0  170          -  406.32870      -     -    2s
     0     0  406.32870    0  164          -  406.32870      -     -    3s
     0     0  407.53182    0  225          -  407.53182      -     -    3s
     0     0  407.53182    0  137          -  407.53182      -     -    3s
     0     0  407.53182    0  260          -  407.53182      -     -    3s
     0     0  407.53182    0  204          -  407.53182      -     -    3s
     0     0  407.53182    0  129          -  407.53182      -     -    3s
     0     0  407.53182    0  174          -  407.53182      -     -    3s
     0     0  408.97814    0  137          -  408.97814      -     -    4s
H    0     0                    1075.9749276  408.97814  62.0%     -    4s
     0     0  408.97814    0  147 1075.97493  408.97814  62.0%     -    4s
H    0     0                    1049.8148553  408.97814  61.0%     -    4s
H    0     0                    1005.6538250  408.97814  59.3%     -    4s
     0     0  409.54158    0  132 1005.65382  409.54158  59.3%     -    4s
H    0     0                     973.0391623  409.54158  57.9%     -    4s
     0     0  409.54158    0  143  973.03916  409.54158  57.9%     -    4s
     0     0  409.54158    0  135  973.03916  409.54158  57.9%     -    4s
     0     0  409.54158    0  131  973.03916  409.54158  57.9%     -    5s
H    0     0                     866.7697927  409.54158  52.8%     -    7s
     0     2  409.54158    0  122  866.76979  409.54158  52.8%     -    7s
H   31    38                     830.3427954  409.64234  50.7%   124   10s
H   65    73                     803.8681174  409.69217  49.0%   108   10s
H   98   106                     795.4241800  409.69217  48.5%   105   10s
H  103   106                     792.6735637  409.69217  48.3%   109   10s
H  139   144                     777.8905387  409.69217  47.3%   100   11s
H  168   181                     769.4466013  409.69217  46.8%   100   11s
H  171   181                     730.5275644  409.69217  43.9%  98.6   11s
H  177   181                     729.9110124  409.69217  43.9%  97.9   11s
H  206   220                     718.6288227  409.69217  43.0%  99.4   12s
H  250   262                     701.9170750  409.69217  41.6%  99.1   12s
   340   347  416.95718   48   99  701.91707  409.69217  41.6%  93.0   21s
H  341   347                     701.8064449  409.69217  41.6%  92.7   21s
H  344   347                     630.3814003  409.69217  35.0%  92.5   21s
H  347   353                     629.0473174  409.69217  34.9%  92.0   23s
H  349   353                     626.9191174  409.69217  34.6%  91.7   23s
H  350   353                     618.6591783  409.69217  33.8%  91.7   23s
   388   428  417.27829   54  111  618.65918  409.69217  33.8%  87.1   27s
  1063  1117  419.79971  143  113  618.65918  409.69217  33.8%  47.8   30s
H 2213  2190                     608.4258448  409.69217  32.7%  39.2   38s
  2513  2633  599.51342  411  103  608.42584  409.69217  32.7%  37.0   40s
H 3466  3180                     604.9635618  409.75960  32.3%  33.6   44s
  3468  3181  568.11167  218   99  604.96356  409.75960  32.3%  33.5   45s
  3480  3189  413.87973   35  143  604.96356  412.68815  31.8%  33.4   50s
H 3484  3032                     595.8842200  413.31480  30.6%  33.4   54s
  3487  3034  420.15218   51  203  595.88422  413.33140  30.6%  33.4   55s
H 3487  2882                     594.5649629  413.33140  30.5%  33.4   55s
H 3489  2739                     594.4286076  413.33140  30.5%  33.3   56s
H 3491  2602                     588.0585305  413.56323  29.7%  33.3   57s
H 3493  2473                     567.5276800  413.72270  27.1%  33.3   58s
  3494  2473  531.17442  153  100  567.52768  414.98437  26.9%  33.3   65s
H 3494  2349                     559.1654213  414.98437  25.8%  33.3   65s
H 3494  2231                     559.0258154  414.98437  25.8%  33.3   65s
  3501  2236  559.02582  285  215  559.02582  414.98437  25.8%  33.2   70s
  3510  2243  433.05728  233  109  559.02582  414.98437  25.8%  41.0   76s
  3522  2251  559.02582  471  255  559.02582  415.01338  25.8%  40.8   80s
  3527  2254  430.00824   69  141  559.02582  415.01338  25.8%  40.8   85s
H 3527  2140                     556.4411881  415.01338  25.4%  40.8   85s
H 3529  2035                     555.5758153  415.01338  25.3%  40.8   89s
H 3529  1933                     555.3103524  415.01338  25.3%  40.8   89s
H 3529  1836                     554.4654293  415.01338  25.2%  40.8   89s
H 3530  1744                     554.4530271  415.01338  25.1%  40.8   90s
H 3531  1657                     553.1124604  415.07295  25.0%  40.7   91s
H 3534  1576                     551.4766218  415.13195  24.7%  40.7   93s
  3538  1579  551.47662  325  202  551.47662  415.20013  24.7%  40.7   95s
  3547  1585  499.85789  342  234  551.47662  415.32745  24.7%  40.6  100s
  3553  1589  511.46157  175  267  551.47662  415.32896  24.7%  40.5  105s
  3556  1594  416.04050   25  149  551.47662  415.67418  24.6%  50.4  110s
  3586  1618  420.56644   29  259  551.47662  417.34694  24.3%  53.5  116s
H 3587  1536                     550.6112490  417.34694  24.2%  53.5  116s
  3685  1604  421.90806   36  218  550.61125  418.23925  24.0%  58.6  120s
H 3736  1555                     545.5863591  418.23925  23.3%  61.6  123s
  3774  1596  424.54635   45  243  545.58636  418.23925  23.3%  63.6  125s
  3982  1735  427.67309   65  223  545.58636  418.23925  23.3%  71.2  130s
  4263  1953  429.15645   86  209  545.58636  418.23925  23.3%  75.3  135s
  4744  2244  431.49003  108  198  545.58636  418.23925  23.3%  78.0  140s
  5091  2376  432.60175  124  252  545.58636  418.23925  23.3%  79.8  146s
H 5113  2296                     545.3038988  418.23925  23.3%  80.3  146s
  5380  2485  433.79484  144  215  545.30390  418.23925  23.3%  84.7  151s
  5433  2473  434.05383  148  201  545.30390  418.23925  23.3%  86.1  156s
  5664  2694  435.55117  165  178  545.30390  418.23925  23.3%  89.4  161s
  6050  2913  434.43213   37  248  545.30390  418.70384  23.2%  91.1  165s
  6550  3227  438.13040   55  259  545.30390  419.11704  23.1%  93.5  171s
  6873  3307  468.45158  154  182  545.30390  419.11704  23.1%  93.5  178s
H 6875  3238                     545.3038965  419.11704  23.1%  93.4  178s
H 6878  3162                     543.1454679  419.11704  22.8%  93.4  178s
  7047  3414  486.68201  178  206  543.14547  419.11704  22.8%  94.1  181s
  7413  3716  432.82608   38  213  543.14547  419.12228  22.8%  94.8  186s
  7800  4093  428.20575   52  277  543.14547  419.12228  22.8%  95.2  190s
  8212  4460  432.00824   75  244  543.14547  419.12228  22.8%  96.1  195s
  8715  5043  477.11682   97  216  543.14547  419.12228  22.8%  97.4  200s
  9355  5562  480.38299  125  208  543.14547  419.12228  22.8%  97.2  205s
  9954  6108  525.03576  150  126  543.14547  419.12228  22.8%  98.1  211s
 10252  6371     cutoff  183       543.14547  420.25424  22.6%  98.6  215s
 10904  7043  443.22156   95  295  543.14547  420.25424  22.6%   100  222s
 11263  7601  447.99568  190  134  543.14547  420.72350  22.5%   101  225s
 11883  8051  443.30206   50  181  543.14547  420.73538  22.5%  98.6  230s
 12867  9020  447.13438   45  181  543.14547  420.85742  22.5%  97.8  239s
 13425  9403  424.13083   35  246  543.14547  420.88163  22.5%  96.8  243s
H13867  9552                     538.1673238  420.88163  21.8%  96.5  247s
H13909  9410                     535.0763496  420.88163  21.3%  96.5  247s
 14212 10051  506.92479  123  128  535.07635  420.88163  21.3%  96.2  252s
 14895 10541  513.51022  318   69  535.07635  420.88484  21.3%  94.3  255s
 15443 10647  434.93300   48  176  535.07635  420.88484  21.3%  93.5  261s
 16087 11549  422.00411   36  297  535.07635  421.22050  21.3%  93.2  268s
 16579 11902  432.51092  102  139  535.07635  421.22050  21.3%  93.1  273s
H16879 11692                     530.6937520  421.22050  20.6%  92.9  273s
 16937 12248  441.66212  195  120  530.69375  421.22050  20.6%  92.8  277s
 17556 12820  446.67683  343  101  530.69375  421.22050  20.6%  92.1  283s
 18164 13381  453.08441  487   92  530.69375  421.34811  20.6%  91.7  287s
 18781 13750  451.92370   51  143  530.69375  421.48960  20.6%  91.5  292s
 19230 14212  445.25955   62  247  530.69375  421.67189  20.5%  92.4  296s
 19766 14531  433.38288   34  138  530.69375  421.78311  20.5%  92.8  301s
 20124 14855  439.64453   45  257  530.69375  421.78311  20.5%  94.2  306s
 20538 15147  455.53318   69  177  530.69375  421.78311  20.5%  95.3  311s
 21020 15601  457.20023   94  174  530.69375  421.78311  20.5%  95.9  316s
 21506 15976  458.99040  112  194  530.69375  421.82548  20.5%  95.9  322s
 21927 16472  430.95688   45  157  530.69375  421.82548  20.5%  96.4  327s
 22462 17167  441.91357  171  131  530.69375  421.82548  20.5%  96.5  334s
H23003 16967                     527.4964764  421.82548  20.0%  96.0  334s
 23223 17579  450.78145  309  126  527.49648  421.88217  20.0%  95.6  340s
 23966 18198  428.84792   32  228  527.49648  421.88217  20.0%  94.9  345s
 24696 18576  448.16530   70  279  527.49648  421.88217  20.0%  94.3  350s
 25188 19056  454.47539  214  181  527.49648  422.13075  20.0%  94.6  355s
 25836 19057  435.60333   41  131  527.49648  422.13075  20.0%  94.6  402s
 25841 19060  469.38712  122  120  527.49648  422.13075  20.0%  94.6  405s
 25851 19067  450.60730   64  182  527.49648  422.13075  20.0%  94.5  410s
H25854 18115                     523.9619499  422.13075  19.4%  94.5  415s
 25868 18124  434.47104   56  270  523.96195  422.13075  19.4%  94.5  420s
 25873 18128  450.12736   42  334  523.96195  422.13075  19.4%  94.4  425s
H25873 17221                     523.5832547  422.13075  19.4%  94.4  426s
 25876 17223  430.72382   43  171  523.58325  422.13075  19.4%  94.4  430s
 25884 17228  432.21684   53  220  523.58325  422.13075  19.4%  94.4  438s
 25886 17229  448.41296   44  138  523.58325  422.13075  19.4%  94.4  441s
H25889 16368                     523.4490686  422.13075  19.4%  94.4  445s
H25890 15550                     522.6326688  422.13075  19.2%  94.4  447s
 25893 15552  440.17196   48  168  522.63267  422.13075  19.2%  94.4  450s
 25897 15555  522.63267  318  208  522.63267  422.13075  19.2%  94.3  455s
H25900 14778                     521.0130443  422.13075  19.0%  94.3  474s
 25905 14781  482.47317   95  352  521.01304  422.13075  19.0%  94.3  476s
 25908 14783  444.36604  119  303  521.01304  422.13075  19.0%  94.3  480s
 25912 14786  434.94924  120  335  521.01304  422.13075  19.0%  94.3  485s
 25928 14796  469.48285  292  310  521.01304  422.13075  19.0%  94.2  490s
 25933 14800  510.09539  228  300  521.01304  422.13075  19.0%  94.2  496s
 25937 14802  450.34629  119  316  521.01304  422.13075  19.0%  94.2  500s
 25941 14805  469.38712  122  321  521.01304  422.13075  19.0%  94.2  505s
 25944 14807  476.87660  222  346  521.01304  422.13075  19.0%  94.2  510s
 25948 14810  439.14640  270  307  521.01304  422.13075  19.0%  94.2  516s
 25951 14812  450.60730   64  334  521.01304  422.13075  19.0%  94.2  520s
 25953 14813  438.61362   63  282  521.01304  422.13075  19.0%  94.1  525s
 25955 14817  422.13075   37  283  521.01304  422.13075  19.0%  96.8  534s
 25957 14821  422.13075   38  214  521.01304  422.13075  19.0%  96.9  542s
 25961 14824  422.13075   39  205  521.01304  422.13075  19.0%  96.9  552s
 25967 14828  422.13075   40  191  521.01304  422.13075  19.0%  97.0  558s
 25973 14832  422.13075   40  143  521.01304  422.13075  19.0%  97.2  562s
 25985 14840  422.13075   41  196  521.01304  422.13075  19.0%  97.3  567s
H25988 14096                     519.9499442  422.13075  18.8%  97.4  567s
 26013 14121  422.13075   44  168  519.94994  422.13075  18.8%  97.6  570s
H26026 13422                     519.6929588  422.13075  18.8%  97.7  571s
 26073 13448  422.76299   47  240  519.69296  422.13075  18.8%  98.0  579s
 26079 13463  422.84073   48  212  519.69296  422.13075  18.8%  98.0  580s
 26132 13505  435.57124   51  144  519.69296  422.13075  18.8%  98.2  585s
 26215 13545  425.10903   59  221  519.69296  422.13075  18.8%  98.5  592s
 26334 13645  425.56312   67  145  519.69296  422.13075  18.8%  98.9  595s
 26541 13798  427.16647   88  125  519.69296  422.13075  18.8%   100  601s
 26802 14016  458.91907  117  120  519.69296  422.13075  18.8%   100  605s
 27144 14204  462.43721  155  121  519.69296  422.13075  18.8%   100  610s
 27540 14366  447.28455   50  168  519.69296  422.13075  18.8%   100  616s
 27799 14522  426.02241   50  219  519.69296  422.13075  18.8%   101  620s
 28135 14706  432.62101   79  166  519.69296  422.13075  18.8%   101  625s
 28510 14864  440.11982  175  118  519.69296  422.13075  18.8%   101  630s
 28577 14930  441.07852  190  118  519.69296  422.13075  18.8%   101  636s
 28807 15095  513.26457  217  104  519.69296  422.13075  18.8%   102  640s
 29292 15450  463.02271   93  120  519.69296  422.13075  18.8%   102  647s
 29715 15649  437.92271   54  249  519.69296  422.13075  18.8%   102  652s
 29877 15816  448.10919   74  208  519.69296  422.13075  18.8%   102  655s
 30381 16076  427.45129   50  259  519.69296  422.13075  18.8%   102  660s
 30820 16328  429.77064   58  224  519.69296  422.13075  18.8%   102  667s
 31078 16521  437.30205   63  259  519.69296  422.13075  18.8%   103  671s
 31367 16747  432.60226   69  220  519.69296  422.13075  18.8%   103  675s
 31968 16934  439.32743   86  129  519.69296  422.13075  18.8%   104  682s
 32137 17130  439.59439   90  123  519.69296  422.13075  18.8%   104  686s
 32409 17224  449.97825   98  105  519.69296  422.13075  18.8%   105  690s
 33063 17392  448.78406  117  111  519.69296  422.13075  18.8%   105  705s
H33068 16719                     519.6929553  422.13075  18.8%   105  705s
 33069 17135  477.52918  117  116  519.69296  422.13075  18.8%   105  710s
 33553 17165  453.96106  133  119  519.69296  422.13075  18.8%   105  715s
 33810 17405  475.22398  141   83  519.69296  422.13075  18.8%   105  720s

Cutting planes:
  Gomory: 81
  MIR: 88
  Flow cover: 333
  Zero half: 139
  RLT: 207

Explored 34162 nodes (3633079 simplex iterations) in 720.11 seconds
Thread count was 12 (of 12 available processors)

Solution count 10: 519.693 519.95 521.013 ... 535.076

Time limit reached
Best objective 5.196929587504e+02, best bound 4.221307501597e+02, gap 18.7730%

Gurobi 9.1.0 (win64) logging started Sat Dec 19 00:59:49 2020

Changed value of parameter LogFile to log/S51D4_heu_global.log
   Prev:   Default: 
Gurobi Optimizer version 9.1.0 build v9.1.0rc0 (win64)
Thread count: 6 physical cores, 12 logical processors, using up to 12 threads
Optimize a model with 10360 rows, 5252 columns and 40506 nonzeros
Model fingerprint: 0x4ea7d3c6
Variable types: 50 continuous, 5202 integer (5202 binary)
Coefficient statistics:
  Matrix range     [1e+00, 1e+02]
  Objective range  [2e+00, 9e+01]
  Bounds range     [1e+00, 1e+00]
  RHS range        [1e+00, 1e+03]
Presolve removed 5304 rows and 102 columns
Presolve time: 0.03s
Presolved: 5056 rows, 5150 columns, 35000 nonzeros
Variable types: 50 continuous, 5100 integer (5100 binary)

Root relaxation: infeasible, 84 iterations, 0.00 seconds

    Nodes    |    Current Node    |     Objective Bounds      |     Work
 Expl Unexpl |  Obj  Depth IntInf | Incumbent    BestBd   Gap | It/Node Time

     0     0 infeasible    0               - infeasible      -     -    0s

Explored 0 nodes (84 simplex iterations) in 0.07 seconds
Thread count was 12 (of 12 available processors)

Solution count 0

Model is infeasible
Best objective -, best bound -, gap -

Gurobi 9.1.0 (win64) logging started Sat Dec 19 01:00:57 2020

Changed value of parameter LogFile to log/S51D4_heu_global.log
   Prev:   Default: 
Gurobi Optimizer version 9.1.0 build v9.1.0rc0 (win64)
Thread count: 6 physical cores, 12 logical processors, using up to 12 threads
Optimize a model with 25825 rows, 13055 columns and 101265 nonzeros
Model fingerprint: 0xd31152e2
Variable types: 50 continuous, 13005 integer (13005 binary)
Coefficient statistics:
  Matrix range     [1e+00, 1e+02]
  Objective range  [2e+00, 9e+01]
  Bounds range     [1e+00, 1e+00]
  RHS range        [1e+00, 1e+03]
Presolve removed 13260 rows and 255 columns
Presolve time: 0.07s
Presolved: 12565 rows, 12800 columns, 87500 nonzeros
Variable types: 50 continuous, 12750 integer (12750 binary)

Root relaxation: objective 3.793623e+02, 363 iterations, 0.01 seconds

    Nodes    |    Current Node    |     Objective Bounds      |     Work
 Expl Unexpl |  Obj  Depth IntInf | Incumbent    BestBd   Gap | It/Node Time

     0     0  379.36228    0   98          -  379.36228      -     -    0s
     0     0  379.36228    0  100          -  379.36228      -     -    0s
     0     0  379.36228    0  110          -  379.36228      -     -    1s
     0     0  379.58165    0  105          -  379.58165      -     -    1s
     0     0  388.71917    0  126          -  388.71917      -     -    2s
     0     0  403.63242    0  145          -  403.63242      -     -    2s
     0     0  403.63242    0  173          -  403.63242      -     -    2s
     0     0  403.66157    0  162          -  403.66157      -     -    2s
     0     0  403.67614    0  118          -  403.67614      -     -    3s
     0     0  403.67614    0  112          -  403.67614      -     -    3s
     0     0  404.48372    0  164          -  404.48372      -     -    3s
     0     0  404.48372    0  154          -  404.48372      -     -    3s
     0     0  407.05553    0  162          -  407.05553      -     -    3s
     0     0  407.05553    0  139          -  407.05553      -     -    3s
     0     0  407.05553    0  135          -  407.05553      -     -    3s
     0     0  407.05553    0  135          -  407.05553      -     -    3s
     0     0  407.05553    0  135          -  407.05553      -     -    4s
     0     0  407.05553    0  151          -  407.05553      -     -    4s
     0     0  407.05553    0  104          -  407.05553      -     -    4s
     0     0  407.05553    0  116          -  407.05553      -     -    5s
H    0     0                    1356.4716834  407.05553  70.0%     -    5s
     0     0  408.97907    0   98 1356.47168  408.97907  69.8%     -    5s
H    0     0                    1247.7808146  408.97907  67.2%     -    5s
     0     0  408.97907    0  110 1247.78081  408.97907  67.2%     -    5s
H    0     0                     949.6524857  408.97907  56.9%     -    5s
     0     0  408.97907    0  125  949.65249  408.97907  56.9%     -    5s
H    0     0                     840.1855858  408.97907  51.3%     -   10s
H    0     0                     781.0668652  408.97907  47.6%     -   10s
H    0     0                     777.2797815  408.97907  47.4%     -   10s
H    0     0                     766.2326774  408.97907  46.6%     -   10s
     0     0  408.97907    0  120  766.23268  408.97907  46.6%     -   10s
     0     0  408.97907    0   99  766.23268  408.97907  46.6%     -   11s
     0     0  408.97907    0   99  766.23268  408.97907  46.6%     -   11s
H    0     0                     763.5310956  413.34751  45.9%     -   12s
     0     2  413.34751    0   98  763.53110  413.34751  45.9%     -   13s
     3     8  413.34751    2  139  763.53110  413.34751  45.9%   239   15s
H   33    39                     750.1418696  413.34751  44.9%   231   17s
H   67    73                     745.6607844  413.34751  44.6%   189   20s
H   68    73                     718.3170180  413.34751  42.5%   187   20s
H   72    73                     688.0226966  413.34751  39.9%   183   20s
H  450   448                     666.3693108  413.34751  38.0%  79.5   29s
H  451   448                     650.2532060  413.34751  36.4%  79.4   29s
H  455   448                     647.4940274  413.34751  36.2%  78.9   29s
   499   532  422.57111   73  110  647.49403  413.34751  36.2%  74.5   30s
   866   891  426.01470  136   89  647.49403  413.34751  36.2%  53.4   35s
  1578  1625  536.95608  211   74  647.49403  413.34751  36.2%  39.9   40s
H 2159  2164                     639.6067220  413.34751  35.4%  33.6   43s
  2269  2218  545.20889  304   55  639.60672  413.34751  35.4%  33.4   46s
  2764  2796  547.63977  361   70  639.60672  413.34751  35.4%  32.4   50s
  3588  3550  553.33525  465   85  639.60672  413.34751  35.4%  31.6   55s
H 4215  3702                     639.4430594  413.34751  35.4%  32.3   58s
  4217  3703  473.24389  130   98  639.44306  413.34751  35.4%  32.3   60s
H 4217  3517                     631.8747884  413.34751  34.6%  32.3   60s
H 4227  3348                     621.9028373  413.84447  33.5%  32.2   69s
H 4228  3182                     619.7165683  413.84447  33.2%  33.8   76s
  4231  3186  413.84447   14  126  619.71657  413.84447  33.2%  34.0   80s
H 4259  3052                     619.6467787  413.84447  33.2%  34.9   83s
H 4298  2923                     612.2149242  413.84447  32.4%  35.8   85s
H 4301  2778                     607.5414861  413.84447  31.9%  35.8   85s
  4706  3060  424.88049   57  117  607.54149  413.84447  31.9%  39.7   90s
H 5392  3283                     600.6194543  413.84447  31.1%  40.0   98s
H 5396  3153                     581.7498858  413.84447  28.9%  40.0   98s
H 5412  3077                     573.2348063  413.84447  27.8%  40.1   99s
  5455  3128  436.96615   98   63  573.23481  413.84447  27.8%  40.0  100s
  5897  3290  440.69328  122   90  573.23481  413.84447  27.8%  40.2  108s
H 5907  3164                     563.9963097  413.84447  26.6%  40.2  108s
H 5980  3120                     559.5572564  413.84447  26.0%  40.4  108s
  6066  3180  441.64341  138   70  559.55726  413.84447  26.0%  40.5  114s
H 6093  3063                     558.9949202  413.84447  26.0%  40.6  114s
H 6107  2950                     555.5678629  413.84447  25.5%  40.5  114s
  6158  3058  442.01579  145   77  555.56786  413.84447  25.5%  40.5  115s
  6992  3557  532.98896  206   67  555.56786  413.84447  25.5%  41.5  120s
  7964  3972  413.84447   20  213  555.56786  413.84447  25.5%  41.2  125s
  8841  4494  452.35780   70   87  555.56786  413.84447  25.5%  42.6  130s
  9928  5096  421.23045   24   85  555.56786  413.84447  25.5%  42.5  136s
 10699  5743  415.55319   24   91  555.56786  413.84447  25.5%  43.6  141s
 11581  6607  512.93466   92  128  555.56786  413.84447  25.5%  44.8  146s
 12490  7458  444.25851   66  108  555.56786  413.84447  25.5%  46.2  151s
 13339  8336  449.92877   42  119  555.56786  413.84447  25.5%  47.4  156s
 14331  9075  547.33457  227   50  555.56786  413.84447  25.5%  47.3  160s
 15055  9388  496.83545  115   76  555.56786  413.84447  25.5%  47.8  166s
 15489 10140  534.28101  176   59  555.56786  413.84447  25.5%  47.7  170s
 16280 10804  552.21826   58   65  555.56786  413.84447  25.5%  48.3  175s
 17478 11611 infeasible  261       555.56786  413.84447  25.5%  48.2  180s
 17591 12152  414.15287   27  167  555.56786  413.84447  25.5%  48.2  188s
H18085 11761                     543.7133469  413.84447  23.9%  48.2  188s
 18199 11932  533.23819  108   71  543.71335  413.84447  23.9%  48.2  195s
H18223 11811                     541.4331217  413.84447  23.6%  48.2  195s
 19004 13101  476.62375   42  113  541.43312  413.89279  23.6%  48.3  202s
 19835 13519  498.86590   75   75  541.43312  413.99238  23.5%  48.0  206s
 20795 14573  462.48318  146   91  541.43312  414.02847  23.5%  48.4  212s
 21512 14982  475.64893  358   46  541.43312  414.06903  23.5%  48.5  215s
 22682 15674  470.44632  303   86  541.43312  414.06903  23.5%  48.1  223s
 22744 16257  473.67028  360   90  541.43312  414.17290  23.5%  48.0  226s
 23926 16956  457.67567   49  145  541.43312  414.24724  23.5%  48.7  234s
 24218 17541  460.81480   69  115  541.43312  414.25401  23.5%  48.8  237s
 24911 18019  439.44793   36  191  541.43312  414.25401  23.5%  48.7  240s
 25401 18020  518.55345  269   99  541.43312  414.25401  23.5%  48.9  269s
 25403 18021  449.23861   58   99  541.43312  414.25401  23.5%  48.9  270s
 25413 18028  494.59328  115  132  541.43312  414.98437  23.4%  48.9  275s
 25417 18031  471.39835  106  197  541.43312  414.98437  23.4%  48.9  280s
 25421 18033  462.46321  107   90  541.43312  414.98437  23.4%  48.8  285s
 25422 18034  463.02258  146   90  541.43312  415.20752  23.3%  48.8  290s
H25422 17133                     538.4946866  415.20752  22.9%  49.3  297s
 25423 17135  415.20752   25  150  538.49469  415.20752  22.9%  49.3  300s
 25425 17138  415.20752   26  150  538.49469  415.20752  22.9%  49.4  305s
 25435 17147  415.20752   28  126  538.49469  415.20752  22.9%  49.4  312s
 25447 17155  415.57618   29  148  538.49469  415.20752  22.9%  49.5  315s
H25453 16303                     531.5112102  415.20752  21.9%  49.5  323s
H25458 15486                     531.5111989  415.57618  21.8%  49.6  323s
 25459 15497  416.33231   30  103  531.51120  416.06282  21.7%  49.6  325s
H25498 14742                     530.6374048  416.09344  21.6%  49.8  327s
 25541 14774  435.42774   37   81  530.63740  416.09344  21.6%  50.0  330s
H25544 14038                     528.2011523  416.09344  21.2%  50.0  330s
H25605 13386                     525.0078331  416.09344  20.7%  50.1  331s
H25645 12744                     514.6614640  416.09344  19.2%  50.2  334s
 25651 12773  423.94587   47  150  514.66146  416.09344  19.2%  50.2  335s
 25947 12979  465.43175   75  103  514.66146  416.09344  19.2%  50.7  340s
 26392 13214  430.31889   37   65  514.66146  416.09739  19.2%  51.1  345s
 26743 13440  453.69827   63  129  514.66146  416.33231  19.1%  51.3  350s
 26908 13475  454.90596   88   88  514.66146  416.33231  19.1%  51.3  356s
H26912 12840                     512.8491037  416.33231  18.8%  51.3  356s
 27087 13070  457.20168  112   71  512.84910  416.35740  18.8%  51.4  361s
 27577 13358  428.16998  100   54  512.84910  416.35740  18.8%  51.9  366s
 27919 13466  505.83710  134  111  512.84910  416.35740  18.8%  52.1  370s
 28570 13910  418.72830   36  172  512.84910  416.35740  18.8%  52.4  376s
 29169 14238  478.63408   79  137  512.84910  416.35740  18.8%  52.9  381s
 29542 14513  433.83737   62  135  512.84910  416.37831  18.8%  53.5  385s
 30424 15041  476.47048  218   87  512.84910  416.37831  18.8%  53.8  396s
H30660 14322                     509.4011874  416.37831  18.3%  53.7  396s
 31232 14783  426.60872   81  174  509.40119  417.29150  18.1%  53.7  401s
 31970 15271  477.76600   92   58  509.40119  417.37993  18.1%  54.0  406s
 32773 15682  499.88048  120  105  509.40119  417.56655  18.0%  54.0  411s
 33680 16274  470.17648  139  154  509.40119  417.62246  18.0%  54.1  417s
 34138 16486  480.83279  198  140  509.40119  417.64150  18.0%  54.0  420s
 35028 17015  418.42347   38  178  509.40119  417.69258  18.0%  54.1  426s
 35494 16866  438.84574   83  136  509.40119  417.69258  18.0%  54.2  433s
H35498 16222                     507.6675474  417.69258  17.7%  54.2  433s
 35500 16767  438.85154   84  137  507.66755  417.69258  17.7%  54.2  436s
 36134 17111  478.20279  142   70  507.66755  417.69258  17.7%  54.1  440s
 36761 17420  481.78671  263   89  507.66755  417.80635  17.7%  54.0  445s
 37305 17589  436.64034   59   83  507.66755  417.83595  17.7%  54.0  454s
 37659 17840  488.19377  118   78  507.66755  417.93125  17.7%  53.9  458s
H37824 17174                     506.3444848  417.94170  17.5%  54.0  458s
 38090 18026  427.12994   68  176  506.34448  417.94170  17.5%  54.0  464s
 39108 18213  466.90026  189   61  506.34448  417.94925  17.5%  54.0  468s
 39721 18720  455.45238   79   85  506.34448  418.07554  17.4%  54.1  472s
 40475 19090  427.42070   88  140  506.34448  418.09125  17.4%  53.9  475s
 41884 19817  441.46741  310  118  506.34448  418.09125  17.4%  53.2  482s
 42417 20177  448.99427  449   99  506.34448  418.09125  17.4%  53.2  485s
 43390 20534  438.06698   63   69  506.34448  418.25622  17.4%  53.3  491s
 43803 20762  442.73742   60   61  506.34448  418.28882  17.4%  53.8  495s
H44350 20263                     504.1541662  418.29259  17.0%  54.1  498s
 44901 20493  467.61757   97   90  504.15417  418.41010  17.0%  54.2  501s
H46097 20309                     504.1084713  418.42768  17.0%  54.3  508s
 46354 20576  441.45893   53  119  504.10847  418.42768  17.0%  54.5  512s
 46820 20800  442.78403   77   53  504.10847  418.42768  17.0%  54.7  515s
H47338 19877                     500.7292722  418.42768  16.4%  55.1  519s
 47394 20423  447.16667  119   75  500.72927  418.42768  16.4%  55.2  523s
 48028 20799  448.54069  158   84  500.72927  418.42768  16.4%  55.2  527s
 48722 21036  449.32416  196   71  500.72927  418.42768  16.4%  55.2  531s
 50055 21649  451.46753  283   55  500.72927  418.42768  16.4%  55.4  539s
 50721 22361  452.84201  334   66  500.72927  418.42768  16.4%  55.2  545s
 52455 22773  442.98604   60  170  500.72927  418.72408  16.4%  54.8  551s
 53412 23752  473.59965  112  106  500.72927  418.78948  16.4%  55.1  558s
 53994 24030  480.19568  288   87  500.72927  418.80327  16.4%  55.0  568s
H54137 23621                     498.4626776  418.80327  16.0%  54.9  568s
 54300 23666  451.59369   45   95  498.46268  418.80327  16.0%  55.2  573s
 54348 24124  452.49110   47   78  498.46268  418.85681  16.0%  55.2  578s
 54856 24585  454.30411   62   88  498.46268  418.90302  16.0%  55.5  582s
 55614 25057  465.43791   67   86  498.46268  418.96284  15.9%  55.7  586s
 56794 25785  455.84676   52   94  498.46268  419.11847  15.9%  56.2  593s
 57277 26498  450.53839   84  101  498.46268  419.11847  15.9%  56.4  597s
 58059 27159  462.72842  228   94  498.46268  419.17742  15.9%  56.4  601s
 58863 27647  432.06674   55  215  498.46268  419.19709  15.9%  56.3  605s
 59913 28401  452.02874  199  191  498.46268  419.19709  15.9%  56.7  619s
 60254 28904  460.14088  253  168  498.46268  419.19709  15.9%  56.9  622s
 60836 29296  487.53705  359  145  498.46268  419.29240  15.9%  57.0  626s
 61718 30015     cutoff  116       498.46268  419.40641  15.9%  57.6  633s
 62140 30386  483.99858   66   96  498.46268  419.43758  15.9%  57.9  636s
 62653 30798  438.60297   57   81  498.46268  419.43758  15.9%  58.3  640s
 63646 31750  464.53942  210   91  498.46268  419.43758  15.9%  58.8  649s
 64281 32218  474.21100  265   78  498.46268  419.46256  15.8%  58.9  653s
 64882 32656  440.95191   45  106  498.46268  419.50524  15.8%  59.2  658s
 65491 33289  457.63912  101   55  498.46268  419.54405  15.8%  59.5  663s
 66306 33775  425.15802   44  150  498.46268  419.57558  15.8%  59.7  667s
 67017 34471  462.54748   83  127  498.46268  419.59482  15.8%  59.7  672s
 67851 34772  428.55534   47  162  498.46268  419.63793  15.8%  59.6  677s
 68216 35396  422.93650   48  134  498.46268  419.64163  15.8%  59.6  681s
 68988 35907  422.71256   43  195  498.46268  419.68353  15.8%  59.6  685s
 70264 37029  436.74325   51   97  498.46268  419.74313  15.8%  59.7  693s
 70895 37678  458.09658  108   78  498.46268  419.76528  15.8%  59.8  697s
 71628 38284  438.58172   52  128  498.46268  419.79850  15.8%  59.8  710s
 73101 39052  459.74753  205  159  498.46268  419.84538  15.8%  59.6  720s
H73158 39052                     498.4626750  419.84538  15.8%  59.7  720s
H73159 39052                     498.4626672  419.84538  15.8%  59.7  720s

Cutting planes:
  Learned: 3
  Gomory: 64
  Cover: 6
  MIR: 136
  Flow cover: 260
  Inf proof: 10
  Zero half: 104
  RLT: 305

Explored 73160 nodes (4373117 simplex iterations) in 720.11 seconds
Thread count was 12 (of 12 available processors)

Solution count 10: 498.463 500.729 504.108 ... 525.008

Time limit reached
Best objective 4.984626776276e+02, best bound 4.198453764316e+02, gap 15.7720%

Gurobi 9.1.0 (win64) logging started Sat Dec 19 01:12:58 2020

Changed value of parameter LogFile to log/S51D4_heu_global.log
   Prev:   Default: 
Gurobi Optimizer version 9.1.0 build v9.1.0rc0 (win64)
Thread count: 6 physical cores, 12 logical processors, using up to 12 threads
Optimize a model with 10360 rows, 5252 columns and 40506 nonzeros
Model fingerprint: 0xa3d74db2
Variable types: 50 continuous, 5202 integer (5202 binary)
Coefficient statistics:
  Matrix range     [1e+00, 1e+02]
  Objective range  [2e+00, 9e+01]
  Bounds range     [1e+00, 1e+00]
  RHS range        [1e+00, 1e+03]
Presolve removed 5304 rows and 102 columns
Presolve time: 0.03s
Presolved: 5056 rows, 5150 columns, 35000 nonzeros
Variable types: 50 continuous, 5100 integer (5100 binary)

Root relaxation: infeasible, 83 iterations, 0.00 seconds

    Nodes    |    Current Node    |     Objective Bounds      |     Work
 Expl Unexpl |  Obj  Depth IntInf | Incumbent    BestBd   Gap | It/Node Time

     0     0 infeasible    0               - infeasible      -     -    0s

Explored 0 nodes (83 simplex iterations) in 0.07 seconds
Thread count was 12 (of 12 available processors)

Solution count 0

Model is infeasible
Best objective -, best bound -, gap -
