
Gurobi 9.1.0 (win64) logging started Wed Dec 16 23:28:54 2020

Changed value of parameter LogFile to log/S51D6.log
   Prev:   Default: 
Gurobi Optimizer version 9.1.0 build v9.1.0rc0 (win64)
Thread count: 6 physical cores, 12 logical processors, using up to 12 threads
Optimize a model with 223955 rows, 119278 columns and 1381987 nonzeros
Model fingerprint: 0xc53b8684
Variable types: 50 continuous, 119228 integer (106682 binary)
Coefficient statistics:
  Matrix range     [1e+00, 1e+03]
  Objective range  [2e+00, 9e+01]
  Bounds range     [1e+00, 1e+00]
  RHS range        [1e+00, 5e+01]
Presolve removed 211524 rows and 105133 columns
Presolve time: 0.24s
Presolved: 12431 rows, 14145 columns, 48380 nonzeros
Variable types: 0 continuous, 14145 integer (2337 binary)
Found heuristic solution: objective 16037.360066
Found heuristic solution: objective 5625.0870636

Root relaxation: objective 2.402348e+03, 11511 iterations, 0.20 seconds

    Nodes    |    Current Node    |     Objective Bounds      |     Work
 Expl Unexpl |  Obj  Depth IntInf | Incumbent    BestBd   Gap | It/Node Time

     0     0 2402.34764    0  420 5625.08706 2402.34764  57.3%     -    1s
H    0     0                    5563.3456675 2402.34764  56.8%     -    2s

Gurobi 9.1.0 (win64) logging started Wed Dec 16 23:58:50 2020

Changed value of parameter LogFile to log/S51D6.log
   Prev:   Default: 
Gurobi Optimizer version 9.1.0 build v9.1.0rc0 (win64)
Thread count: 6 physical cores, 12 logical processors, using up to 12 threads
Optimize a model with 223955 rows, 119278 columns and 1381987 nonzeros
Model fingerprint: 0xc53b8684
Variable types: 50 continuous, 119228 integer (106682 binary)
Coefficient statistics:
  Matrix range     [1e+00, 1e+03]
  Objective range  [2e+00, 9e+01]
  Bounds range     [1e+00, 1e+00]
  RHS range        [1e+00, 5e+01]
Presolve removed 211524 rows and 105133 columns
Presolve time: 0.24s
Presolved: 12431 rows, 14145 columns, 48380 nonzeros
Variable types: 0 continuous, 14145 integer (2337 binary)
Found heuristic solution: objective 16037.360066
Found heuristic solution: objective 5625.0870636

Root relaxation: objective 2.402348e+03, 11511 iterations, 0.18 seconds

    Nodes    |    Current Node    |     Objective Bounds      |     Work
 Expl Unexpl |  Obj  Depth IntInf | Incumbent    BestBd   Gap | It/Node Time

     0     0 2402.34764    0  420 5625.08706 2402.34764  57.3%     -    1s
H    0     0                    5563.3456675 2402.34764  56.8%     -    1s
     0     0 2402.34764    0  677 5563.34567 2402.34764  56.8%     -    9s
H    0     0                    5462.2764270 2402.34764  56.0%     -   13s
     0     0 2402.78563    0  598 5462.27643 2402.78563  56.0%     -   13s
     0     0 2402.78563    0  598 5462.27643 2402.78563  56.0%     -   13s
H    0     0                    5255.2401124 2402.78563  54.3%     -   27s
     0     0 2402.83226    0  464 5255.24011 2402.83226  54.3%     -   27s
     0     0 2402.83226    0  614 5255.24011 2402.83226  54.3%     -   34s
     0     0 2402.89886    0  781 5255.24011 2402.89886  54.3%     -   44s
     0     0 2403.24669    0  886 5255.24011 2403.24669  54.3%     -   57s
     0     0 2403.31567    0  965 5255.24011 2403.31567  54.3%     -   64s
     0     0 2403.35057    0 1067 5255.24011 2403.35057  54.3%     -   71s
     0     0 2403.36590    0 1145 5255.24011 2403.36590  54.3%     -   74s
H    0     0                    5172.1918267 2403.36590  53.5%     -   76s
     0     0 2403.37179    0 1179 5172.19183 2403.37179  53.5%     -   76s
H    0     0                    5110.4504305 2403.37179  53.0%     -   79s
     0     0 2403.38788    0 1164 5110.45043 2403.38788  53.0%     -   79s
     0     0 2403.39058    0 1227 5110.45043 2403.39058  53.0%     -   79s
     0     0 2403.39087    0 1203 5110.45043 2403.39087  53.0%     -   80s
     0     0 2403.65356    0 1217 5110.45043 2403.65356  53.0%     -   86s
     0     0 2403.70353    0 1269 5110.45043 2403.70353  53.0%     -   91s
     0     0 2403.70516    0 1269 5110.45043 2403.70516  53.0%     -   91s
H    0     0                    5025.0150212 2403.70516  52.2%     -  101s
     0     0 2404.51434    0 1259 5025.01502 2404.51434  52.1%     -  101s
     0     0 2404.52693    0 1240 5025.01502 2404.52693  52.1%     -  103s
     0     0 2404.52878    0 1262 5025.01502 2404.52878  52.1%     -  103s
     0     0 2407.89627    0 1103 5025.01502 2407.89627  52.1%     -  114s
H    0     0                    4948.4382623 2407.89627  51.3%     -  117s
     0     0 2407.97239    0 1149 4948.43826 2407.97239  51.3%     -  117s
     0     0 2408.00215    0 1132 4948.43826 2408.00215  51.3%     -  120s
     0     0 2408.00331    0 1145 4948.43826 2408.00331  51.3%     -  120s
H    0     0                    4885.7964233 2408.00331  50.7%     -  120s
     0     0 2411.25029    0 1264 4885.79642 2411.25029  50.6%     -  132s
     0     0 2411.66154    0 1291 4885.79642 2411.66154  50.6%     -  139s
     0     0 2411.71966    0 1229 4885.79642 2411.71966  50.6%     -  141s
H    0     0                    4034.5832226 2411.71966  40.2%     -  142s
     0     0 2411.72627    0 1266 4034.58322 2411.72627  40.2%     -  142s
H    0     0                    4018.9604460 2411.72627  40.0%     -  155s
     0     0 2416.07533    0 1215 4018.96045 2416.07533  39.9%     -  155s
H    0     0                    3984.3696904 2416.07533  39.4%     -  162s
H    0     0                    3851.5406956 2416.07533  37.3%     -  162s
     0     0 2416.47608    0 1262 3851.54070 2416.47608  37.3%     -  162s
     0     0 2416.61728    0 1273 3851.54070 2416.61728  37.3%     -  166s
     0     0 2416.62197    0 1241 3851.54070 2416.62197  37.3%     -  167s
H    0     0                    3829.5213570 2416.62197  36.9%     -  183s
H    0     0                    3825.3202352 2416.62197  36.8%     -  183s
     0     0 2421.57833    0 1122 3825.32024 2421.57833  36.7%     -  183s
H    0     0                    3820.8480992 2421.57833  36.6%     -  185s
     0     0 2421.74864    0 1187 3820.84810 2421.74864  36.6%     -  185s
     0     0 2421.75973    0 1199 3820.84810 2421.75973  36.6%     -  185s
H    0     0                    3804.8480992 2421.75973  36.4%     -  194s
H    0     0                    3788.7235792 2421.75973  36.1%     -  194s
     0     0 2429.56582    0 1311 3788.72358 2429.56582  35.9%     -  194s
H    0     0                    3677.1691517 2429.56582  33.9%     -  199s
     0     0 2429.78624    0 1358 3677.16915 2429.78624  33.9%     -  199s
     0     0 2429.78975    0 1358 3677.16915 2429.78975  33.9%     -  199s
H    0     0                    3635.4677021 2429.78975  33.2%     -  209s
     0     0 2435.34443    0 1328 3635.46770 2435.34443  33.0%     -  209s
H    0     0                    3630.8689382 2435.34443  32.9%     -  212s
     0     0 2435.56876    0 1312 3630.86894 2435.56876  32.9%     -  212s
     0     0 2435.56977    0 1311 3630.86894 2435.56977  32.9%     -  213s
H    0     0                    3628.0654297 2435.56977  32.9%     -  219s
     0     0 2439.31326    0 1312 3628.06543 2439.31326  32.8%     -  219s
     0     0 2439.73005    0 1273 3628.06543 2439.73005  32.8%     -  221s
     0     0 2439.73597    0 1319 3628.06543 2439.73597  32.8%     -  222s
H    0     0                    3613.6696034 2439.73597  32.5%     -  232s
H    0     0                    3609.1974674 2439.73597  32.4%     -  232s
     0     0 2442.25742    0 1408 3609.19747 2442.25742  32.3%     -  232s
H    0     0                    3552.7106007 2442.25742  31.3%     -  236s
     0     0 2442.31833    0 1425 3552.71060 2442.31833  31.3%     -  236s
     0     0 2442.32068    0 1427 3552.71060 2442.32068  31.3%     -  237s
H    0     0                    3535.0144132 2442.32068  30.9%     -  253s
H    0     0                    3527.2295252 2442.32068  30.8%     -  253s
     0     0 2446.20701    0 1412 3527.22953 2446.20701  30.6%     -  253s
     0     0 2446.21856    0 1380 3527.22953 2446.21856  30.6%     -  255s
H    0     0                    3505.7711635 2446.21856  30.2%     -  262s
     0     0 2446.82496    0 1438 3505.77116 2446.82496  30.2%     -  262s
     0     0 2446.82496    0 1334 3505.77116 2446.82496  30.2%     -  263s
     0     2 2446.82496    0 1332 3505.77116 2446.82496  30.2%     -  288s
     1     4 2469.41100    1 1349 3505.77116 2446.82496  30.2%  8468  291s
     3     6 infeasible    2      3505.77116 2446.97674  30.2%  5359  300s
     7    12 2447.38583    3 1343 3505.77116 2447.18318  30.2%  8580  316s
    13    14 2455.33288    4 1323 3505.77116 2447.38583  30.2% 13371  329s
    19    18 2447.40623    4 1356 3505.77116 2447.40623  30.2% 13312  332s
    25    24 2453.63955    5 1312 3505.77116 2447.40623  30.2% 12278  335s
    37    33 2491.89998    7 1320 3505.77116 2447.61429  30.2% 11885  342s
    44    39 2464.09566    7 1296 3505.77116 2447.61429  30.2% 11236  345s
    58    52 2472.67006   10 1206 3505.77116 2447.61429  30.2% 11020  366s
    73    68 2480.39802   12 1207 3505.77116 2447.61429  30.2% 10491  375s
    83    76 2481.82234   14 1178 3505.77116 2447.61429  30.2% 10186  380s
    91    80 2516.49446   14 1149 3505.77116 2447.61429  30.2% 10091  388s
    97    91 2537.49361   15 1142 3505.77116 2447.61429  30.2% 10012  391s
   108   100 2516.86323   15 1121 3505.77116 2447.61429  30.2%  9810  397s
   119   108 2517.07017   16 1186 3505.77116 2447.61429  30.2%  9678  401s
   131   117 2517.31832   17 1161 3505.77116 2447.61429  30.2%  9438  405s
   142   127 2517.59559   18 1095 3505.77116 2447.61429  30.2%  9383  411s
   154   142 2518.09767   19 1026 3505.77116 2447.61429  30.2%  9384  417s
   169   158 2518.35532   21 1028 3505.77116 2447.61429  30.2%  9288  424s
   189   171 2518.95074   22 1020 3505.77116 2447.61429  30.2%  8920  430s
   204   188 2556.20973   24  962 3505.77116 2447.61429  30.2%  8773  435s
   223   202 2526.27722   25  999 3505.77116 2447.61429  30.2%  8622  440s
   237   214 2526.49861   28 1005 3505.77116 2447.61429  30.2%  8490  446s
   259   237 2562.66337   28 1010 3505.77116 2447.61429  30.2%  8490  452s
   282   268 2581.86080   32  974 3505.77116 2447.61429  30.2%  8332  457s
   315   300 2620.62981   33  912 3505.77116 2447.61429  30.2%  8073  462s
   351   350 2624.95657   41  865 3505.77116 2447.61429  30.2%  7750  466s
   405   393 2679.12708   46  758 3505.77116 2447.61429  30.2%  7243  471s
   452   454 2680.80331   53  812 3505.77116 2447.61429  30.2%  6873  475s
   599   546 2753.86510   65  762 3505.77116 2447.61429  30.2%  5793  483s
   660   585 2769.36683   71  757 3505.77116 2447.61429  30.2%  5530  488s
   699   652 2783.86683   79  774 3505.77116 2447.61429  30.2%  5420  492s
   774   694 2882.66154   95  568 3505.77116 2447.61429  30.2%  5187  498s
   820   781 2841.17660   97  529 3505.77116 2447.61429  30.2%  5070  503s
   917   847 2931.74508  119  607 3505.77116 2447.61429  30.2%  4826  508s
   991   940 2976.17351  138  554 3505.77116 2447.61429  30.2%  4683  512s
  1093  1042 3049.50235  154  514 3505.77116 2447.61429  30.2%  4464  517s
  1195  1178 3240.13643  175  379 3505.77116 2447.61429  30.2%  4335  521s
  1335  1315 3343.00818  209  354 3505.77116 2447.61429  30.2%  4128  527s
  1480  1460 3381.93300  248  326 3505.77116 2447.61429  30.2%  3930  532s
  1626  1461 2850.29035  132 1334 3505.77116 2447.61429  30.2%  3724  573s
  1628  1462 2587.73662   36  433 3505.77116 2447.61429  30.2%  3719  575s
  1629  1463 2879.19594  165  438 3505.77116 2447.61429  30.2%  3717  587s
  1630  1464 3389.84978  272  684 3505.77116 2447.61429  30.2%  3715  597s
  1631  1464 3235.22532  174  489 3505.77116 2447.61429  30.2%  3713  604s
  1632  1465 2901.50035  111  627 3505.77116 2447.61429  30.2%  3710  611s
  1633  1466 3268.28783  310  464 3505.77116 2447.61429  30.2%  3708  616s
  1634  1466 2709.20677   78  694 3505.77116 2447.61429  30.2%  3706  625s
  1635  1467 3211.94093  232  670 3505.77116 2447.61429  30.2%  3703  634s
  1636  1468 2674.78188   26  707 3505.77116 2447.61429  30.2%  3701  636s
  1639  1470 2862.10729  137  770 3505.77116 2447.61429  30.2%  3694  640s
  1642  1472 2554.56052   10  908 3505.77116 2448.81847  30.1%  3688  645s
  1643  1472 2871.48684   59  705 3505.77116 2457.15259  29.9%  3685  650s
  1648  1476 2862.57521  138  601 3505.77116 2470.33582  29.5%  3674  659s
  1649  1476 3376.31416  224  718 3505.77116 2470.67248  29.5%  3672  660s
  1652  1478 2874.95514   46  535 3505.77116 2473.47064  29.4%  3665  666s
  1655  1480 2851.53848   54  830 3505.77116 2475.09020  29.4%  3659  671s
  1657  1482 3260.39476  286  713 3505.77116 2477.17836  29.3%  3654  681s
  1661  1484 2816.11098  103  556 3505.77116 2478.48510  29.3%  3645  693s
  1662  1485 2847.72228  110  732 3505.77116 2478.48510  29.3%  3643  695s
  1663  1486 3284.24757  261  530 3505.77116 2479.18545  29.3%  3641  703s
  1664  1486 2502.56773   12  703 3505.77116 2479.27374  29.3%  3639  705s
  1666  1488 2942.34752  145  632 3505.77116 2479.81599  29.3%  3635  714s
  1667  1488 2966.56916   38  772 3505.77116 2479.81813  29.3%  3632  715s
  1668  1489 2853.82384  109  581 3505.77116 2482.42094  29.2%  3630  724s
  1669  1490 3185.09064   72  857 3505.77116 2482.42094  29.2%  3628  727s
  1670  1490 3376.64379  216  705 3505.77116 2483.11033  29.2%  3626  735s
  1673  1492 3210.87392  224  707 3505.77116 2483.63011  29.2%  3619  751s
  1675  1494 2967.51061  134  745 3505.77116 2483.91047  29.1%  3615  762s
  1676  1494 2510.57646   13  956 3505.77116 2483.91047  29.1%  3613  765s
  1677  1495 2520.60154   18  742 3505.77116 2483.93385  29.1%  3611  775s
  1679  1496 3049.10990  151  724 3505.77116 2484.44325  29.1%  3606  786s
  1681  1498 2719.95891   59  917 3505.77116 2485.21439  29.1%  3602  790s
  1682  1498 2989.58548  153  749 3505.77116 2485.21439  29.1%  3600  801s
  1684  1500 3379.87003  231  738 3505.77116 2485.21439  29.1%  3596  813s
  1685  1500 2711.00565   74  846 3505.77116 2485.21439  29.1%  3594  815s
  1686  1501 3076.88796  188  814 3505.77116 2485.22945  29.1%  3591  825s
  1689  1504 2938.71380  194 1334 3505.77116 2485.22945  29.1%  4119  831s
  1692  1506 2818.89957   28  385 3505.77116 2485.22945  29.1%  4112  840s
  1693  1507 3255.84244  269  585 3505.77116 2485.22945  29.1%  4110  848s
  1694  1507 3286.60225  262  498 3505.77116 2485.22945  29.1%  4107  853s
  1695  1508 2526.53632   17  653 3505.77116 2485.22945  29.1%  4105  856s
  1696  1509 3243.51708  179  831 3505.77116 2485.22945  29.1%  4102  861s
  1699  1511 2971.37288  205  876 3505.77116 2485.22945  29.1%  4095  866s
  1702  1513 3042.77803  174  745 3505.77116 2485.22945  29.1%  4088  871s
  1704  1514 2518.64693   20  859 3505.77116 2485.22945  29.1%  4083  875s
  1707  1516 2673.00365   46  911 3505.77116 2485.22945  29.1%  4076  880s
  1709  1517 2642.85011   27  988 3505.77116 2485.22945  29.1%  4071  886s
  1711  1519 3267.46607  283 1003 3505.77116 2485.22945  29.1%  4066  891s
  1712  1519 3111.26628  159 1010 3505.77116 2485.22945  29.1%  4064  895s
  1713  1520 2672.88619   41  649 3505.77116 2485.22945  29.1%  4062  909s
  1714  1521 2494.49612    8 1169 3505.77116 2485.22945  29.1%  4059  915s
  1715  1521 2966.01662  206  907 3505.77116 2485.22945  29.1%  4057  921s
  1717  1523 3381.58647  238 1180 3505.77116 2485.78628  29.1%  4052  925s
  1720  1525 3120.16237  195 1263 3505.77116 2486.54073  29.1%  4045  932s
  1721  1525 3211.84593  233 1262 3505.77116 2486.87668  29.1%  4043  935s
  1723  1527 3363.57897   81 1317 3505.77116 2486.90394  29.1%  4038  940s
  1726  1529 2850.29035  132 1544 3505.77116 2486.97731  29.1%  4031  947s
  1728  1530 2587.73662   36 1631 3505.77116 2487.23203  29.1%  4026  955s

Gurobi 9.1.0 (win64) logging started Thu Dec 17 00:20:18 2020

Changed value of parameter LogFile to log/S51D6.log
   Prev:   Default: 
Gurobi Optimizer version 9.1.0 build v9.1.0rc0 (win64)
Thread count: 6 physical cores, 12 logical processors, using up to 12 threads
Optimize a model with 223955 rows, 119278 columns and 1381987 nonzeros
Model fingerprint: 0xd10aaf44
Variable types: 106732 continuous, 12546 integer (0 binary)
Coefficient statistics:
  Matrix range     [1e+00, 1e+03]
  Objective range  [2e+00, 9e+01]
  Bounds range     [0e+00, 0e+00]
  RHS range        [1e+00, 5e+01]
Found heuristic solution: objective 18045.709828
Presolve removed 208026 rows and 1185 columns
Presolve time: 0.54s
Presolved: 15929 rows, 118093 columns, 423912 nonzeros
Variable types: 105998 continuous, 12095 integer (287 binary)

Deterministic concurrent LP optimizer: primal and dual simplex
Showing first log only...

Concurrent spin time: 0.00s

Solved with dual simplex

Root relaxation: objective 3.793623e+02, 15552 iterations, 0.69 seconds

    Nodes    |    Current Node    |     Objective Bounds      |     Work
 Expl Unexpl |  Obj  Depth IntInf | Incumbent    BestBd   Gap | It/Node Time

     0     0  379.36228    0  464 18045.7098  379.36228  97.9%     -    1s
H    0     0                    14930.430105  379.36228  97.5%     -    2s
     0     0  379.36228    0  324 14930.4301  379.36228  97.5%     -    2s
H    0     0                     409.4905203  379.36228  7.36%     -    3s
     0     0  379.36228    0  336  409.49052  379.36228  7.36%     -    3s
H    0     0                     387.0343527  379.36228  1.98%     -    4s
     0     0  379.36228    0  324  387.03435  379.36228  1.98%     -    4s
H    0     0                     385.9967524  379.36228  1.72%     -    5s
     0     0  379.36228    0  324  385.99675  379.36228  1.72%     -    5s
     0     0  379.36228    0  336  385.99675  379.36228  1.72%     -    6s
     0     0  379.36228    0  332  385.99675  379.36228  1.72%     -    6s
     0     0  379.36228    0  324  385.99675  379.36228  1.72%     -    6s
     0     0  379.36228    0  324  385.99675  379.36228  1.72%     -    7s
     0     0  379.36228    0  336  385.99675  379.36228  1.72%     -    7s
     0     0  379.36228    0  336  385.99675  379.36228  1.72%     -    9s
H    0     0                     385.4861120  379.36228  1.59%     -    9s
     0     2  379.36228    0  336  385.48611  379.36228  1.59%     -   11s
H   32    34                     385.3603250  379.43439  1.54%   389   14s
    43    45  381.20092    9  348  385.36032  379.43439  1.54%   299   15s
H   99   101                     385.2795439  379.43439  1.52%   135   17s
H  102   101                     384.8081525  379.43439  1.40%   131   17s
   112   118  381.40723   20  329  384.80815  379.43439  1.40%   120   20s
   297   302  381.95629   48  326  384.80815  379.43439  1.40%  63.5   25s
H  383   364                     384.2659769  379.43439  1.26%  54.8   31s
   481   464  382.07255   77  315  384.26598  379.43439  1.26%  62.7   36s
   568   566  382.40978   87  333  384.26598  379.43439  1.26%  76.4   40s
   695   687  382.80166  100  338  384.26598  379.43439  1.26%  69.8   45s
H  712   686                     384.2228222  379.43439  1.25%  68.7   45s
   830   819  382.87856  124  332  384.22282  379.43439  1.25%  68.9   50s
  1006   981  383.18420  151  317  384.22282  379.43439  1.25%  61.4   55s
H 1077   981                     383.9686389  379.43439  1.18%  57.9   57s
  1170  1062  381.36932   14  342  383.96864  379.43439  1.18%  57.0   60s
  1322  1173  381.69252   25  336  383.96864  379.43439  1.18%  55.0   66s
  1325  1175  383.54527  101  394  383.96864  379.43439  1.18%  54.8   71s
  1326  1176  381.77627   10  394  383.96864  379.43439  1.18%  54.8   76s
  1329  1181  379.43439   15  394  383.96864  379.43439  1.18%   102   94s
  1331  1184  379.43439   16  386  383.96864  379.43439  1.18%   102   96s
  1341  1191  379.43439   18  384  383.96864  379.43439  1.18%   106  102s
  1380  1222  380.17323   24  373  383.96864  379.43439  1.18%   107  105s
  1476  1285  380.25748   38  400  383.96864  379.43439  1.18%   102  111s
  1603  1373  380.25748   60  412  383.96864  379.43439  1.18%  94.9  115s
H 1665  1346                     383.6499469  379.43439  1.10%  95.2  120s
  1720  1392  380.25748   84  388  383.64995  379.43439  1.10%  97.4  125s
  1823  1458  382.89690  104  362  383.64995  379.43439  1.10%  97.0  130s
H 1957  1469                     383.5321355  379.43439  1.07%  92.6  136s
  1973  1476  383.47051  133  362  383.53214  379.43439  1.07%  92.7  141s
H 1975  1415                     383.3749639  379.43439  1.03%  92.6  141s
  2058  1470  383.10340  139  335  383.37496  379.43439  1.03%  93.5  146s
  2176  1512  383.36498  152  358  383.37496  379.43439  1.03%  92.3  151s
  2209  1527  383.36498  159  341  383.37496  379.43439  1.03%  93.3  155s
H 2232  1457                     383.2025456  379.43439  0.98%  93.5  155s
  2320  1522  380.44493   32  442  383.20255  379.43439  0.98%  96.5  161s
  2402  1565  381.16169   51  435  383.20255  379.43439  0.98%  97.2  165s

Gurobi 9.1.0 (win64) logging started Thu Dec 17 00:29:57 2020

Changed value of parameter LogFile to log/S51D6.log
   Prev:   Default: 
Gurobi Optimizer version 9.1.0 build v9.1.0rc0 (win64)
Thread count: 6 physical cores, 12 logical processors, using up to 12 threads
Optimize a model with 240320 rows, 128002 columns and 1483108 nonzeros
Model fingerprint: 0x87e52b69
Variable types: 114538 continuous, 13464 integer (0 binary)
Coefficient statistics:
  Matrix range     [1e+00, 1e+03]
  Objective range  [2e+00, 9e+01]
  Bounds range     [0e+00, 0e+00]
  RHS range        [1e+00, 5e+01]
Found heuristic solution: objective 17058.129242
Presolve removed 223250 rows and 1271 columns
Presolve time: 0.57s
Presolved: 17070 rows, 126731 columns, 455774 nonzeros
Variable types: 113751 continuous, 12980 integer (308 binary)

Deterministic concurrent LP optimizer: primal and dual simplex
Showing first log only...

Concurrent spin time: 0.02s

Solved with dual simplex

Root relaxation: objective 3.793623e+02, 16741 iterations, 0.79 seconds

    Nodes    |    Current Node    |     Objective Bounds      |     Work
 Expl Unexpl |  Obj  Depth IntInf | Incumbent    BestBd   Gap | It/Node Time

     0     0  379.36228    0  490 17058.1292  379.36228  97.8%     -    1s
H    0     0                    13648.013459  379.36228  97.2%     -    2s
     0     0  379.36228    0  350 13648.0135  379.36228  97.2%     -    2s
H    0     0                     418.6625024  379.36228  9.39%     -    3s
H    0     0                     396.4942920  379.36228  4.32%     -    4s
     0     0  379.36228    0  362  396.49429  379.36228  4.32%     -    4s
H    0     0                     393.9473166  379.36228  3.70%     -    5s
     0     0  379.36228    0  344  393.94732  379.36228  3.70%     -    5s
H    0     0                     393.8202919  379.36228  3.67%     -    6s
     0     0  379.36228    0  344  393.82029  379.36228  3.67%     -    6s
     0     0  379.37946    0  354  393.82029  379.37946  3.67%     -    7s
H    0     0                     393.7487205  379.37946  3.65%     -    7s
     0     0  379.38370    0  354  393.74872  379.38370  3.65%     -    7s
     0     0  379.38370    0  354  393.74872  379.38370  3.65%     -    8s
H    0     0                     392.1279335  379.38370  3.25%     -    8s
     0     0  379.38370    0  344  392.12793  379.38370  3.25%     -    8s
     0     0  379.38370    0  344  392.12793  379.38370  3.25%     -   10s
H    0     0                     390.3838205  379.38370  2.82%     -   11s
     0     2  379.38370    0  344  390.38382  379.38370  2.82%     -   13s
    13    18  379.46267    4  404  390.38382  379.43439  2.80%   961   15s
H   67    72                     388.7563129  379.43439  2.40%   214   18s

Gurobi 9.1.0 (win64) logging started Thu Dec 17 12:18:11 2020

Changed value of parameter LogFile to log/S51D6.log
   Prev:   Default: 
Gurobi Optimizer version 9.1.0 build v9.1.0rc0 (win64)
Thread count: 6 physical cores, 12 logical processors, using up to 12 threads
Optimize a model with 245775 rows, 130910 columns and 1516815 nonzeros
Model fingerprint: 0x4283ab44
Variable types: 50 continuous, 130860 integer (117090 binary)
Coefficient statistics:
  Matrix range     [1e+00, 1e+03]
  Objective range  [2e+00, 9e+01]
  Bounds range     [1e+00, 1e+00]
  RHS range        [1e+00, 5e+01]
Presolve removed 232160 rows and 115385 columns
Presolve time: 0.25s
Presolved: 13615 rows, 15525 columns, 53100 nonzeros
Variable types: 0 continuous, 15525 integer (2565 binary)
Found heuristic solution: objective 15950.635038
Found heuristic solution: objective 5625.0870636

Root relaxation: objective 2.402348e+03, 13057 iterations, 0.15 seconds

    Nodes    |    Current Node    |     Objective Bounds      |     Work
 Expl Unexpl |  Obj  Depth IntInf | Incumbent    BestBd   Gap | It/Node Time

     0     0 2402.34764    0  278 5625.08706 2402.34764  57.3%     -    1s
H    0     0                    3163.5115322 2402.34764  24.1%     -    1s
H    0     0                    2829.1461706 2402.34764  15.1%     -    7s
     0     0 2402.34764    0  447 2829.14617 2402.34764  15.1%     -    7s
     0     0 2402.78563    0  439 2829.14617 2402.78563  15.1%     -    9s
     0     0 2402.78563    0  430 2829.14617 2402.78563  15.1%     -    9s
     0     0 2402.83226    0  253 2829.14617 2402.83226  15.1%     -   11s
H    0     0                    2817.6183066 2402.83226  14.7%     -   23s
H    0     0                    2813.1461706 2402.83226  14.6%     -   23s
     0     0 2402.83226    0  405 2813.14617 2402.83226  14.6%     -   23s
H    0     0                    2804.3522225 2402.83226  14.3%     -   24s
     0     0 2402.83226    0  415 2804.35222 2402.83226  14.3%     -   24s
     0     0 2402.83226    0  312 2804.35222 2402.83226  14.3%     -   28s
     0     2 2402.83226    0  298 2804.35222 2402.83226  14.3%     -   33s
     3     6 infeasible    2      2804.35222 2402.83226  14.3%  2142   39s
     7    12 2402.83226    3  374 2804.35222 2402.83226  14.3% 11126   52s
    13    14 2402.83226    4  343 2804.35222 2402.83226  14.3% 16394   61s
    25    24 2417.12481    5  337 2804.35222 2402.83226  14.3% 13659   65s
    31    30 2417.12481    6  349 2804.35222 2402.83226  14.3% 11967   71s
    44    43 2417.12481    7  314 2804.35222 2402.83226  14.3% 10388   75s
    70    68 2485.51193   10  316 2804.35222 2402.83226  14.3%  8768   82s
    93    86 2466.64335   11  314 2804.35222 2402.83226  14.3%  7806   86s
   103    93 2468.19233   12  364 2804.35222 2402.83226  14.3%  7723   91s
   126   115 2472.30968   14  301 2804.35222 2402.83226  14.3%  7166   98s
H  131   115                    2804.0916794 2402.83226  14.3%  6959   98s
   138   126 2498.95446   17  311 2804.09168 2402.83226  14.3%  6878  101s
H  163   144                    2776.3067914 2402.83226  13.5%  6570  114s
   169   154 2484.22829   19  307 2776.30679 2402.83226  13.5%  6472  116s
   181   167 2484.22829   20  307 2776.30679 2402.83226  13.5%  6385  120s
H  198   173                    2771.8346554 2402.83226  13.3%  6280  131s
H  203   173                    2760.0852508 2402.83226  12.9%  6206  131s
   204   185 2523.18495   23  280 2760.08525 2402.83226  12.9%  6199  135s
   244   216 2572.65612   25  279 2760.08525 2402.83226  12.9%  5963  140s
   284   246 2580.98946   30  255 2760.08525 2402.83226  12.9%  5769  146s
   338   305 2629.25064   33  233 2760.08525 2402.83226  12.9%  5366  152s
   370   308 2647.20859   43  258 2760.08525 2402.83226  12.9%  5211  158s
H  376   308                    2744.5573868 2402.83226  12.5%  5173  158s
   379   324 2635.37961   43  247 2744.55739 2402.83226  12.5%  5182  185s
H  397   324                    2744.5573829 2402.83226  12.5%  5118  185s
H  400   324                    2740.0852508 2402.83226  12.3%  5129  185s
   401   352 2648.35283   49  242 2740.08525 2402.83226  12.3%  5149  190s
   473   389 2414.52916    6  363 2740.08525 2403.34328  12.3%  4876  197s

Gurobi 9.1.0 (win64) logging started Thu Dec 17 13:32:53 2020

Changed value of parameter LogFile to log/S51D6.log
   Prev:   Default: 
Gurobi Optimizer version 9.1.0 build v9.1.0rc0 (win64)
Thread count: 6 physical cores, 12 logical processors, using up to 12 threads
Optimize a model with 245775 rows, 130910 columns and 1516815 nonzeros
Model fingerprint: 0x4283ab44
Variable types: 50 continuous, 130860 integer (117090 binary)
Coefficient statistics:
  Matrix range     [1e+00, 1e+03]
  Objective range  [2e+00, 9e+01]
  Bounds range     [1e+00, 1e+00]
  RHS range        [1e+00, 5e+01]
Presolve removed 232160 rows and 115385 columns
Presolve time: 0.25s
Presolved: 13615 rows, 15525 columns, 53100 nonzeros
Variable types: 0 continuous, 15525 integer (2565 binary)
Found heuristic solution: objective 15950.635038
Found heuristic solution: objective 5625.0870636

Root relaxation: objective 2.402348e+03, 13057 iterations, 0.15 seconds

    Nodes    |    Current Node    |     Objective Bounds      |     Work
 Expl Unexpl |  Obj  Depth IntInf | Incumbent    BestBd   Gap | It/Node Time

     0     0 2402.34764    0  278 5625.08706 2402.34764  57.3%     -    1s
H    0     0                    3163.5115322 2402.34764  24.1%     -    1s

Gurobi 9.1.0 (win64) logging started Thu Dec 17 13:40:21 2020

Changed value of parameter LogFile to log/S51D6.log
   Prev:   Default: 
Gurobi Optimizer version 9.1.0 build v9.1.0rc0 (win64)
Thread count: 6 physical cores, 12 logical processors, using up to 12 threads
Optimize a model with 1669530 rows, 889898 columns and 10314342 nonzeros
Model fingerprint: 0xe927101c
Variable types: 50 continuous, 889848 integer (796212 binary)
Coefficient statistics:
  Matrix range     [1e+00, 1e+03]
  Objective range  [2e+00, 9e+01]
  Bounds range     [1e+00, 1e+00]
  RHS range        [1e+00, 5e+01]
Presolve removed 1578659 rows and 784328 columns
Presolve time: 2.04s
Presolved: 90871 rows, 105570 columns, 361080 nonzeros
Variable types: 0 continuous, 105570 integer (17442 binary)
Found heuristic solution: objective 15950.635038
Found heuristic solution: objective 5625.0870636

Deterministic concurrent LP optimizer: primal and dual simplex
Showing first log only...


Root simplex log...

Iteration    Objective       Primal Inf.    Dual Inf.      Time
   56023    2.5356322e+03   0.000000e+00   2.814906e+04      5s
Concurrent spin time: 1.66s

Solved with dual simplex

Root relaxation: objective 2.402348e+03, 88803 iterations, 4.54 seconds
Total elapsed time = 10.20s

    Nodes    |    Current Node    |     Objective Bounds      |     Work
 Expl Unexpl |  Obj  Depth IntInf | Incumbent    BestBd   Gap | It/Node Time

     0     0 2402.34764    0  231 5625.08706 2402.34764  57.3%     -   11s
H    0     0                    3131.4021522 2402.34764  23.3%     -   11s
     0     0 2402.34764    0  168 3131.40215 2402.34764  23.3%     -   16s
H    0     0                    2735.2380040 2402.34764  12.2%     -   17s
H    0     0                    2699.0164634 2402.34764  11.0%     -   20s
     0     0 2402.34764    0  182 2699.01646 2402.34764  11.0%     -   22s
     0     0 2402.34764    0  140 2699.01646 2402.34764  11.0%     -   73s
     0     0 2402.34764    0  140 2699.01646 2402.34764  11.0%     -   75s
     0     0 2402.34764    0  140 2699.01646 2402.34764  11.0%     -   80s
     0     0 2402.78563    0  158 2699.01646 2402.78563  11.0%     -   85s
     0     0 2402.83226    0  137 2699.01646 2402.83226  11.0%     -   88s
     0     0 2402.83226    0  137 2699.01646 2402.83226  11.0%     -   90s

Gurobi 9.1.0 (win64) logging started Thu Dec 17 13:49:13 2020

Changed value of parameter LogFile to log/S51D6.log
   Prev:   Default: 
Gurobi Optimizer version 9.1.0 build v9.1.0rc0 (win64)
Thread count: 6 physical cores, 12 logical processors, using up to 12 threads
Optimize a model with 1636800 rows, 872450 columns and 10112100 nonzeros
Model fingerprint: 0x721aaeaf
Variable types: 50 continuous, 872400 integer (780600 binary)
Coefficient statistics:
  Matrix range     [1e+00, 1e+03]
  Objective range  [2e+00, 9e+01]
  Bounds range     [1e+00, 1e+00]
  RHS range        [1e+00, 5e+01]
Presolve removed 1547705 rows and 768950 columns
Presolve time: 2.00s
Presolved: 89095 rows, 103500 columns, 354000 nonzeros
Variable types: 0 continuous, 103500 integer (17100 binary)
Found heuristic solution: objective 15950.635038
Found heuristic solution: objective 5625.0870636

Deterministic concurrent LP optimizer: primal and dual simplex
Showing first log only...


Root simplex log...

Iteration    Objective       Primal Inf.    Dual Inf.      Time
   56743    2.4857896e+03   0.000000e+00   1.136231e+06      5s
Concurrent spin time: 1.44s

Solved with dual simplex

Root relaxation: objective 2.402348e+03, 87107 iterations, 4.25 seconds
Total elapsed time = 10.21s

    Nodes    |    Current Node    |     Objective Bounds      |     Work
 Expl Unexpl |  Obj  Depth IntInf | Incumbent    BestBd   Gap | It/Node Time

     0     0 2402.34764    0  203 5625.08706 2402.34764  57.3%     -   10s
H    0     0                    2911.5332361 2402.34764  17.5%     -   10s
H    0     0                    2868.2434025 2402.34764  16.2%     -   12s
     0     0 2402.34764    0  159 2868.24340 2402.34764  16.2%     -   15s
H    0     0                    2699.0164634 2402.34764  11.0%     -   15s
     0     0 2402.34764    0  161 2699.01646 2402.34764  11.0%     -   19s
     0     0 2402.34764    0  138 2699.01646 2402.34764  11.0%     -   60s
     0     0 2402.34764    0  138 2699.01646 2402.34764  11.0%     -   62s
     0     0 2402.34764    0  140 2699.01646 2402.34764  11.0%     -   65s
     0     0 2402.78563    0  165 2699.01646 2402.78563  11.0%     -   68s
     0     0 2402.83226    0  137 2699.01646 2402.83226  11.0%     -   71s
     0     0 2402.83226    0  137 2699.01646 2402.83226  11.0%     -   73s
     0     0 2402.83226    0  151 2699.01646 2402.83226  11.0%     -   74s
     0     0 2402.83226    0  151 2699.01646 2402.83226  11.0%     -   79s
     0     0 2402.83226    0  149 2699.01646 2402.83226  11.0%     -   80s
     0     0 2402.83226    0  137 2699.01646 2402.83226  11.0%     -   81s
     0     0 2402.83226    0  137 2699.01646 2402.83226  11.0%     -   84s
     0     0 2402.83226    0  137 2699.01646 2402.83226  11.0%     -   85s
     0     0 2402.83226    0  137 2699.01646 2402.83226  11.0%     -   87s
     0     0 2402.83226    0  144 2699.01646 2402.83226  11.0%     -   88s
     0     0 2402.83226    0  144 2699.01646 2402.83226  11.0%     -   89s
H    0     0                    2699.0164484 2402.83226  11.0%     -   98s
     0     2 2402.83226    0  144 2699.01645 2402.83226  11.0%     -  103s
     5     6 2469.51393    3  146 2699.01645 2426.69747  10.1%  2780  105s
    51    42 2554.10212   10  130 2699.01645 2469.74562  8.49%   997  110s
    81    62     cutoff   15      2699.01645 2469.74562  8.49%   782  116s
   113    80     cutoff   17      2699.01645 2474.20428  8.33%   783  120s
   165   111 2537.23081   13  112 2699.01645 2474.20428  8.33%   728  125s
   225   139 infeasible   16      2699.01645 2474.20428  8.33%   755  130s
   323   182 2666.05512   27  102 2699.01645 2474.20428  8.33%   670  137s
   400   223 2695.08343   36   86 2699.01645 2474.20428  8.33%   601  140s
   488   273 2648.83178   27   96 2699.01645 2474.20428  8.33%   609  145s
   625   346 2697.21691   52   58 2699.01645 2474.20428  8.33%   564  150s
   691   365 2532.32770    6  139 2699.01645 2495.70536  7.53%   564  155s
   785   429 2684.24015   13  100 2699.01645 2495.70536  7.53%   592  162s
   852   469     cutoff   16      2699.01645 2502.82895  7.27%   606  166s
   995   499 infeasible    8      2699.01645 2505.96716  7.15%   578  171s
  1087   541 infeasible   11      2699.01645 2510.01455  7.00%   586  176s
  1183   570 2697.74362   26   80 2699.01645 2511.05824  6.96%   594  181s
  1298   612 2666.62553   20  101 2699.01645 2511.05824  6.96%   582  185s

Gurobi 9.1.0 (win64) logging started Thu Dec 17 15:50:29 2020

Changed value of parameter LogFile to log/S51D6.log
   Prev:   Default: 
Gurobi Optimizer version 9.1.0 build v9.1.0rc0 (win64)
Thread count: 6 physical cores, 12 logical processors, using up to 12 threads
Optimize a model with 245820 rows, 130910 columns and 1516860 nonzeros
Model fingerprint: 0xc331d7c9
Variable types: 50 continuous, 130860 integer (117090 binary)
Coefficient statistics:
  Matrix range     [1e+00, 1e+03]
  Objective range  [2e+00, 9e+01]
  Bounds range     [1e+00, 1e+00]
  RHS range        [1e+00, 5e+01]
Presolve removed 232160 rows and 115385 columns
Presolve time: 0.28s
Presolved: 13660 rows, 15525 columns, 55350 nonzeros
Variable types: 0 continuous, 15525 integer (2565 binary)
Found heuristic solution: objective 5625.0870636

Root relaxation: objective 2.402348e+03, 12917 iterations, 0.14 seconds

    Nodes    |    Current Node    |     Objective Bounds      |     Work
 Expl Unexpl |  Obj  Depth IntInf | Incumbent    BestBd   Gap | It/Node Time

     0     0 2402.34764    0  257 5625.08706 2402.34764  57.3%     -    1s
H    0     0                    3306.0501297 2402.34764  27.3%     -    1s
H    0     0                    3246.6519548 2402.34764  26.0%     -    1s
     0     0 2402.34764    0  453 3246.65195 2402.34764  26.0%     -    4s
H    0     0                    2922.4503753 2402.34764  17.8%     -    5s
     0     0 2402.78563    0  382 2922.45038 2402.78563  17.8%     -    5s
     0     0 2402.78563    0  383 2922.45038 2402.78563  17.8%     -    6s

Gurobi 9.1.0 (win64) logging started Thu Dec 17 20:53:51 2020

Changed value of parameter LogFile to log/S51D6.log
   Prev:   Default: 
Gurobi Optimizer version 9.1.0 build v9.1.0rc0 (win64)
Thread count: 6 physical cores, 12 logical processors, using up to 12 threads
Optimize a model with 234908 rows, 125094 columns and 1449444 nonzeros
Model fingerprint: 0x84907cf8
Variable types: 50 continuous, 125044 integer (111886 binary)
Coefficient statistics:
  Matrix range     [1e+00, 1e+03]
  Objective range  [2e+00, 9e+01]
  Bounds range     [1e+00, 1e+00]
  RHS range        [1e+00, 5e+01]
Presolve removed 221842 rows and 110259 columns
Presolve time: 0.26s
Presolved: 13066 rows, 14835 columns, 52890 nonzeros
Variable types: 0 continuous, 14835 integer (2451 binary)
Found heuristic solution: objective 5625.0870636

Root relaxation: objective 2.402348e+03, 11911 iterations, 0.16 seconds

    Nodes    |    Current Node    |     Objective Bounds      |     Work
 Expl Unexpl |  Obj  Depth IntInf | Incumbent    BestBd   Gap | It/Node Time

     0     0 2402.34764    0  334 5625.08706 2402.34764  57.3%     -    1s
H    0     0                    3517.4308262 2402.34764  31.7%     -    1s
H    0     0                    3492.5249116 2402.34764  31.2%     -    1s

Gurobi 9.1.0 (win64) logging started Thu Dec 17 21:05:07 2020

Changed value of parameter LogFile to log/S51D6.log
   Prev:   Default: 
Gurobi Optimizer version 9.1.0 build v9.1.0rc0 (win64)
Thread count: 6 physical cores, 12 logical processors, using up to 12 threads
Optimize a model with 234908 rows, 125094 columns and 1449444 nonzeros
Model fingerprint: 0xe0aa4850
Variable types: 50 continuous, 125044 integer (111886 binary)
Coefficient statistics:
  Matrix range     [1e+00, 1e+03]
  Objective range  [2e+00, 9e+01]
  Bounds range     [1e+00, 1e+00]
  RHS range        [1e+00, 5e+01]
Presolve removed 221842 rows and 110259 columns
Presolve time: 0.30s
Presolved: 13066 rows, 14835 columns, 52890 nonzeros
Variable types: 0 continuous, 14835 integer (2451 binary)

Root relaxation: infeasible, 10662 iterations, 0.09 seconds

    Nodes    |    Current Node    |     Objective Bounds      |     Work
 Expl Unexpl |  Obj  Depth IntInf | Incumbent    BestBd   Gap | It/Node Time

     0     0 infeasible    0               - infeasible      -     -    0s

Explored 0 nodes (10662 simplex iterations) in 0.65 seconds
Thread count was 12 (of 12 available processors)

Solution count 0

Model is infeasible
Best objective -, best bound -, gap -

Gurobi 9.1.0 (win64) logging started Thu Dec 17 21:06:38 2020

Changed value of parameter LogFile to log/S51D6.log
   Prev:   Default: 
Gurobi Optimizer version 9.1.0 build v9.1.0rc0 (win64)
Thread count: 6 physical cores, 12 logical processors, using up to 12 threads
Optimize a model with 234865 rows, 125094 columns and 1449401 nonzeros
Model fingerprint: 0xa2c12d93
Variable types: 50 continuous, 125044 integer (111886 binary)
Coefficient statistics:
  Matrix range     [1e+00, 1e+03]
  Objective range  [2e+00, 9e+01]
  Bounds range     [1e+00, 1e+00]
  RHS range        [1e+00, 5e+01]
Presolve removed 221799 rows and 110216 columns
Presolve time: 0.32s
Presolved: 13066 rows, 14878 columns, 52976 nonzeros
Variable types: 0 continuous, 14878 integer (2494 binary)

Root relaxation: infeasible, 10657 iterations, 0.23 seconds

    Nodes    |    Current Node    |     Objective Bounds      |     Work
 Expl Unexpl |  Obj  Depth IntInf | Incumbent    BestBd   Gap | It/Node Time

     0     0 infeasible    0               - infeasible      -     -    0s

Explored 0 nodes (10657 simplex iterations) in 0.82 seconds
Thread count was 12 (of 12 available processors)

Solution count 0

Model is infeasible
Best objective -, best bound -, gap -

Gurobi 9.1.0 (win64) logging started Thu Dec 17 21:07:11 2020

Changed value of parameter LogFile to log/S51D6.log
   Prev:   Default: 
Gurobi Optimizer version 9.1.0 build v9.1.0rc0 (win64)
Thread count: 6 physical cores, 12 logical processors, using up to 12 threads
Optimize a model with 234865 rows, 125094 columns and 1449401 nonzeros
Model fingerprint: 0x80505e28
Variable types: 50 continuous, 125044 integer (111886 binary)
Coefficient statistics:
  Matrix range     [1e+00, 1e+03]
  Objective range  [2e+00, 9e+01]
  Bounds range     [1e+00, 1e+00]
  RHS range        [1e+00, 5e+01]
Presolve removed 221799 rows and 110259 columns
Presolve time: 0.26s
Presolved: 13066 rows, 14835 columns, 52890 nonzeros
Variable types: 0 continuous, 14835 integer (2451 binary)
Found heuristic solution: objective 5625.0870636

Root relaxation: objective 2.402348e+03, 11996 iterations, 0.17 seconds

    Nodes    |    Current Node    |     Objective Bounds      |     Work
 Expl Unexpl |  Obj  Depth IntInf | Incumbent    BestBd   Gap | It/Node Time

     0     0 2402.34764    0  306 5625.08706 2402.34764  57.3%     -    1s
H    0     0                    3472.3405350 2402.34764  30.8%     -    1s
H    0     0                    3277.7459631 2402.34764  26.7%     -    1s
H    0     0                    3277.7459582 2402.34764  26.7%     -    2s
H    0     0                    2991.0932664 2402.34764  19.7%     -    8s
     0     0 2402.34764    0  577 2991.09327 2402.34764  19.7%     -    8s
H    0     0                    2934.2536701 2402.34764  18.1%     -   10s
     0     0 2402.78563    0  461 2934.25367 2402.78563  18.1%     -   10s
     0     0 2402.78563    0  453 2934.25367 2402.78563  18.1%     -   10s
H    0     0                    2929.7815341 2402.78563  18.0%     -   25s
     0     0 2402.83226    0  301 2929.78153 2402.83226  18.0%     -   25s
     0     0 2402.83226    0  399 2929.78153 2402.83226  18.0%     -   33s
     0     0 2402.83226    0  558 2929.78153 2402.83226  18.0%     -   37s
     0     0 2402.83226    0  664 2929.78153 2402.83226  18.0%     -   43s
     0     0 2402.83226    0  638 2929.78153 2402.83226  18.0%     -   57s
     0     0 2402.83226    0  460 2929.78153 2402.83226  18.0%     -   67s
     0     2 2402.83226    0  411 2929.78153 2402.83226  18.0%     -   86s
     1     4 2419.53868    1  444 2929.78153 2402.83226  18.0% 33572   92s
     3     6 infeasible    2      2929.78153 2402.83226  18.0% 17185  106s
     7    12 2402.83226    3  675 2929.78153 2402.83226  18.0% 24787  123s
    13    18 2402.83226    4  710 2929.78153 2402.83226  18.0% 27449  139s
    19    24 2410.68429    5  657 2929.78153 2402.83226  18.0% 29347  141s
    31    38 2424.97684    6  706 2929.78153 2402.83226  18.0% 20533  145s
    50    55 2450.51859    9  497 2929.78153 2402.83226  18.0% 14997  151s
    73    70 2496.08200   11  468 2929.78153 2402.83226  18.0% 12155  155s
   105    96 2530.59722   14  529 2929.78153 2402.83226  18.0% 10447  165s
   122   113 2622.83279   16  482 2929.78153 2402.83226  18.0% 10037  170s
   149   138 2581.94053   20  451 2929.78153 2402.83226  18.0%  9316  175s
   201   183 2594.22520   31  422 2929.78153 2402.83226  18.0%  7995  184s
   214   201 2636.66227   33  409 2929.78153 2402.83226  18.0%  7799  187s
   234   212 2671.54609   34  420 2929.78153 2402.83226  18.0%  7539  191s
   269   253 2655.79737   40  425 2929.78153 2402.83226  18.0%  7153  197s
   328   300 2774.92064   43  482 2929.78153 2402.83226  18.0%  6528  202s
   387   344 2748.03792   45  469 2929.78153 2402.83226  18.0%  6135  208s
   420   377 2751.10353   48  446 2929.78153 2402.83226  18.0%  5905  210s
   487   430 2870.46949   51  398 2929.78153 2402.83226  18.0%  5597  217s
   526   442 infeasible   53      2929.78153 2402.83226  18.0%  5476  222s
   544   479 2419.29986    5  608 2929.78153 2402.83226  18.0%  5466  225s
   583   507 2449.82778    7  592 2929.78153 2402.83226  18.0%  5380  232s
   613   531 2449.82778   10  600 2929.78153 2402.83226  18.0%  5344  236s
   651   549 2464.76876   11  509 2929.78153 2402.83226  18.0%  5290  240s
   707   622 2539.60437   17  508 2929.78153 2402.83226  18.0%  5271  247s
   750   663 2534.97319   19  500 2929.78153 2402.83226  18.0%  5207  251s
   801   713 2552.21241   23  458 2929.78153 2402.83226  18.0%  5099  255s
   867   768 2633.23030   31  452 2929.78153 2402.83226  18.0%  4953  260s
  1012   924 2801.49508   39  367 2929.78153 2402.83226  18.0%  4727  269s
  1104   964 2758.80912   45  406 2929.78153 2402.83226  18.0%  4560  273s
  1156  1024 2851.34483   50  395 2929.78153 2402.83226  18.0%  4525  278s
  1216  1102 2859.51505   55  362 2929.78153 2402.83226  18.0%  4488  282s
  1301  1103 2517.52173   18  460 2929.78153 2402.83226  18.0%  4397  323s
  1304  1105 2804.62398  126  353 2929.78153 2403.06467  18.0%  4387  332s
  1305  1106 2477.53110   26  455 2929.78153 2407.18727  17.8%  4383  342s
  1306  1106 2504.21173   15  308 2929.78153 2430.13253  17.1%  4380  345s
  1307  1107 2474.82209   13  409 2929.78153 2430.13253  17.1%  4377  351s
  1308  1108 2620.03210   60  353 2929.78153 2430.13253  17.1%  4373  357s
  1309  1108 2860.85405   95  475 2929.78153 2430.13253  17.1%  4370  365s
  1310  1109 2448.77809   23  400 2929.78153 2430.13253  17.1%  4367  371s
  1311  1110 2558.50930   17  545 2929.78153 2430.13253  17.1%  4363  381s
  1312  1110 2582.87805   22  375 2929.78153 2430.13253  17.1%  4360  392s
  1313  1111 2529.61147   13  588 2929.78153 2430.13253  17.1%  4357  407s
  1314  1112 2647.99635   36  392 2929.78153 2430.13253  17.1%  4353  419s
  1315  1112 2492.94274   18  488 2929.78153 2430.13253  17.1%  4350  429s

Gurobi 9.1.0 (win64) logging started Thu Dec 17 21:51:01 2020

Changed value of parameter LogFile to log/S51D6.log
   Prev:   Default: 
Gurobi Optimizer version 9.1.0 build v9.1.0rc0 (win64)
Thread count: 6 physical cores, 12 logical processors, using up to 12 threads
Optimize a model with 234865 rows, 125094 columns and 1449401 nonzeros
Model fingerprint: 0x79772148
Variable types: 50 continuous, 125044 integer (111886 binary)
Coefficient statistics:
  Matrix range     [1e+00, 1e+03]
  Objective range  [2e+00, 9e+01]
  Bounds range     [1e+00, 1e+00]
  RHS range        [1e+00, 5e+01]
Presolve removed 112106 rows and 559 columns
Presolve time: 0.97s
Presolved: 122759 rows, 124535 columns, 592540 nonzeros
Variable types: 50 continuous, 124485 integer (109951 binary)
Found heuristic solution: objective 5625.0870636

Deterministic concurrent LP optimizer: primal and dual simplex
Showing first log only...


Root simplex log...

Iteration    Objective       Primal Inf.    Dual Inf.      Time
   30221    1.3189876e+03   0.000000e+00   1.579385e+05      5s
Concurrent spin time: 0.00s

Solved with dual simplex

Root relaxation: objective 3.793623e+02, 22280 iterations, 5.84 seconds
Total elapsed time = 10.55s

    Nodes    |    Current Node    |     Objective Bounds      |     Work
 Expl Unexpl |  Obj  Depth IntInf | Incumbent    BestBd   Gap | It/Node Time

     0     0  379.36228    0  892 5625.08706  379.36228  93.3%     -   11s

Gurobi 9.1.0 (win64) logging started Thu Dec 17 22:07:40 2020

Changed value of parameter LogFile to log/S51D6.log
   Prev:   Default: 
Gurobi Optimizer version 9.1.0 build v9.1.0rc0 (win64)
Thread count: 6 physical cores, 12 logical processors, using up to 12 threads
Optimize a model with 1669530 rows, 889898 columns and 10314342 nonzeros
Model fingerprint: 0xb7040587
Variable types: 50 continuous, 889848 integer (796212 binary)
Coefficient statistics:
  Matrix range     [1e+00, 1e+03]
  Objective range  [2e+00, 9e+01]
  Bounds range     [1e+00, 1e+00]
  RHS range        [1e+00, 5e+01]
Presolve removed 813047 rows and 19278 columns (presolve time = 7s) ...
Presolve removed 797747 rows and 3978 columns
Presolve time: 8.51s
Presolved: 871783 rows, 885920 columns, 4216680 nonzeros
Variable types: 50 continuous, 885870 integer (782442 binary)
Found heuristic solution: objective 5625.0870636

Deterministic concurrent LP optimizer: primal simplex, dual simplex, and barrier
Showing barrier log only...

Root barrier log...

Ordering time: 0.77s

Barrier statistics:
 Dense cols : 50
 AA' NZ     : 4.451e+06
 Factor NZ  : 1.266e+07 (roughly 800 MBytes of memory)
 Factor Ops : 2.517e+09 (less than 1 second per iteration)
 Threads    : 4

                  Objective                Residual
Iter       Primal          Dual         Primal    Dual     Compl     Time
   0   7.27781989e+07 -3.82603866e+08  1.42e+03 7.11e-15  1.05e+03    24s
   1   1.66485931e+07 -3.90339349e+08  2.58e+02 1.05e+01  3.33e+02    24s
   2   1.18988322e+07 -2.40137477e+08  1.32e+02 1.10e+01  1.58e+02    25s
   3   6.71145108e+06 -1.04432035e+08  4.99e-01 3.52e+00  4.87e+01    26s
   4   4.44362437e+06 -3.42701414e+07  7.60e-04 1.16e+00  1.69e+01    27s
   5   2.72814680e+06 -2.13692430e+07  2.53e-05 7.30e-01  1.06e+01    27s
   6   7.57408647e+05 -1.77193545e+06  5.51e-08 7.97e-02  1.13e+00    28s
   7   8.00401021e+04 -1.60773367e+05  3.61e-09 6.24e-03  1.06e-01    29s
   8   1.18710241e+04 -6.49673765e+04  3.73e-10 2.09e-03  3.49e-02    30s
   9   8.93777093e+03 -5.28799255e+04  2.72e-10 1.49e-03  2.80e-02    30s
  10   4.40991001e+03 -1.79424798e+03  9.29e-11 3.65e-05  2.52e-03    31s
  11   3.47834955e+03 -1.21055576e+02  7.40e-11 1.50e-13  1.38e-03    32s
  12   2.76587683e+03 -2.86012613e+01  5.80e-11 4.87e-13  1.07e-03    33s
  13   1.75290247e+03  7.38379777e+01  3.48e-11 1.86e-13  6.43e-04    33s
  14   1.33525195e+03  1.40923989e+02  2.46e-11 7.71e-14  4.57e-04    34s
  15   1.02220832e+03  2.60801699e+02  1.64e-11 1.65e-13  2.91e-04    35s
  16   5.05848169e+02  3.45962227e+02  2.64e-12 1.15e-12  6.12e-05    36s
  17   3.87193182e+02  3.72073947e+02  1.10e-13 1.06e-12  5.79e-06    36s
  18   3.79746092e+02  3.78172359e+02  4.82e-15 2.19e-13  6.02e-07    37s
  19   3.79364060e+02  3.79354335e+02  6.12e-14 1.21e-14  3.72e-09    38s
  20   3.79362282e+02  3.79362282e+02  1.20e-12 1.27e-14  4.40e-14    38s

Barrier solved model in 20 iterations and 38.30 seconds
Optimal objective 3.79362282e+02


Root crossover log...

   57320 DPushes remaining with DInf 0.0000000e+00                39s
       0 DPushes remaining with DInf 0.0000000e+00                40s

   13336 PPushes remaining with PInf 0.0000000e+00                40s
    8109 PPushes remaining with PInf 0.0000000e+00                46s
    1427 PPushes remaining with PInf 0.0000000e+00                51s
       0 PPushes remaining with PInf 0.0000000e+00                53s

  Push phase complete: Pinf 0.0000000e+00, Dinf 6.6633527e-10     53s


Root simplex log...

Iteration    Objective       Primal Inf.    Dual Inf.      Time
   68851    3.7936228e+02   0.000000e+00   0.000000e+00     53s
   68851    3.7936228e+02   0.000000e+00   0.000000e+00     54s
Concurrent spin time: 0.46s

Solved with barrier

Root relaxation: objective 3.793623e+02, 68851 iterations, 36.07 seconds

    Nodes    |    Current Node    |     Objective Bounds      |     Work
 Expl Unexpl |  Obj  Depth IntInf | Incumbent    BestBd   Gap | It/Node Time

     0     0  379.36228    0 91817 5625.08706  379.36228  93.3%     -  133s
H    0     0                    3484.4302603  379.36228  89.1%     -  169s
     0     0  379.36228    0 90871 3484.43026  379.36228  89.1%     -  223s
H    0     0                    2792.2830787  379.36228  86.4%     -  353s
     0     0  379.36228    0 89734 2792.28308  379.36228  86.4%     -  504s
H    0     0                    2686.6730469  379.36228  85.9%     -  572s
     0     0  379.36228    0 89734 2686.67305  379.36228  85.9%     -  697s
     0     0  384.63460    0 75923 2686.67305  384.63460  85.7%     -  918s
     0     0  384.63460    0 75166 2686.67305  384.63460  85.7%     -  948s
     0     0  384.63460    0 75166 2686.67305  384.63460  85.7%     -  954s
     0     0  384.63460    0 75038 2686.67305  384.63460  85.7%     - 1048s
     0     0  384.63460    0 75358 2686.67305  384.63460  85.7%     - 1056s
     0     0  384.63460    0 75541 2686.67305  384.63460  85.7%     - 1159s
     0     0  384.63460    0 74981 2686.67305  384.63460  85.7%     - 1264s

Gurobi 9.1.0 (win64) logging started Thu Dec 17 23:26:36 2020

Changed value of parameter LogFile to log/S51D6.log
   Prev:   Default: 
Changed value of parameter TimeLimit to 1800.0
   Prev: inf  Min: 0.0  Max: inf  Default: inf
Gurobi Optimizer version 9.1.0 build v9.1.0rc0 (win64)
Thread count: 6 physical cores, 12 logical processors, using up to 12 threads
Optimize a model with 1669530 rows, 889898 columns and 10314342 nonzeros
Model fingerprint: 0xb7040587
Variable types: 50 continuous, 889848 integer (796212 binary)
Coefficient statistics:
  Matrix range     [1e+00, 1e+03]
  Objective range  [2e+00, 9e+01]
  Bounds range     [1e+00, 1e+00]
  RHS range        [1e+00, 5e+01]
Presolve removed 813047 rows and 19278 columns (presolve time = 7s) ...
Presolve removed 797747 rows and 3978 columns
Presolve time: 8.69s
Presolved: 871783 rows, 885920 columns, 4216680 nonzeros
Variable types: 50 continuous, 885870 integer (782442 binary)
Found heuristic solution: objective 5625.0870636

Deterministic concurrent LP optimizer: primal simplex, dual simplex, and barrier
Showing barrier log only...

Root barrier log...

Ordering time: 0.78s

Barrier statistics:
 Dense cols : 50
 AA' NZ     : 4.451e+06
 Factor NZ  : 1.266e+07 (roughly 800 MBytes of memory)
 Factor Ops : 2.517e+09 (less than 1 second per iteration)
 Threads    : 4

                  Objective                Residual
Iter       Primal          Dual         Primal    Dual     Compl     Time
   0   7.27781989e+07 -3.82603866e+08  1.42e+03 7.11e-15  1.05e+03    24s
   1   1.66485931e+07 -3.90339349e+08  2.58e+02 1.05e+01  3.33e+02    25s
   2   1.18988322e+07 -2.40137477e+08  1.32e+02 1.10e+01  1.58e+02    25s
   3   6.71145108e+06 -1.04432035e+08  4.99e-01 3.52e+00  4.87e+01    26s
   4   4.44362437e+06 -3.42701414e+07  7.60e-04 1.16e+00  1.69e+01    27s
   5   2.72814680e+06 -2.13692430e+07  2.53e-05 7.30e-01  1.06e+01    28s
   6   7.57408647e+05 -1.77193545e+06  5.51e-08 7.97e-02  1.13e+00    28s
   7   8.00401021e+04 -1.60773367e+05  3.61e-09 6.24e-03  1.06e-01    29s
   8   1.18710241e+04 -6.49673765e+04  3.73e-10 2.09e-03  3.49e-02    30s
   9   8.93777093e+03 -5.28799255e+04  2.72e-10 1.49e-03  2.80e-02    31s
  10   4.40991001e+03 -1.79424798e+03  9.29e-11 3.65e-05  2.52e-03    32s
  11   3.47834955e+03 -1.21055576e+02  7.40e-11 1.50e-13  1.38e-03    32s
  12   2.76587683e+03 -2.86012613e+01  5.80e-11 4.87e-13  1.07e-03    33s
  13   1.75290247e+03  7.38379777e+01  3.48e-11 1.86e-13  6.43e-04    34s
  14   1.33525195e+03  1.40923989e+02  2.46e-11 7.71e-14  4.57e-04    34s
  15   1.02220832e+03  2.60801699e+02  1.64e-11 1.65e-13  2.91e-04    35s
  16   5.05848169e+02  3.45962227e+02  2.64e-12 1.15e-12  6.12e-05    36s
  17   3.87193182e+02  3.72073947e+02  1.10e-13 1.06e-12  5.79e-06    37s
  18   3.79746092e+02  3.78172359e+02  4.82e-15 2.19e-13  6.02e-07    37s
  19   3.79364060e+02  3.79354335e+02  6.12e-14 1.21e-14  3.72e-09    38s
  20   3.79362282e+02  3.79362282e+02  1.20e-12 1.27e-14  4.40e-14    39s

Barrier solved model in 20 iterations and 38.59 seconds
Optimal objective 3.79362282e+02


Root crossover log...

   57320 DPushes remaining with DInf 0.0000000e+00                39s
    1571 DPushes remaining with DInf 0.0000000e+00                40s
       0 DPushes remaining with DInf 0.0000000e+00                40s

   13336 PPushes remaining with PInf 0.0000000e+00                40s
    8109 PPushes remaining with PInf 0.0000000e+00                46s
    1427 PPushes remaining with PInf 0.0000000e+00                51s
       0 PPushes remaining with PInf 0.0000000e+00                53s

  Push phase complete: Pinf 0.0000000e+00, Dinf 6.6633527e-10     53s


Root simplex log...

Iteration    Objective       Primal Inf.    Dual Inf.      Time
   68851    3.7936228e+02   0.000000e+00   0.000000e+00     53s
   68851    3.7936228e+02   0.000000e+00   0.000000e+00     53s
Concurrent spin time: 1.36s

Solved with barrier

Root relaxation: objective 3.793623e+02, 68851 iterations, 36.07 seconds

    Nodes    |    Current Node    |     Objective Bounds      |     Work
 Expl Unexpl |  Obj  Depth IntInf | Incumbent    BestBd   Gap | It/Node Time

     0     0  379.36228    0 91817 5625.08706  379.36228  93.3%     -  133s
H    0     0                    3484.4302603  379.36228  89.1%     -  168s
     0     0  379.36228    0 90871 3484.43026  379.36228  89.1%     -  223s
H    0     0                    2792.2830787  379.36228  86.4%     -  353s
     0     0  379.36228    0 89734 2792.28308  379.36228  86.4%     -  505s
H    0     0                    2686.6730469  379.36228  85.9%     -  574s
     0     0  379.36228    0 89734 2686.67305  379.36228  85.9%     -  699s
     0     0  384.63460    0 75923 2686.67305  384.63460  85.7%     -  918s

Gurobi 9.1.0 (win64) logging started Thu Dec 17 23:42:06 2020

Changed value of parameter LogFile to log/S51D6.log
   Prev:   Default: 
Changed value of parameter TimeLimit to 1800.0
   Prev: inf  Min: 0.0  Max: inf  Default: inf
Gurobi Optimizer version 9.1.0 build v9.1.0rc0 (win64)
Thread count: 6 physical cores, 12 logical processors, using up to 12 threads
Optimize a model with 223955 rows, 119278 columns and 1381987 nonzeros
Model fingerprint: 0x6f2e4448
Variable types: 50 continuous, 119228 integer (106682 binary)
Coefficient statistics:
  Matrix range     [1e+00, 1e+03]
  Objective range  [2e+00, 9e+01]
  Bounds range     [1e+00, 1e+00]
  RHS range        [1e+00, 5e+01]
Presolve removed 106892 rows and 533 columns
Presolve time: 0.92s
Presolved: 117063 rows, 118745 columns, 564980 nonzeros
Variable types: 50 continuous, 118695 integer (104837 binary)
Found heuristic solution: objective 5625.0870636

Deterministic concurrent LP optimizer: primal and dual simplex
Showing first log only...


Root simplex log...

Iteration    Objective       Primal Inf.    Dual Inf.      Time
   29247    1.2857359e+03   0.000000e+00   4.784614e+04      5s
Concurrent spin time: 0.00s

Solved with dual simplex

Root relaxation: objective 3.793623e+02, 22234 iterations, 6.57 seconds
Total elapsed time = 11.19s

    Nodes    |    Current Node    |     Objective Bounds      |     Work
 Expl Unexpl |  Obj  Depth IntInf | Incumbent    BestBd   Gap | It/Node Time

     0     0  379.36228    0 1036 5625.08706  379.36228  93.3%     -   11s
H    0     0                    4817.0019795  379.36228  92.1%     -   31s
     0     0  379.36228    0 1163 4817.00198  379.36228  92.1%     -   45s
     0     0  384.63460    0 1200 4817.00198  384.63460  92.0%     -   93s
     0     0  387.64285    0 1104 4817.00198  387.64285  92.0%     -  117s
     0     0  389.04874    0 1121 4817.00198  389.04874  91.9%     -  123s
     0     0  389.04874    0 1121 4817.00198  389.04874  91.9%     -  123s
     0     0  393.73475    0 1085 4817.00198  393.73475  91.8%     -  132s
     0     0  393.73475    0 1142 4817.00198  393.73475  91.8%     -  134s
     0     0  393.85449    0 1231 4817.00198  393.85449  91.8%     -  138s
     0     0  393.85449    0 1231 4817.00198  393.85449  91.8%     -  139s
     0     0  393.85449    0 1139 4817.00198  393.85449  91.8%     -  146s
     0     0  393.85449    0 1139 4817.00198  393.85449  91.8%     -  147s
     0     0  393.85449    0 1047 4817.00198  393.85449  91.8%     -  158s
     0     0  393.85449    0 1109 4817.00198  393.85449  91.8%     -  166s
     0     0  393.85449    0 1093 4817.00198  393.85449  91.8%     -  176s
     0     0  393.85449    0 1113 4817.00198  393.85449  91.8%     -  179s
     0     0  394.57575    0 1171 4817.00198  394.57575  91.8%     -  193s
     0     0  394.57575    0 1247 4817.00198  394.57575  91.8%     -  195s
     0     0  394.57575    0 1284 4817.00198  394.57575  91.8%     -  199s
     0     0  394.57575    0 1322 4817.00198  394.57575  91.8%     -  239s
     0     0  394.57575    0 1248 4817.00198  394.57575  91.8%     -  246s
     0     0  394.57575    0 1294 4817.00198  394.57575  91.8%     -  258s
     0     0  394.57575    0 1221 4817.00198  394.57575  91.8%     -  267s
     0     0  394.57575    0 1208 4817.00198  394.57575  91.8%     -  270s
     0     2  394.57575    0 1165 4817.00198  394.57575  91.8%     -  310s
     1     4  394.57575    1 1147 4817.00198  394.57575  91.8% 11810  321s
     3     8  397.25748    2 1207 4817.00198  394.57575  91.8%  8266  336s
     7    14  404.77069    3 1174 4817.00198  397.25748  91.8%  6808  357s
    13    20  415.38755    4 1280 4817.00198  397.26510  91.8%  8444  472s
    19    26  407.79419    4 1181 4817.00198  397.26510  91.8% 12216  560s
    25    30  415.54721    5 2031 4817.00198  400.21200  91.7% 12463  620s
    31    35  413.62575    5 1178 4817.00198  400.21200  91.7% 11421  733s
    37    42  416.64925    6 1156 4817.00198  400.21200  91.7% 10989  775s
    44    48  425.77577    7 1119 4817.00198  400.21570  91.7% 10350  825s
    50    53  439.57023    7 1103 4817.00198  400.21570  91.7% 10014  902s
    56    59  426.68990    8 1128 4817.00198  405.82281  91.6%  9575  967s
    62    66  441.46420    9 1101 4817.00198  405.82281  91.6%  9366 1011s
H   63    66                    4616.4888557  405.82281  91.2%  9217 1011s
H   68    66                    4601.0992644  405.82281  91.2%  9067 1011s
    69    73  429.41369    9 1108 4601.09926  405.82281  91.2%  9083 1069s
    77    80  435.97670   10 1109 4601.09926  405.82281  91.2%  8935 1106s

Gurobi 9.1.0 (win64) logging started Fri Dec 18 00:02:48 2020

Changed value of parameter LogFile to log/S51D6.log
   Prev:   Default: 
Changed value of parameter TimeLimit to 1800.0
   Prev: inf  Min: 0.0  Max: inf  Default: inf
Gurobi Optimizer version 9.1.0 build v9.1.0rc0 (win64)
Thread count: 6 physical cores, 12 logical processors, using up to 12 threads
Optimize a model with 273050 rows, 145450 columns and 1685350 nonzeros
Model fingerprint: 0x2d57de98
Variable types: 50 continuous, 145400 integer (130100 binary)
Coefficient statistics:
  Matrix range     [1e+00, 1e+03]
  Objective range  [2e+00, 9e+01]
  Bounds range     [1e+00, 1e+00]
  RHS range        [1e+00, 5e+01]
Presolve removed 130355 rows and 650 columns
Presolve time: 1.13s
Presolved: 142695 rows, 144800 columns, 689000 nonzeros
Variable types: 50 continuous, 144750 integer (127850 binary)
Found heuristic solution: objective 5625.0870636

Deterministic concurrent LP optimizer: primal and dual simplex
Showing first log only...


Root simplex log...

Iteration    Objective       Primal Inf.    Dual Inf.      Time
   29246    1.3967547e+03   0.000000e+00   4.189147e+05      5s
Concurrent spin time: 0.00s

Solved with dual simplex

Root relaxation: objective 3.793623e+02, 25643 iterations, 6.90 seconds
Total elapsed time = 12.26s

    Nodes    |    Current Node    |     Objective Bounds      |     Work
 Expl Unexpl |  Obj  Depth IntInf | Incumbent    BestBd   Gap | It/Node Time

     0     0  379.36228    0  840 5625.08706  379.36228  93.3%     -   13s
H    0     0                    3953.8524222  379.36228  90.4%     -   31s
     0     0  379.36228    0  952 3953.85242  379.36228  90.4%     -   40s
     0     0  384.63460    0 1028 3953.85242  384.63460  90.3%     -   61s
     0     0  387.64285    0  869 3953.85242  387.64285  90.2%     -   87s
     0     0  389.04874    0  920 3953.85242  389.04874  90.2%     -   94s
     0     0  389.04874    0  920 3953.85242  389.04874  90.2%     -   94s
     0     0  393.73475    0 1023 3953.85242  393.73475  90.0%     -  103s
     0     0  393.73475    0 1023 3953.85242  393.73475  90.0%     -  116s
     0     0  393.73481    0 1079 3953.85242  393.73481  90.0%     -  120s
     0     0  393.73481    0 1079 3953.85242  393.73481  90.0%     -  130s
     0     0  393.73481    0 1085 3953.85242  393.73481  90.0%     -  134s
     0     0  393.73481    0 1088 3953.85242  393.73481  90.0%     -  148s
     0     0  393.73481    0  905 3953.85242  393.73481  90.0%     -  155s
     0     0  393.73481    0  975 3953.85242  393.73481  90.0%     -  161s
     0     0  393.73481    0  971 3953.85242  393.73481  90.0%     -  169s
     0     0  393.73481    0  959 3953.85242  393.73481  90.0%     -  192s
     0     0  393.73481    0  926 3953.85242  393.73481  90.0%     -  202s
     0     0  393.73481    0  924 3953.85242  393.73481  90.0%     -  204s
     0     0  393.73481    0  957 3953.85242  393.73481  90.0%     -  211s
     0     0  393.73481    0  957 3953.85242  393.73481  90.0%     -  301s
     0     2  393.75375    0  957 3953.85242  393.75375  90.0%     -  352s
     1     4  393.75375    1  957 3953.85242  393.75375  90.0% 10699  363s
     3     8  393.75375    2  974 3953.85242  393.75375  90.0%  5221  449s
     7    14  393.75375    3 1018 3953.85242  393.75375  90.0%  4449  617s
    13    19  396.41858    4 1080 3953.85242  393.75375  90.0%  6851 1011s
    19    22  410.34826    4  992 3953.85242  393.90324  90.0%  9997 1149s

Gurobi 9.1.0 (win64) logging started Fri Dec 18 00:24:48 2020

Changed value of parameter LogFile to log/S51D6.log
   Prev:   Default: 
Changed value of parameter TimeLimit to 1800.0
   Prev: inf  Min: 0.0  Max: inf  Default: inf
Gurobi Optimizer version 9.1.0 build v9.1.0rc0 (win64)
Thread count: 6 physical cores, 12 logical processors, using up to 12 threads
Optimize a model with 245775 rows, 130910 columns and 1516815 nonzeros
Model fingerprint: 0x41d9b6d3
Variable types: 50 continuous, 130860 integer (117090 binary)
Coefficient statistics:
  Matrix range     [1e+00, 1e+03]
  Objective range  [2e+00, 9e+01]
  Bounds range     [1e+00, 1e+00]
  RHS range        [1e+00, 5e+01]
Presolve removed 117320 rows and 585 columns
Presolve time: 1.07s
Presolved: 128455 rows, 130325 columns, 620100 nonzeros
Variable types: 50 continuous, 130275 integer (115065 binary)
Found heuristic solution: objective 5625.0870636

Deterministic concurrent LP optimizer: primal and dual simplex
Showing first log only...


Root simplex log...

Iteration    Objective       Primal Inf.    Dual Inf.      Time
   29858    1.1744662e+03   0.000000e+00   1.106230e+06      5s
Concurrent spin time: 0.00s

Solved with dual simplex

Root relaxation: objective 3.793623e+02, 23106 iterations, 7.06 seconds
Total elapsed time = 12.09s

    Nodes    |    Current Node    |     Objective Bounds      |     Work
 Expl Unexpl |  Obj  Depth IntInf | Incumbent    BestBd   Gap | It/Node Time

     0     0  379.36228    0  852 5625.08706  379.36228  93.3%     -   13s
H    0     0                    3969.1366412  379.36228  90.4%     -   32s
     0     0  379.36228    0 1016 3969.13664  379.36228  90.4%     -   42s
     0     0  384.63460    0 1137 3969.13664  384.63460  90.3%     -   60s
     0     0  387.64285    0  954 3969.13664  387.64285  90.2%     -   82s
     0     0  389.04874    0 1013 3969.13664  389.04874  90.2%     -   87s
     0     0  389.04874    0 1013 3969.13664  389.04874  90.2%     -   87s
     0     0  393.73475    0 1025 3969.13664  393.73475  90.1%     -   95s
     0     0  393.73475    0 1023 3969.13664  393.73475  90.1%     -  148s
     0     0  393.73481    0 1080 3969.13664  393.73481  90.1%     -  152s
     0     0  393.73481    0 1080 3969.13664  393.73481  90.1%     -  159s
     0     0  393.73481    0 1110 3969.13664  393.73481  90.1%     -  163s
     0     0  393.73481    0 1110 3969.13664  393.73481  90.1%     -  164s
     0     0  393.73481    0  966 3969.13664  393.73481  90.1%     -  172s
     0     0  393.73481    0  975 3969.13664  393.73481  90.1%     -  173s
     0     0  393.73481    0  978 3969.13664  393.73481  90.1%     -  177s
     0     0  393.73481    0  992 3969.13664  393.73481  90.1%     -  183s
     0     0  393.73481    0  950 3969.13664  393.73481  90.1%     -  191s
     0     0  393.73481    0  950 3969.13664  393.73481  90.1%     -  265s
H    0     0                    3388.0167502  393.73481  88.4%     -  314s
     0     2  393.73481    0  914 3388.01675  393.73481  88.4%     -  355s
     1     4  393.73481    1  914 3388.01675  393.73481  88.4%  4817  370s
     3     8  393.73685    2  944 3388.01675  393.73685  88.4%  2856  497s
     7    14  393.73685    3 1046 3388.01675  393.73685  88.4%  2851  644s
    13    19  396.41858    4 1092 3388.01675  393.73685  88.4%  5934 1024s
    19    22  399.44207    5 1148 3388.01675  393.73685  88.4% 10248 1251s
    25    26  407.03543    5 1088 3388.01675  393.73685  88.4%  9550 1538s
H   31    32                    2921.6435579  393.73685  86.5%  8776 1782s
H   32    32                    2876.0090747  393.73685  86.3%  8891 1782s
H   34    32                    2830.3728245  393.73685  86.1%  8577 1782s
H   35    32                    2787.5254837  393.73685  85.9%  8520 1782s
    37    34  404.09818    5  987 2787.52548  393.73685  85.9%  8536 1800s

Cutting planes:
  Learned: 1
  MIR: 91
  Zero half: 55
  Relax-and-lift: 77

Explored 39 nodes (462564 simplex iterations) in 1800.36 seconds
Thread count was 12 (of 12 available processors)

Solution count 7: 2787.53 2830.37 2876.01 ... 5625.09

Time limit reached
Best objective 2.787525483720e+03, best bound 3.937368501543e+02, gap 85.8750%

Gurobi 9.1.0 (win64) logging started Fri Dec 18 17:11:58 2020

Changed value of parameter LogFile to log/S51D6.log
   Prev:   Default: 
Changed value of parameter TimeLimit to 720.0
   Prev: inf  Min: 0.0  Max: inf  Default: inf
Gurobi Optimizer version 9.1.0 build v9.1.0rc0 (win64)
Thread count: 6 physical cores, 12 logical processors, using up to 12 threads
Optimize a model with 234865 rows, 125094 columns and 1449401 nonzeros
Model fingerprint: 0x79772148
Variable types: 50 continuous, 125044 integer (111886 binary)
Coefficient statistics:
  Matrix range     [1e+00, 1e+03]
  Objective range  [2e+00, 9e+01]
  Bounds range     [1e+00, 1e+00]
  RHS range        [1e+00, 5e+01]
Presolve removed 112106 rows and 559 columns
Presolve time: 0.98s
Presolved: 122759 rows, 124535 columns, 592540 nonzeros
Variable types: 50 continuous, 124485 integer (109951 binary)
Found heuristic solution: objective 5625.0870636

Deterministic concurrent LP optimizer: primal and dual simplex
Showing first log only...


Root simplex log...

Iteration    Objective       Primal Inf.    Dual Inf.      Time
   31593    1.2976154e+03   0.000000e+00   1.533836e+05      5s
Concurrent spin time: 0.01s

Solved with dual simplex

Root relaxation: objective 3.793623e+02, 22280 iterations, 4.67 seconds
Total elapsed time = 10.19s

    Nodes    |    Current Node    |     Objective Bounds      |     Work
 Expl Unexpl |  Obj  Depth IntInf | Incumbent    BestBd   Gap | It/Node Time

     0     0  379.36228    0  892 5625.08706  379.36228  93.3%     -   10s
H    0     0                    4086.1441071  379.36228  90.7%     -   31s
     0     0  379.36228    0 1078 4086.14411  379.36228  90.7%     -   39s
     0     0  384.63460    0 1113 4086.14411  384.63460  90.6%     -   54s
     0     0  387.64285    0  996 4086.14411  387.64285  90.5%     -   73s
     0     0  389.04874    0 1057 4086.14411  389.04874  90.5%     -   75s
     0     0  389.04874    0 1057 4086.14411  389.04874  90.5%     -   75s
     0     0  393.73475    0 1068 4086.14411  393.73475  90.4%     -   82s
     0     0  393.73475    0 1081 4086.14411  393.73475  90.4%     -  120s
     0     0  393.85449    0 1109 4086.14411  393.85449  90.4%     -  124s
     0     0  393.85449    0 1109 4086.14411  393.85449  90.4%     -  124s
     0     0  393.85449    0 1152 4086.14411  393.85449  90.4%     -  127s
     0     0  393.85449    0 1115 4086.14411  393.85449  90.4%     -  128s
     0     0  393.85449    0  942 4086.14411  393.85449  90.4%     -  135s
     0     0  393.85449    0  940 4086.14411  393.85449  90.4%     -  135s
     0     0  393.85449    0  974 4086.14411  393.85449  90.4%     -  142s
     0     0  393.85449    0  908 4086.14411  393.85449  90.4%     -  152s
     0     0  393.85449    0  908 4086.14411  393.85449  90.4%     -  153s
     0     0  393.85449    0  952 4086.14411  393.85449  90.4%     -  161s
     0     0  393.85449    0 1003 4086.14411  393.85449  90.4%     -  169s
     0     0  394.36315    0  975 4086.14411  394.36315  90.3%     -  184s
     0     0  394.57575    0 1145 4086.14411  394.57575  90.3%     -  193s
     0     0  394.57575    0 1105 4086.14411  394.57575  90.3%     -  194s
     0     0  394.57575    0 1179 4086.14411  394.57575  90.3%     -  198s
     0     0  394.57575    0 1195 4086.14411  394.57575  90.3%     -  199s
     0     0  394.57575    0 1203 4086.14411  394.57575  90.3%     -  201s
     0     0  394.57575    0 1218 4086.14411  394.57575  90.3%     -  202s
     0     0  394.57575    0 1109 4086.14411  394.57575  90.3%     -  207s
     0     0  394.57575    0 1210 4086.14411  394.57575  90.3%     -  214s
     0     0  394.57575    0 1027 4086.14411  394.57575  90.3%     -  219s
     0     0  394.57575    0 1100 4086.14411  394.57575  90.3%     -  221s
     0     0  394.57575    0 1019 4086.14411  394.57575  90.3%     -  227s
     0     0  394.57575    0 1014 4086.14411  394.57575  90.3%     -  230s
     0     2  394.57575    0  972 4086.14411  394.57575  90.3%     -  267s
     1     4  394.57575    1 1141 4086.14411  394.57575  90.3% 11187  276s
     3     8  397.25748    2 1249 4086.14411  394.57575  90.3%  6204  290s
     7    13  404.77069    3 1173 4086.14411  397.25748  90.3%  5485  314s
    13    19  404.80151    4 1847 4086.14411  397.26510  90.3%  6616  435s
    19    25  410.63308    5 1806 4086.14411  397.26510  90.3% 11497  522s
    25    31  412.55454    5 2535 4086.14411  397.26880  90.3% 12309  561s
H   31    37                    3732.2348749  397.26880  89.4% 10774  690s
H   32    37                    3587.7514854  397.26880  88.9% 10888  690s
H   35    37                    3515.4873599  397.26880  88.7% 10397  690s
H   36    37                    3456.6765357  397.26880  88.5% 10284  690s
    37    41  422.76873    6 1222 3456.67654  397.26880  88.5% 10445  720s

Cutting planes:
  Learned: 3
  Gomory: 6
  MIR: 108
  Zero half: 63
  RLT: 1
  Relax-and-lift: 115

Explored 41 nodes (646315 simplex iterations) in 720.13 seconds
Thread count was 12 (of 12 available processors)

Solution count 6: 3456.68 3515.49 3587.75 ... 5625.09

Time limit reached
Best objective 3.456676535664e+03, best bound 3.972687971319e+02, gap 88.5072%

Gurobi 9.1.0 (win64) logging started Fri Dec 18 19:02:31 2020

Changed value of parameter LogFile to log/S51D6.log
   Prev:   Default: 
Changed value of parameter TimeLimit to 720.0
   Prev: inf  Min: 0.0  Max: inf  Default: inf
Gurobi Optimizer version 9.1.0 build v9.1.0rc0 (win64)
Thread count: 6 physical cores, 12 logical processors, using up to 12 threads
Optimize a model with 234865 rows, 125094 columns and 1449401 nonzeros
Model fingerprint: 0x79772148
Variable types: 50 continuous, 125044 integer (111886 binary)
Coefficient statistics:
  Matrix range     [1e+00, 1e+03]
  Objective range  [2e+00, 9e+01]
  Bounds range     [1e+00, 1e+00]
  RHS range        [1e+00, 5e+01]
Presolve removed 112106 rows and 559 columns
Presolve time: 0.96s
Presolved: 122759 rows, 124535 columns, 592540 nonzeros
Variable types: 50 continuous, 124485 integer (109951 binary)
Found heuristic solution: objective 5625.0870636

Deterministic concurrent LP optimizer: primal and dual simplex
Showing first log only...


Root simplex log...

Iteration    Objective       Primal Inf.    Dual Inf.      Time
   30221    1.3189876e+03   0.000000e+00   1.579385e+05      5s
Concurrent spin time: 0.00s

Solved with dual simplex

Root relaxation: objective 3.793623e+02, 22280 iterations, 5.82 seconds
Total elapsed time = 10.53s

    Nodes    |    Current Node    |     Objective Bounds      |     Work
 Expl Unexpl |  Obj  Depth IntInf | Incumbent    BestBd   Gap | It/Node Time

     0     0  379.36228    0  892 5625.08706  379.36228  93.3%     -   11s
H    0     0                    4086.1441071  379.36228  90.7%     -   32s
     0     0  379.36228    0 1078 4086.14411  379.36228  90.7%     -   40s
     0     0  384.63460    0 1113 4086.14411  384.63460  90.6%     -   54s
     0     0  387.64285    0  996 4086.14411  387.64285  90.5%     -   73s
     0     0  389.04874    0 1057 4086.14411  389.04874  90.5%     -   75s
     0     0  389.04874    0 1057 4086.14411  389.04874  90.5%     -   75s
     0     0  393.73475    0 1068 4086.14411  393.73475  90.4%     -   82s
     0     0  393.73475    0 1081 4086.14411  393.73475  90.4%     -  120s
     0     0  393.85449    0 1109 4086.14411  393.85449  90.4%     -  123s
     0     0  393.85449    0 1109 4086.14411  393.85449  90.4%     -  124s
     0     0  393.85449    0 1152 4086.14411  393.85449  90.4%     -  127s
     0     0  393.85449    0 1115 4086.14411  393.85449  90.4%     -  128s
     0     0  393.85449    0  942 4086.14411  393.85449  90.4%     -  134s
     0     0  393.85449    0  940 4086.14411  393.85449  90.4%     -  135s
     0     0  393.85449    0  974 4086.14411  393.85449  90.4%     -  141s
     0     0  393.85449    0  908 4086.14411  393.85449  90.4%     -  151s
     0     0  393.85449    0  908 4086.14411  393.85449  90.4%     -  152s
     0     0  393.85449    0  952 4086.14411  393.85449  90.4%     -  161s
     0     0  393.85449    0 1003 4086.14411  393.85449  90.4%     -  169s
     0     0  394.36315    0  975 4086.14411  394.36315  90.3%     -  183s
     0     0  394.57575    0 1145 4086.14411  394.57575  90.3%     -  193s
     0     0  394.57575    0 1105 4086.14411  394.57575  90.3%     -  194s
     0     0  394.57575    0 1179 4086.14411  394.57575  90.3%     -  197s
     0     0  394.57575    0 1195 4086.14411  394.57575  90.3%     -  198s
     0     0  394.57575    0 1203 4086.14411  394.57575  90.3%     -  201s
     0     0  394.57575    0 1218 4086.14411  394.57575  90.3%     -  202s
     0     0  394.57575    0 1109 4086.14411  394.57575  90.3%     -  206s
     0     0  394.57575    0 1210 4086.14411  394.57575  90.3%     -  213s
     0     0  394.57575    0 1027 4086.14411  394.57575  90.3%     -  218s
     0     0  394.57575    0 1100 4086.14411  394.57575  90.3%     -  220s
     0     0  394.57575    0 1019 4086.14411  394.57575  90.3%     -  226s
     0     0  394.57575    0 1014 4086.14411  394.57575  90.3%     -  229s
     0     2  394.57575    0  972 4086.14411  394.57575  90.3%     -  267s
     1     4  394.57575    1 1141 4086.14411  394.57575  90.3% 11187  276s
     3     8  397.25748    2 1249 4086.14411  394.57575  90.3%  6204  290s
     7    13  404.77069    3 1173 4086.14411  397.25748  90.3%  5485  313s
    13    19  404.80151    4 1847 4086.14411  397.26510  90.3%  6616  434s
    19    25  410.63308    5 1806 4086.14411  397.26510  90.3% 11497  527s
    25    31  412.55454    5 2535 4086.14411  397.26880  90.3% 12309  565s
H   31    37                    3732.2348749  397.26880  89.4% 10774  698s
H   32    37                    3587.7514854  397.26880  88.9% 10888  698s
H   35    37                    3515.4873599  397.26880  88.7% 10397  698s
H   36    37                    3456.6765357  397.26880  88.5% 10284  698s
    37    39  426.59922    5 1068 3456.67654  397.26880  88.5% 10407  720s

Cutting planes:
  Learned: 3
  Gomory: 6
  MIR: 108
  Zero half: 63
  RLT: 1
  Relax-and-lift: 115

Explored 39 nodes (633828 simplex iterations) in 720.09 seconds
Thread count was 12 (of 12 available processors)

Solution count 6: 3456.68 3515.49 3587.75 ... 5625.09

Time limit reached
Best objective 3.456676535664e+03, best bound 3.972687971319e+02, gap 88.5072%

Gurobi 9.1.0 (win64) logging started Fri Dec 18 21:49:26 2020

Changed value of parameter LogFile to log/S51D6.log
   Prev:   Default: 
Changed value of parameter TimeLimit to 720.0
   Prev: inf  Min: 0.0  Max: inf  Default: inf
Gurobi Optimizer version 9.1.0 build v9.1.0rc0 (win64)
Thread count: 6 physical cores, 12 logical processors, using up to 12 threads
Optimize a model with 234865 rows, 125094 columns and 1449401 nonzeros
Model fingerprint: 0x79772148
Variable types: 50 continuous, 125044 integer (111886 binary)
Coefficient statistics:
  Matrix range     [1e+00, 1e+03]
  Objective range  [2e+00, 9e+01]
  Bounds range     [1e+00, 1e+00]
  RHS range        [1e+00, 5e+01]
Presolve removed 112106 rows and 559 columns
Presolve time: 0.96s
Presolved: 122759 rows, 124535 columns, 592540 nonzeros
Variable types: 50 continuous, 124485 integer (109951 binary)
Found heuristic solution: objective 5625.0870636

Deterministic concurrent LP optimizer: primal and dual simplex
Showing first log only...


Root simplex log...

Iteration    Objective       Primal Inf.    Dual Inf.      Time
   31985    1.2953266e+03   0.000000e+00   1.904072e+05      5s
Concurrent spin time: 0.00s

Solved with dual simplex

Root relaxation: objective 3.793623e+02, 22280 iterations, 4.55 seconds
Total elapsed time = 10.13s

    Nodes    |    Current Node    |     Objective Bounds      |     Work
 Expl Unexpl |  Obj  Depth IntInf | Incumbent    BestBd   Gap | It/Node Time

     0     0  379.36228    0  892 5625.08706  379.36228  93.3%     -   10s
H    0     0                    4086.1441071  379.36228  90.7%     -   30s
     0     0  379.36228    0 1078 4086.14411  379.36228  90.7%     -   39s
     0     0  384.63460    0 1113 4086.14411  384.63460  90.6%     -   53s
     0     0  387.64285    0  996 4086.14411  387.64285  90.5%     -   72s
     0     0  389.04874    0 1057 4086.14411  389.04874  90.5%     -   74s
     0     0  389.04874    0 1057 4086.14411  389.04874  90.5%     -   74s
     0     0  393.73475    0 1068 4086.14411  393.73475  90.4%     -   81s
     0     0  393.73475    0 1081 4086.14411  393.73475  90.4%     -  119s
     0     0  393.85449    0 1109 4086.14411  393.85449  90.4%     -  123s
     0     0  393.85449    0 1109 4086.14411  393.85449  90.4%     -  123s
     0     0  393.85449    0 1152 4086.14411  393.85449  90.4%     -  126s
     0     0  393.85449    0 1115 4086.14411  393.85449  90.4%     -  127s
     0     0  393.85449    0  942 4086.14411  393.85449  90.4%     -  134s
     0     0  393.85449    0  940 4086.14411  393.85449  90.4%     -  134s
     0     0  393.85449    0  974 4086.14411  393.85449  90.4%     -  141s
     0     0  393.85449    0  908 4086.14411  393.85449  90.4%     -  151s
     0     0  393.85449    0  908 4086.14411  393.85449  90.4%     -  152s
     0     0  393.85449    0  952 4086.14411  393.85449  90.4%     -  160s
     0     0  393.85449    0 1003 4086.14411  393.85449  90.4%     -  168s
     0     0  394.36315    0  975 4086.14411  394.36315  90.3%     -  184s
     0     0  394.57575    0 1145 4086.14411  394.57575  90.3%     -  193s
     0     0  394.57575    0 1105 4086.14411  394.57575  90.3%     -  194s
     0     0  394.57575    0 1179 4086.14411  394.57575  90.3%     -  198s
     0     0  394.57575    0 1195 4086.14411  394.57575  90.3%     -  199s
     0     0  394.57575    0 1203 4086.14411  394.57575  90.3%     -  201s
     0     0  394.57575    0 1218 4086.14411  394.57575  90.3%     -  202s
     0     0  394.57575    0 1109 4086.14411  394.57575  90.3%     -  207s
     0     0  394.57575    0 1210 4086.14411  394.57575  90.3%     -  214s
     0     0  394.57575    0 1027 4086.14411  394.57575  90.3%     -  219s
     0     0  394.57575    0 1100 4086.14411  394.57575  90.3%     -  221s
     0     0  394.57575    0 1019 4086.14411  394.57575  90.3%     -  227s
     0     0  394.57575    0 1014 4086.14411  394.57575  90.3%     -  230s
     0     2  394.57575    0  972 4086.14411  394.57575  90.3%     -  267s
     1     4  394.57575    1 1141 4086.14411  394.57575  90.3% 11187  277s
     3     8  397.25748    2 1249 4086.14411  394.57575  90.3%  6204  292s
     7    13  404.77069    3 1173 4086.14411  397.25748  90.3%  5485  314s
    13    19  404.80151    4 1847 4086.14411  397.26510  90.3%  6616  433s
    19    25  410.63308    5 1806 4086.14411  397.26510  90.3% 11497  520s
    25    31  412.55454    5 2535 4086.14411  397.26880  90.3% 12309  559s
H   31    37                    3732.2348749  397.26880  89.4% 10774  695s
H   32    37                    3587.7514854  397.26880  88.9% 10888  695s
H   35    37                    3515.4873599  397.26880  88.7% 10397  695s
H   36    37                    3456.6765357  397.26880  88.5% 10284  695s
    37    40  422.76873    6 1222 3456.67654  397.26880  88.5% 10445  720s

Cutting planes:
  Learned: 3
  Gomory: 6
  MIR: 108
  Zero half: 63
  RLT: 1
  Relax-and-lift: 115

Explored 40 nodes (639172 simplex iterations) in 720.11 seconds
Thread count was 12 (of 12 available processors)

Solution count 6: 3456.68 3515.49 3587.75 ... 5625.09

Time limit reached
Best objective 3.456676535664e+03, best bound 3.972687971319e+02, gap 88.5072%
