
Gurobi 9.1.0 (win64) logging started Fri Dec 18 20:22:20 2020

Changed value of parameter LogFile to log/S51D6_heu_global.log
   Prev:   Default: 
Gurobi Optimizer version 9.1.0 build v9.1.0rc0 (win64)
Thread count: 6 physical cores, 12 logical processors, using up to 12 threads
Optimize a model with 232025 rows, 117095 columns and 911385 nonzeros
Model fingerprint: 0x77d9c898
Variable types: 50 continuous, 117045 integer (117045 binary)
Coefficient statistics:
  Matrix range     [1e+00, 7e+01]
  Objective range  [2e+00, 9e+01]
  Bounds range     [1e+00, 1e+00]
  RHS range        [1e+00, 1e+03]
Presolve removed 119340 rows and 2295 columns
Presolve time: 0.89s
Presolved: 112685 rows, 114800 columns, 787500 nonzeros
Variable types: 50 continuous, 114750 integer (114750 binary)
Found heuristic solution: objective 2402.3476394

Deterministic concurrent LP optimizer: primal and dual simplex
Showing first log only...

Concurrent spin time: 0.00s

Solved with dual simplex

Root relaxation: objective 3.793623e+02, 2265 iterations, 0.63 seconds

    Nodes    |    Current Node    |     Objective Bounds      |     Work
 Expl Unexpl |  Obj  Depth IntInf | Incumbent    BestBd   Gap | It/Node Time

     0     0  379.36228    0  107 2402.34764  379.36228  84.2%     -    2s
H    0     0                    2301.9185652  379.36228  83.5%     -   10s
     0     0  379.36228    0   98 2301.91857  379.36228  83.5%     -   11s
H    0     0                    1965.9245987  379.36228  80.7%     -   28s
     0     0  379.36228    0   98 1965.92460  379.36228  80.7%     -   28s
     0     0  379.36228    0   98 1965.92460  379.36228  80.7%     -   29s
H    0     0                    1699.2939663  379.36228  77.7%     -   41s
     0     0  379.36228    0   98 1699.29397  379.36228  77.7%     -   41s
     0     0  379.36228    0   98 1699.29397  379.36228  77.7%     -   42s
     0     0  379.36228    0   98 1699.29397  379.36228  77.7%     -   50s
     0     0  379.36228    0   98 1699.29397  379.36228  77.7%     -   51s
     0     0  379.36228    0   98 1699.29397  379.36228  77.7%     -   59s
     0     0  379.36228    0   98 1699.29397  379.36228  77.7%     -   59s
     0     0  379.36228    0   98 1699.29397  379.36228  77.7%     -   61s
     0     2  379.36228    0   98 1699.29397  379.36228  77.7%     -   80s
    13    20  380.68946    4  100 1699.29397  379.37530  77.7%   229   86s
H   31    33                    1303.5497918  379.37890  70.9%   154  145s
H   32    33                     931.7093964  379.37890  59.3%   156  145s
H   34    33                     907.9024622  379.37890  58.2%   154  145s
H   65    61                     868.3890911  379.37890  56.3%   131  150s
H   68    61                     847.4889752  379.37890  55.2%   128  150s
H   69    61                     826.9374547  379.37890  54.1%   128  150s
    82    78  397.42597   13   87  826.93745  379.37890  54.1%   138  157s
H  101    95                     794.9936883  379.37890  52.3%   129  161s
H  102    95                     773.0759372  379.37890  50.9%   129  161s
   117   110  398.70966   18   78  773.07594  379.37890  50.9%   130  167s
   124   118  398.83493   19   84  773.07594  379.37890  50.9%   135  172s
H  133   126                     768.1308717  379.37890  50.6%   139  175s
H  137   126                     763.2555905  379.37890  50.3%   140  175s
H  139   126                     757.9125166  379.37890  49.9%   141  175s
H  140   126                     756.0855333  379.37890  49.8%   142  175s
   156   150  399.69398   25   89  756.08553  379.37890  49.8%   136  182s
   168   157  399.85605   27   87  756.08553  379.37890  49.8%   135  186s
H  171   157                     753.1836448  379.37890  49.6%   133  186s
H  172   157                     752.1254757  379.37890  49.6%   133  186s
   190   180  402.17496   32   89  752.12548  379.37890  49.6%   132  192s
   204   188  402.63966   34   88  752.12548  379.37890  49.6%   128  198s
   212   199  403.03852   36   89  752.12548  379.37890  49.6%   129  201s
   243   220  437.59926   40   82  752.12548  379.37890  49.6%   127  209s
   250   235  437.64255   41   84  752.12548  379.37890  49.6%   126  213s
   268   249  437.72423   43   84  752.12548  379.37890  49.6%   121  217s
H  283   255                     748.8001840  379.37890  49.3%   119  296s
H  284   255                     715.7745314  379.37890  47.0%   119  296s
H  287   255                     694.7954509  379.37890  45.4%   119  296s
   289   268  437.81005   48   82  694.79545  379.37890  45.4%   119  301s
   302   284  437.88919   51   80  694.79545  379.37890  45.4%   123  306s
   320   304  438.11825   53   80  694.79545  379.37890  45.4%   122  313s
   342   327  438.26815   56   80  694.79545  379.37890  45.4%   122  318s
   366   350  438.55928   62   82  694.79545  379.37890  45.4%   120  323s
   390   372  438.97328   69   82  694.79545  379.37890  45.4%   118  329s
   414   392  439.38745   72   80  694.79545  379.37890  45.4%   118  337s
   437   413  439.47968   75   82  694.79545  379.37890  45.4%   121  346s
   460   430  439.91403   80   86  694.79545  379.37890  45.4%   124  355s
   482   441  472.56032   82   84  694.79545  379.37890  45.4%   132  362s
   500   465  472.74302   83   83  694.79545  379.37890  45.4%   136  369s
   530   482  478.10888   89   85  694.79545  379.37890  45.4%   136  377s
   556   504  484.41359   92   89  694.79545  379.37890  45.4%   137  384s
   582   518  485.89018   97   86  694.79545  379.37890  45.4%   136  391s
   605   539  494.59061  101   86  694.79545  379.37890  45.4%   138  399s
   632   559  503.76709  107   87  694.79545  379.37890  45.4%   140  407s
   668   590  504.32672  110   88  694.79545  379.37890  45.4%   139  416s
   706   618  507.44003  117   81  694.79545  379.37890  45.4%   140  426s
   742   651  508.56536  124   81  694.79545  379.37890  45.4%   140  434s
   780   678  509.59317  129   81  694.79545  379.37890  45.4%   139  469s
H  785   678                     689.2282586  379.37890  45.0%   139  469s
   812   729  515.91211  135   81  689.22826  379.37890  45.0%   139  479s
   878   771  565.86408  146   73  689.22826  379.37890  45.0%   136  489s
   923   838  565.98842  153   74  689.22826  379.37890  45.0%   135  500s
   996   898  566.30895  164   77  689.22826  379.37890  45.0%   129  511s
  1067   948  566.93313  175   78  689.22826  379.37890  45.0%   124  522s
  1129  1005  567.19488  184   71  689.22826  379.37890  45.0%   121  534s
  1196  1061  567.60407  197   74  689.22826  379.55057  44.9%   118  548s
  1264  1127  385.50669    5   97  689.22826  379.55057  44.9%   117  560s
  1343  1195  448.16630   20   64  689.22826  379.55057  44.9%   116  573s
  1429  1256  580.21202   41   42  689.22826  379.55057  44.9%   115  587s
  1527  1331  387.73606   11   85  689.22826  379.57718  44.9%   113  601s
H 1636  1302                     619.7655829  379.57718  38.8%   110  672s
  1642  1368  391.56857   35   81  619.76558  379.57718  38.8%   110  686s
  1712  1423  393.09038   53   83  619.76558  379.57718  38.8%   110  700s
  1770  1503  394.29758   68   87  619.76558  379.57718  38.8%   111  715s
  1857  1525  396.68412   94   84  619.76558  379.57718  38.8%   110  720s

Cutting planes:
  Learned: 1
  Gomory: 11
  MIR: 500
  RLT: 31

Explored 1881 nodes (215756 simplex iterations) in 720.20 seconds
Thread count was 12 (of 12 available processors)

Solution count 10: 619.766 689.228 694.795 ... 763.256

Time limit reached
Best objective 6.197655828822e+02, best bound 3.795771787285e+02, gap 38.7547%
