
Gurobi 9.1.0 (win64) logging started Fri Dec 18 20:34:35 2020

Changed value of parameter LogFile to log/S76D4_heu_global.log
   Prev:   Default: 
Gurobi Optimizer version 9.1.0 build v9.1.0rc0 (win64)
Thread count: 6 physical cores, 12 logical processors, using up to 12 threads
Optimize a model with 310035 rows, 156027 columns and 1225206 nonzeros
Model fingerprint: 0x85e50bbc
Variable types: 75 continuous, 155952 integer (155952 binary)
Coefficient statistics:
  Matrix range     [1e+00, 8e+01]
  Objective range  [2e+00, 9e+01]
  Bounds range     [1e+00, 1e+00]
  RHS range        [1e+00, 1e+03]
Presolve removed 158004 rows and 2025 columns
Presolve time: 1.32s
Presolved: 152031 rows, 154002 columns, 1061154 nonzeros
Variable types: 75 continuous, 153927 integer (153900 binary)
Found heuristic solution: objective 3630.8567885

Deterministic concurrent LP optimizer: primal and dual simplex
Showing first log only...

Concurrent spin time: 0.01s

Solved with dual simplex

Root relaxation: objective 4.855258e+02, 3070 iterations, 1.18 seconds

    Nodes    |    Current Node    |     Objective Bounds      |     Work
 Expl Unexpl |  Obj  Depth IntInf | Incumbent    BestBd   Gap | It/Node Time

     0     0  485.52580    0  153 3630.85679  485.52580  86.6%     -    4s
H    0     0                    3408.9508726  485.52580  85.8%     -   19s
     0     0  485.52580    0  150 3408.95087  485.52580  85.8%     -   20s
H    0     0                    2237.4672346  485.52580  78.3%     -   63s
     0     0  485.52580    0  150 2237.46723  485.52580  78.3%     -   64s
     0     0  485.52580    0  150 2237.46723  485.52580  78.3%     -   65s
H    0     0                    2026.4809866  485.52580  76.0%     -  103s
     0     0  485.52580    0  150 2026.48099  485.52580  76.0%     -  103s
     0     0  485.52580    0  150 2026.48099  485.52580  76.0%     -  105s
     0     0  485.52580    0  150 2026.48099  485.52580  76.0%     -  131s
     0     0  485.52580    0  156 2026.48099  485.52580  76.0%     -  133s
     0     0  485.52580    0  152 2026.48099  485.52580  76.0%     -  136s
     0     0  485.52580    0  152 2026.48099  485.52580  76.0%     -  140s
     0     2  485.52580    0  152 2026.48099  485.52580  76.0%     -  211s
     3     8  485.52580    2  150 2026.48099  485.52580  76.0%   274  218s
     7    14  485.52580    3  150 2026.48099  485.52580  76.0%   179  222s
    13    20  485.63273    4  150 2026.48099  485.52861  76.0%   138  229s
    19    26  485.64030    4  146 2026.48099  485.55080  76.0%   121  230s
H   31    36                    1528.6037105  485.55080  68.2%  85.5  304s
H   32    36                    1527.9692871  485.55080  68.2%  89.4  304s
H   33    36                    1454.0521047  485.55080  66.6%  91.9  304s
H   34    36                    1403.4497218  485.55080  65.4%  93.0  304s
    37    44  485.73901    6  148 1403.44972  485.55080  65.4%  92.4  307s
    47    49  489.74238    7  148 1403.44972  485.55080  65.4%  82.4  310s
H   64    62                    1255.7270975  485.55080  61.3%  89.1  315s
H   66    62                    1255.5115121  485.55080  61.3%  87.8  315s
    79    80  495.42163   11  147 1255.51151  485.55080  61.3%  85.8  321s
H  103   102                    1227.7171225  485.55080  60.5%  76.3  325s
H  106   102                    1223.5335661  485.55080  60.3%  75.1  325s
H  108   102                    1201.3272500  485.55080  59.6%  75.0  325s
H  110   102                    1200.6489828  485.55080  59.6%  74.0  326s
H  111   102                    1188.6494498  485.55080  59.2%  74.0  326s
H  113   102                    1166.0076061  485.55080  58.4%  73.0  326s
   129   119  495.73192   18  152 1166.00761  485.55080  58.4%  71.6  331s
H  140   125                    1149.4672840  485.55080  57.8%  70.4  333s
H  141   125                    1148.5809748  485.55080  57.7%  70.4  333s
H  142   125                    1125.0118516  485.55080  56.8%  71.0  333s
   147   135  495.74359   20  150 1125.01185  485.55080  56.8%  72.0  336s
H  173   150                    1116.3211950  485.55080  56.5%  68.4  343s
H  174   150                    1113.1836790  485.55080  56.4%  69.1  343s
H  176   150                    1097.2650499  485.55080  55.7%  68.6  343s
   179   162  495.90523   24  147 1097.26505  485.55080  55.7%  71.7  346s
   192   172  495.95685   25  157 1097.26505  485.55080  55.7%  72.9  351s
   213   187  520.08783   29  143 1097.26505  485.55080  55.7%  72.5  361s
   239   207  520.26796   30  129 1097.26505  485.55080  55.7%  72.5  370s
   245   217  518.59262   31  134 1097.26505  485.55080  55.7%  72.3  375s
H  273   232                     986.4956943  485.55080  50.8%  74.7  594s
H  275   232                     943.8158507  485.55080  48.6%  74.4  594s
H  276   232                     882.1157650  485.55080  45.0%  74.1  594s
   279   246  525.18794   36  129  882.11576  485.55080  45.0%  75.1  599s
   295   264  528.74071   37  126  882.11576  485.55080  45.0%  76.8  605s
   313   283  529.15148   40  122  882.11576  485.55080  45.0%  77.4  613s
   333   301  529.26157   42  124  882.11576  485.55080  45.0%  77.6  618s
   353   319  529.32990   43  120  882.11576  485.55080  45.0%  76.9  624s
   373   339  537.64125   46  122  882.11576  485.55080  45.0%  78.3  630s
   393   360  538.28722   49  125  882.11576  485.55080  45.0%  78.4  637s
   415   378  539.60838   54  121  882.11576  485.55080  45.0%  78.5  643s
   436   399  551.80003   56  118  882.11576  485.55080  45.0%  78.8  649s
   458   422  551.93293   59  109  882.11576  485.55080  45.0%  77.9  657s
   481   447  552.46498   63  112  882.11576  485.55080  45.0%  79.4  663s
   506   473  552.51900   65  121  882.11576  485.55080  45.0%  78.4  670s
   532   498  552.98062   69  115  882.11576  485.55080  45.0%  78.0  679s
   557   532  553.27218   74  115  882.11576  485.55080  45.0%  78.0  687s
   591   569  553.47631   77  111  882.11576  485.55080  45.0%  76.3  695s
   628   611  553.81026   81  108  882.11576  485.55080  45.0%  75.8  703s
   670   656  554.27929   86  109  882.11576  485.55080  45.0%  73.5  712s
   718   693  554.56646   95  108  882.11576  485.55080  45.0%  71.4  720s

Cutting planes:
  Learned: 1
  Gomory: 7
  MIR: 239
  RLT: 60

Explored 759 nodes (63926 simplex iterations) in 720.21 seconds
Thread count was 12 (of 12 available processors)

Solution count 10: 882.116 943.816 986.496 ... 1166.01

Time limit reached
Best objective 8.821157649970e+02, best bound 4.855507972417e+02, gap 44.9561%

Gurobi 9.1.0 (win64) logging started Sat Dec 19 01:17:44 2020

Changed value of parameter LogFile to log/S76D4_heu_global.log
   Prev:   Default: 
Gurobi Optimizer version 9.1.0 build v9.1.0rc0 (win64)
Thread count: 6 physical cores, 12 logical processors, using up to 12 threads
Optimize a model with 68955 rows, 34731 columns and 272268 nonzeros
Model fingerprint: 0x0af2f90f
Variable types: 75 continuous, 34656 integer (34656 binary)
Coefficient statistics:
  Matrix range     [1e+00, 1e+02]
  Objective range  [2e+00, 9e+01]
  Bounds range     [1e+00, 1e+00]
  RHS range        [1e+00, 1e+03]
Presolve removed 35112 rows and 450 columns
Presolve time: 0.21s
Presolved: 33843 rows, 34281 columns, 235812 nonzeros
Variable types: 75 continuous, 34206 integer (34200 binary)

Deterministic concurrent LP optimizer: primal and dual simplex
Showing first log only...

Concurrent spin time: 0.00s

Solved with dual simplex

Root relaxation: objective 4.855258e+02, 784 iterations, 0.11 seconds

    Nodes    |    Current Node    |     Objective Bounds      |     Work
 Expl Unexpl |  Obj  Depth IntInf | Incumbent    BestBd   Gap | It/Node Time

     0     0  485.52580    0  150          -  485.52580      -     -    0s
     0     0  485.52580    0  152          -  485.52580      -     -    4s
     0     0  485.52580    0  152          -  485.52580      -     -    6s
     0     0  485.52580    0  152          -  485.52580      -     -    7s
     0     0  485.57574    0  163          -  485.57574      -     -    9s
     0     0  493.69065    0  138          -  493.69065      -     -   10s
     0     0  494.79226    0  159          -  494.79226      -     -   10s
     0     0  494.79226    0  159          -  494.79226      -     -   10s
     0     0  494.79226    0  175          -  494.79226      -     -   11s
     0     0  495.26100    0  172          -  495.26100      -     -   14s
     0     0  495.26100    0  174          -  495.26100      -     -   14s
     0     0  495.42208    0  188          -  495.42208      -     -   15s
     0     0  508.03376    0  207          -  508.03376      -     -   15s
     0     0  508.96278    0  190          -  508.96278      -     -   15s
     0     0  508.96278    0  190          -  508.96278      -     -   15s
     0     0  519.85918    0  210          -  519.85918      -     -   16s
     0     0  519.85918    0  177          -  519.85918      -     -   18s
     0     0  523.74115    0  273          -  523.74115      -     -   19s
     0     0  523.74115    0  275          -  523.74115      -     -   19s
     0     0  531.02743    0  240          -  531.02743      -     -   19s
     0     0  532.39416    0  212          -  532.39416      -     -   20s
     0     0  532.39416    0  200          -  532.39416      -     -   20s
     0     0  532.39766    0  222          -  532.39766      -     -   20s
     0     0  532.39766    0  201          -  532.39766      -     -   22s
     0     0  533.26388    0  215          -  533.26388      -     -   22s
     0     0  533.26388    0  221          -  533.26388      -     -   23s
     0     0  534.04603    0  243          -  534.04603      -     -   24s
     0     0  534.04603    0  243          -  534.04603      -     -   24s
     0     0  534.04603    0  232          -  534.04603      -     -   24s
     0     0  534.04603    0  236          -  534.04603      -     -   24s
     0     0  534.43710    0  148          -  534.43710      -     -   25s
     0     0  534.43710    0  173          -  534.43710      -     -   29s
     0     0  534.43710    0  218          -  534.43710      -     -   29s
     0     0  534.43710    0  200          -  534.43710      -     -   30s
     0     0  534.45416    0  172          -  534.45416      -     -   31s
H    0     0                    4112.6785635  534.45416  87.0%     -   31s
     0     0  534.45416    0  124 4112.67856  534.45416  87.0%     -   33s
H    0     0                    1150.8816547  537.22618  53.3%     -   51s
     0     2  537.22618    0  123 1150.88165  537.22618  53.3%     -   53s
     1     4  537.22618    1  120 1150.88165  537.22618  53.3%   606   55s
    31    39  537.22618    6  230 1150.88165  537.22618  53.3%   219   60s
H   32    39                    1140.3947148  537.22618  52.9%   213   60s
H   33    39                    1116.9358874  537.22618  51.9%   212   60s
H   37    39                    1110.1569146  537.22618  51.6%   207   60s
H   66    73                    1097.4085577  537.22618  51.0%   177   66s
H   68    73                    1081.8429699  537.22618  50.3%   180   66s
H   69    73                    1080.1273616  537.22618  50.3%   180   66s
H   71    73                    1067.9109620  537.22618  49.7%   177   66s
   147   161  538.82466   26  193 1067.91096  537.22618  49.7%   164   70s
   262   273  552.62106   45  153 1067.91096  537.22618  49.7%   166   75s
H  305   303                     805.6504160  537.22618  33.3%   160   98s
   331   350  559.92489   57  166  805.65042  537.22618  33.3%   164  100s
   392   408  560.82915   73  190  805.65042  537.22618  33.3%   151  115s
H  397   408                     780.9435108  537.22618  31.2%   150  115s
H  504   508                     779.5164587  537.22618  31.1%   131  122s
H  505   508                     774.6341169  537.22618  30.6%   130  122s
H  506   508                     766.4098076  537.22618  29.9%   131  122s
   610   640  563.01640  134  177  766.40981  537.22618  29.9%   119  125s
   794   828  638.76646  167  120  766.40981  537.22618  29.9%   109  130s
   950   981  640.12875  203  169  766.40981  537.22618  29.9%   103  135s
  1108  1158 infeasible  223       766.40981  537.22618  29.9%   100  140s
  1323  1358  696.54048  267  116  766.40981  537.22618  29.9%  94.3  145s
  1564  1611  705.42390  314  126  766.40981  537.22618  29.9%  90.7  151s
  1763  1799  709.41664  364  142  766.40981  537.22618  29.9%  86.7  155s
  1981  2024  715.44616  417  126  766.40981  537.22618  29.9%  83.6  160s
  2236  2289  724.67753  475  126  766.40981  537.22618  29.9%  81.3  166s
  2529  2558  734.32766  543  152  766.40981  537.22618  29.9%  78.8  172s
  2688  2719  736.49588  579  156  766.40981  537.22618  29.9%  77.1  175s
  3080  3112  544.41581   60  149  766.40981  537.22618  29.9%  73.2  181s
H 3295  3282                     764.6999263  537.22618  29.7%  71.3  184s
H 3434  3281                     762.8286216  537.22618  29.6%  70.4  184s
  3471  3282  698.40858  437  124  762.82862  537.22618  29.6%  70.4  186s
  3473  3283  736.05909  568  151  762.82862  537.22618  29.6%  70.4  191s
  3474  3284  686.56561  523  150  762.82862  537.22618  29.6%  70.4  199s
  3476  3285  567.22094  245  173  762.82862  537.22618  29.6%  70.3  200s
  3483  3290  545.13452   82  153  762.82862  537.22618  29.6%  70.2  205s
H 3484  3126                     755.0314487  537.22618  28.8%  70.2  210s
  3489  3129  706.39198  290  170  755.03145  537.22618  28.8%  70.1  217s
  3491  3130  564.14877  174  170  755.03145  537.22618  28.8%  70.0  231s
  3492  3134  537.22618   13  300  755.03145  537.22618  28.8%  74.9  246s
  3494  3137  537.22618   14  243  755.03145  537.22618  28.8%  75.0  257s
  3498  3142  537.74182   15  211  755.03145  537.22618  28.8%  75.3  260s
H 3522  3001                     746.6752680  537.22618  28.1%  76.3  291s
H 3524  2851                     743.5604807  537.22618  27.7%  76.5  291s
  3559  2884  539.92364   21  169  743.56048  537.22618  27.7%  77.7  295s
H 3604  2764                     728.1264700  537.22618  26.2%  78.4  308s
  3628  2791  540.19677   25  153  728.12647  537.22618  26.2%  78.9  310s
H 3645  2658                     727.0058601  537.22618  26.1%  79.1  334s
H 3648  2529                     725.2917198  537.22618  25.9%  79.1  334s
  3652  2550  541.69201   27  268  725.29172  537.22618  25.9%  79.3  336s
  3744  2612  540.25919   31  127  725.29172  537.22618  25.9%  79.8  340s
  3843  2682  540.37435   36  132  725.29172  537.22618  25.9%  81.1  345s
  3937  2738  549.10881   39  136  725.29172  537.22618  25.9%  82.0  374s
H 3941  2615                     712.6006078  537.22618  24.6%  82.0  374s
  3966  2633  540.64531   42  203  712.60061  537.22618  24.6%  82.3  376s
  4053  2712  540.70447   48  190  712.60061  537.22618  24.6%  84.9  381s
  4156  2787  540.76928   54  163  712.60061  537.22618  24.6%  85.5  385s
  4319  2874  540.84926   63  187  712.60061  537.22618  24.6%  86.7  391s
  4414  2947  541.23204   71   89  712.60061  537.22618  24.6%  88.0  396s
  4528  3023  541.46332   80  131  712.60061  537.22618  24.6%  89.0  401s
  4654  3117 infeasible   89       712.60061  537.22618  24.6%  89.8  406s
  4807  3221  542.51794   99  135  712.60061  537.22618  24.6%  91.0  412s
  4891  3281  552.95876  105  128  712.60061  537.22618  24.6%  91.5  415s
H 5102  3228                     711.5585803  537.22618  24.5%  91.7  434s
H 5117  3114                     705.3760199  537.22618  23.8%  92.1  434s
  5120  3222  553.77758  125   79  705.37602  537.22618  23.8%  92.1  437s
  5234  3274  544.11502  133  127  705.37602  537.22618  23.8%  92.2  440s
  5462  3449  544.64430  143   93  705.37602  537.22618  23.8%  92.6  448s
  5611  3536  562.67682  149  119  705.37602  537.22618  23.8%  92.7  453s
  5764  3594  576.89155  157   91  705.37602  537.22618  23.8%  92.7  458s
H 5912  3391                     683.4724946  537.22618  21.4%  92.8  482s
  5919  3514  563.49981  164   83  683.47249  537.22618  21.4%  92.9  486s
  6080  3584  545.51166  171  130  683.47249  537.22618  21.4%  93.1  490s
  6221  3652  545.70374  179  110  683.47249  537.22618  21.4%  93.5  495s
  6506  3838  546.94347  194  142  683.47249  537.22618  21.4%  94.6  504s
  6682  3918  547.40964  202   89  683.47249  537.22618  21.4%  94.3  509s
  6843  3984  548.07312  210   96  683.47249  537.22618  21.4%  94.2  515s
  6972  4141  548.93334  220  125  683.47249  537.22618  21.4%  94.5  521s
  7196  4233  549.66356  234  112  683.47249  537.22618  21.4%  94.0  527s
  7397  4324  574.33007  245  106  683.47249  537.22618  21.4%  94.1  533s
  7556  4468  550.65237  255  152  683.47249  537.22618  21.4%  94.8  538s
  7756  4608  580.17611  266  124  683.47249  537.22618  21.4%  94.9  545s
  7986  4751  551.21748  280  112  683.47249  537.22618  21.4%  94.8  551s
  8234  4882  592.33639  296  132  683.47249  537.22618  21.4%  94.9  558s
  8470  5061 infeasible  312       683.47249  537.22618  21.4%  94.8  565s
  8740  5215  554.05221  327  158  683.47249  537.22618  21.4%  94.3  572s
  9005  5334  590.67525  345   96  683.47249  537.22618  21.4%  94.0  580s
  9219  5580  556.54396  353  115  683.47249  537.22618  21.4%  93.7  588s
  9550  5859  557.78283  369  127  683.47249  537.22618  21.4%  92.7  597s
  9901  6217  558.66388  383  155  683.47249  537.22618  21.4%  91.4  606s
 10271  6657  559.52149  397  154  683.47249  537.22618  21.4%  90.3  616s
 10721  7102  560.17131  414  146  683.47249  537.22618  21.4%  88.7  626s
 11191  7483  561.28504  431  143  683.47249  537.22618  21.4%  87.1  637s
 11625  7903  562.37932  448  126  683.47249  537.22618  21.4%  86.5  647s
 12126  8170  563.83474  467  151  683.47249  537.22618  21.4%  86.3  657s
 12440  8404  564.52962  488  160  683.47249  537.22618  21.4%  88.2  667s
 12708  8907  565.88103  510  141  683.47249  537.22618  21.4%  90.4  685s
 13283  9272  682.15514  573   77  683.47249  537.22618  21.4%  91.8  697s
 13740  9611  575.14308   73  104  683.47249  537.22618  21.4%  92.1  708s
 14143  9954  564.71216   61  133  683.47249  537.22618  21.4%  92.9  719s
 14545  9972  572.27490  165  127  683.47249  537.22618  21.4%  93.6  720s

Cutting planes:
  Gomory: 72
  MIR: 316
  Flow cover: 107
  Zero half: 50
  RLT: 243

Explored 14569 nodes (1374192 simplex iterations) in 720.05 seconds
Thread count was 12 (of 12 available processors)

Solution count 10: 683.472 705.376 711.559 ... 755.031

Time limit reached
Best objective 6.834724946406e+02, best bound 5.372261752204e+02, gap 21.3975%

Gurobi 9.1.0 (win64) logging started Sat Dec 19 01:29:47 2020

Changed value of parameter LogFile to log/S76D4_heu_global.log
   Prev:   Default: 
Gurobi Optimizer version 9.1.0 build v9.1.0rc0 (win64)
Thread count: 6 physical cores, 12 logical processors, using up to 12 threads
Optimize a model with 34515 rows, 17403 columns and 136134 nonzeros
Model fingerprint: 0x94195318
Variable types: 75 continuous, 17328 integer (17328 binary)
Coefficient statistics:
  Matrix range     [1e+00, 1e+02]
  Objective range  [2e+00, 9e+01]
  Bounds range     [1e+00, 1e+00]
  RHS range        [1e+00, 1e+03]
Presolve removed 17556 rows and 225 columns
Presolve time: 0.10s
Presolved: 16959 rows, 17178 columns, 117906 nonzeros
Variable types: 75 continuous, 17103 integer (17100 binary)

Deterministic concurrent LP optimizer: primal and dual simplex
Showing first log only...

Concurrent spin time: 0.00s

Solved with dual simplex

Root relaxation: objective 4.855258e+02, 500 iterations, 0.04 seconds

    Nodes    |    Current Node    |     Objective Bounds      |     Work
 Expl Unexpl |  Obj  Depth IntInf | Incumbent    BestBd   Gap | It/Node Time

     0     0  485.52580    0  150          -  485.52580      -     -    0s
     0     0  485.52580    0  150          -  485.52580      -     -    1s
     0     0  493.65488    0  199          -  493.65488      -     -    2s
     0     0  508.09870    0  169          -  508.09870      -     -    3s
     0     0  509.83040    0  160          -  509.83040      -     -    3s
     0     0  509.83040    0  158          -  509.83040      -     -    3s
     0     0  513.93326    0  200          -  513.93326      -     -    3s
     0     0  514.02792    0  188          -  514.02792      -     -    4s
     0     0  514.09560    0  200          -  514.09560      -     -    4s
     0     0  514.09560    0  207          -  514.09560      -     -    4s
     0     0  514.62491    0  191          -  514.62491      -     -    4s
     0     0  515.99986    0  181          -  515.99986      -     -    4s
     0     0  515.99986    0  175          -  515.99986      -     -    4s
     0     0  522.94892    0  251          -  522.94892      -     -    4s
     0     0  522.94892    0  225          -  522.94892      -     -    5s
     0     0  525.70178    0  226          -  525.70178      -     -    5s
     0     0  525.70178    0  200          -  525.70178      -     -    7s
     0     0  525.70178    0  201          -  525.70178      -     -    7s
     0     0  525.70178    0  196          -  525.70178      -     -    7s
     0     0  525.70178    0  152          -  525.70178      -     -    7s
     0     0  525.70178    0  185          -  525.70178      -     -    9s
     0     0  525.70178    0  166          -  525.70178      -     -    9s
     0     0  525.70178    0  201          -  525.70178      -     -    9s
     0     0  525.70178    0  150          -  525.70178      -     -   10s
     0     0  525.70178    0  150          -  525.70178      -     -   11s
     0     2  527.99908    0  150          -  527.99908      -     -   15s
   202   214  528.02357   27  111          -  527.99908      -  92.0   20s
   761   759  565.37155   97   70          -  527.99908      -  79.9   25s
  1820  1592  527.99908    5  176          -  527.99908      -  59.9   30s
* 2294  1891             253    1089.7995772  527.99908  51.6%  56.0   32s
* 2295  1891             252    1078.8736447  527.99908  51.1%  56.0   32s
H 2306  1870                    1051.4751670  527.99908  49.8%  55.9   42s
H 2309  1829                     970.9182908  527.99908  45.6%  55.9   42s
H 2374  1792                     952.8296086  527.99908  44.6%  56.7   45s
H 2374  1703                     949.3666300  527.99908  44.4%  56.7   46s
H 2376  1618                     903.1652022  527.99908  41.5%  56.6   49s
  2377  1619  747.30441  162  165  903.16520  527.99908  41.5%  56.6   50s
H 2381  1540                     892.6063548  527.99908  40.8%  56.5   52s
  2386  1544  536.67167   34  224  892.60635  536.67167  39.9%  56.4   55s
  2392  1548  542.34650   46  199  892.60635  536.97270  39.8%  56.3   60s
H 2397  1473                     883.4235901  537.09592  39.2%  56.1   68s
  2400  1475  537.09592   16  240  883.42359  537.09592  39.2%  56.1   70s
  2404  1478  537.09592    7  230  883.42359  537.09592  39.2%  56.0   77s
H 2404  1406                     871.1254317  537.09592  38.3%  63.2   82s
  2407  1411  537.09592   16  183  871.12543  537.09592  38.3%  63.5   86s
  2435  1428  537.30484   19  135  871.12543  537.20314  38.3%  65.7   94s
H 2437  1357                     871.1254225  537.20314  38.3%  65.8   94s
H 2437  1290                     860.8020926  537.20314  37.6%  65.8   94s
  2441  1299  537.30484   20  129  860.80209  537.20314  37.6%  66.1   95s
H 2505  1272                     809.2660821  537.30484  33.6%  67.6  104s
  2518  1287  538.17813   27  110  809.26608  537.30484  33.6%  67.8  105s
  2802  1493  544.38592   45  100  809.26608  537.30484  33.6%  73.9  110s
  3190  1750  555.19657   73  101  809.26608  537.30484  33.6%  76.1  115s
  3289  1768  555.40171   80  107  809.26608  537.30484  33.6%  76.6  120s
H 3291  1706                     806.8071388  537.30484  33.4%  76.5  120s
H 3292  1649                     799.7644376  537.30484  32.8%  76.6  120s
  3529  1867  555.96343   97  107  799.76444  537.30484  32.8%  78.1  125s
  3952  2131  557.79874  122   85  799.76444  537.30484  32.8%  77.4  130s
  4329  2285  559.61247  146  124  799.76444  537.30484  32.8%  77.3  143s
H 4333  2227                     794.0915389  537.30484  32.3%  77.3  143s
  4343  2229  578.74964  146   93  794.09154  537.30484  32.3%  77.4  150s
H 4345  2177                     794.0913561  537.30484  32.3%  77.4  150s
  4758  2573  560.52453  167  109  794.09136  537.30484  32.3%  75.8  156s
  5020  2776  565.49870  180   99  794.09136  537.30484  32.3%  75.0  161s
  5522  3174  570.05164  214  129  794.09136  537.30484  32.3%  73.7  166s
  5892  3450  571.75553  228  125  794.09136  537.30484  32.3%  72.7  172s
  6260  3991  673.53311  261   99  794.09136  537.30484  32.3%  71.9  176s
  6796  4416  676.49146  296   94  794.09136  537.30484  32.3%  70.9  180s
  7563  5098  681.14989  358  102  794.09136  537.30484  32.3%  71.3  187s
  7817  5347  681.81820  373  112  794.09136  537.30484  32.3%  71.1  191s
  8375  5916  683.95597  413  112  794.09136  537.30484  32.3%  70.7  196s
  8726  5958  734.60149  431   84  794.09136  537.30484  32.3%  70.1  200s
H 8737  5958                     793.3194935  537.30484  32.3%  70.1  200s
H 9078  6190                     784.0321490  537.30484  31.5%  69.4  213s
H 9080  6183                     778.8533510  537.30484  31.0%  69.4  213s
  9112  6468  748.91138  453   60  778.85335  537.30484  31.0%  69.4  216s
  9741  7163  688.07175  496  112  778.85335  537.30484  31.0%  69.6  226s
 10153  7437  690.20673  522  107  778.85335  537.30484  31.0%  69.4  230s
H10292  7437                     778.8531577  537.30484  31.0%  69.7  230s
H10329  7417                     774.4688064  537.30484  30.6%  69.6  230s
 10996  8047  695.27310  568   97  774.46881  537.30484  30.6%  68.6  238s
H11024  8022                     770.7421599  537.30484  30.3%  68.7  238s
 11143  8540  695.85150  574  100  770.74216  537.30484  30.3%  68.6  242s
 11692  9060  702.51318  609  106  770.74216  537.30484  30.3%  68.2  249s
H11879  9060                     770.7421409  537.30484  30.3%  68.1  249s
 12242  9668  708.86027  646  111  770.74214  537.30484  30.3%  67.6  253s
 12947 10465  747.68336  711   86  770.74214  537.46683  30.3%  66.2  260s
H13869 11011                     770.1360018  537.46683  30.2%  64.7  264s
 14361 11068  623.14162  225  136  770.13600  537.46683  30.2%  63.8  268s
H14405 11038                     768.2077870  537.46683  30.0%  63.8  268s
 14418 11564  632.11245  241  117  768.20779  537.46683  30.0%  63.8  271s
 14980 12042  719.99840  342  150  768.20779  537.63551  30.0%  63.1  275s
 15940 12755  567.79371   98  110  768.20779  537.63551  30.0%  62.7  283s
 16219 13448  571.43336  117  120  768.20779  537.63551  30.0%  62.6  287s
 16920 13678  587.22825  297  157  768.20779  537.63551  30.0%  61.7  292s
 17172 14311  592.47710  391  145  768.20779  537.63551  30.0%  61.4  296s
 17806 14882  621.51263  614  129  768.20779  537.63551  30.0%  61.0  300s
 19277 16667  742.07004  994  131  768.20779  537.69065  30.0%  59.9  309s
 20274 16678  545.53616   32  177  768.20779  537.69065  30.0%  58.5  325s
H20281 16631                     766.5070149  537.69065  29.9%  58.5  325s
 21211 17552  609.27003  253  117  766.50701  537.69065  29.9%  57.2  330s
 21834 18654  636.86740  236  115  766.50701  537.69065  29.9%  57.2  339s
 22412 19182  654.70642  340  147  766.50701  537.69065  29.9%  57.0  342s
 22965 19341  685.80693  441  135  766.50701  537.69065  29.9%  57.1  347s
H23109 19286                     764.6215859  537.69065  29.7%  56.9  347s
 23124 19871  703.45561  521  108  764.62159  538.02336  29.6%  57.0  351s
 23764 20396  541.36614   31  266  764.62159  538.07282  29.6%  56.9  355s
 24913 21347  559.93741  170  120  764.62159  538.07282  29.6%  56.6  368s
 25246 21518  563.41546  186  189  764.62159  538.07282  29.6%  56.4  373s
 25418 22081  570.49059  209  163  764.62159  538.07282  29.6%  56.5  377s
 25999 22082  571.88312  378  150  764.62159  538.07282  29.6%  56.4  449s
 26001 22083  558.31145  180  150  764.62159  538.07282  29.6%  56.4  452s
 26002 22084  729.61815  905  152  764.62159  538.07282  29.6%  56.4  458s
 26010 22089  582.43683  289  280  764.62159  538.07282  29.6%  56.4  460s
H26010 20984                     758.6346305  538.07282  29.1%  56.4  460s
 26014 20987  599.80380  389  222  758.63463  538.07282  29.1%  56.4  465s
 26018 20990  657.13450  532  150  758.63463  538.07282  29.1%  56.4  471s
 26020 20991  539.88815   22  150  758.63463  538.07282  29.1%  56.4  476s
 26022 20992  580.84309  323  150  758.63463  538.07282  29.1%  56.4  480s
 26025 20994  683.39829  538  150  758.63463  538.07282  29.1%  56.4  494s
 26026 20998  538.07282   29  150  758.63463  538.07282  29.1%  56.7  515s
 26028 21001  538.07282   30  179  758.63463  538.07282  29.1%  56.7  523s
 26032 21006  538.07282   31  175  758.63463  538.07282  29.1%  56.7  532s
 26038 21010  538.07282   32  270  758.63463  538.07282  29.1%  56.8  538s
 26044 21013  538.07282   32  266  758.63463  538.07282  29.1%  56.8  541s
 26056 21021  538.07282   33  175  758.63463  538.07282  29.1%  57.0  559s
H26058 19970                     758.6343630  538.07282  29.1%  57.0  559s
H26061 18971                     749.1100311  538.07282  28.2%  57.0  559s
 26062 18982  538.07282   34  173  749.11003  538.07282  28.2%  57.0  561s
 26086 18999  540.00371   36  284  749.11003  538.07282  28.2%  57.2  566s
H26093 18049                     732.1266348  538.07282  26.5%  57.2  566s
 26130 18073  540.44986   39  245  732.12663  538.07282  26.5%  57.4  573s
H26134 17172                     732.1266328  538.07282  26.5%  57.4  573s
 26157 17208  540.83880   42  204  732.12663  538.07282  26.5%  57.5  575s
 26211 17226  541.18584   46  114  732.12663  538.07282  26.5%  57.7  586s
H26213 16370                     732.1266297  538.07282  26.5%  57.7  586s
H26216 15557                     717.7015164  538.07282  25.0%  57.7  586s
 26282 15626  542.44607   49  164  717.70152  538.07282  25.0%  57.8  590s
 26441 15740  548.79645   61  140  717.70152  538.07282  25.0%  58.1  595s
 26623 15864  546.50202   70  145  717.70152  538.07282  25.0%  58.3  600s
 26852 16020  547.18108   85  138  717.70152  538.07282  25.0%  58.8  606s
 27031 16165  549.57236   95  122  717.70152  538.07282  25.0%  59.0  611s
 27185 16243  549.76087  105  131  717.70152  538.07282  25.0%  59.3  615s
 27399 16385  556.98326  119  110  717.70152  538.07282  25.0%  59.7  620s
 27647 16561  551.33372  139  110  717.70152  538.07282  25.0%  60.2  626s
 27829 16680  552.79801  152  131  717.70152  538.07282  25.0%  60.6  630s
 28037 16808  554.28058  168  127  717.70152  538.07282  25.0%  61.0  635s
 28135 16799  555.63327  177  126  717.70152  538.07282  25.0%  61.2  641s
H28145 16024                     712.1383005  538.07282  24.4%  61.3  641s
 28291 16242  557.23416  187   92  712.13830  538.07282  24.4%  61.5  646s
 28622 16490  564.99725  201  131  712.13830  538.07282  24.4%  62.0  651s
 28989 16546  562.19778  217  107  712.13830  538.07282  24.4%  62.3  664s
H28990 15813                     711.3327755  538.07282  24.4%  62.3  664s
H28993 15113                     694.4088226  538.07282  22.5%  62.3  664s
 28995 15273  561.21386  218   99  694.40882  538.07282  22.5%  62.3  666s
 29367 15488  563.71420  238   91  694.40882  538.07282  22.5%  62.9  672s
 29534 15566  565.69139  247  109  694.40882  538.07282  22.5%  63.3  675s
 29865 15634  568.08744  269   98  694.40882  538.07282  22.5%  64.0  694s
H29866 14972                     694.4088178  538.07282  22.5%  64.0  694s
H29869 14342                     693.6032976  538.07282  22.4%  64.0  694s
 29871 14531  615.61050  269  104  693.60330  538.07282  22.4%  64.0  703s
 30092 14705  568.94722  280   91  693.60330  538.07282  22.4%  64.4  706s
 30353 14902  570.58693  296  118  693.60330  538.07282  22.4%  64.7  710s
 30969 15309  572.52191  327  121  693.60330  538.07282  22.4%  65.2  718s
 31291 15238  574.16838  344  112  693.60330  538.07282  22.4%  65.4  720s
H31294 14640                     693.6032940  538.07282  22.4%  65.4  720s
H31312 14066                     693.6031784  538.07282  22.4%  65.4  720s

Cutting planes:
  Gomory: 69
  MIR: 47
  Flow cover: 120
  Zero half: 65
  RLT: 221

Explored 31327 nodes (2058998 simplex iterations) in 720.08 seconds
Thread count was 12 (of 12 available processors)

Solution count 10: 693.603 694.409 711.333 ... 766.507

Time limit reached
Best objective 6.936031783928e+02, best bound 5.380728225854e+02, gap 22.4235%

Gurobi 9.1.0 (win64) logging started Sat Dec 19 01:41:49 2020

Changed value of parameter LogFile to log/S76D4_heu_global.log
   Prev:   Default: 
Gurobi Optimizer version 9.1.0 build v9.1.0rc0 (win64)
Thread count: 6 physical cores, 12 logical processors, using up to 12 threads
Optimize a model with 23035 rows, 11627 columns and 90756 nonzeros
Model fingerprint: 0xeeffb589
Variable types: 75 continuous, 11552 integer (11552 binary)
Coefficient statistics:
  Matrix range     [1e+00, 1e+02]
  Objective range  [2e+00, 9e+01]
  Bounds range     [1e+00, 1e+00]
  RHS range        [1e+00, 1e+03]
Presolve removed 11704 rows and 150 columns
Presolve time: 0.08s
Presolved: 11331 rows, 11477 columns, 78604 nonzeros
Variable types: 75 continuous, 11402 integer (11400 binary)

Root relaxation: infeasible, 138 iterations, 0.01 seconds

    Nodes    |    Current Node    |     Objective Bounds      |     Work
 Expl Unexpl |  Obj  Depth IntInf | Incumbent    BestBd   Gap | It/Node Time

     0     0 infeasible    0               - infeasible      -     -    0s

Explored 0 nodes (138 simplex iterations) in 0.16 seconds
Thread count was 12 (of 12 available processors)

Solution count 0

Model is infeasible
Best objective -, best bound -, gap -
